Using pre-set license
Built from '2021.3/staging' branch; Version is '2021.3.9f1 (ad3870b89536) revision 11352176'; Using compiler version '192829333'; Build Type 'Release'
OS: 'Windows 10  (10.0.19045) 64bit Core' Language: 'es' Physical Memory: 16180 MB
BatchMode: 1, IsHumanControllingUs: 0, StartBugReporterOnCrash: 0, Is64bit: 1, IsPro: 1

COMMAND LINE ARGUMENTS:
C:\Program Files\Unity\Hub\Editor\2021.3.9f1\Editor\Unity.exe
-adb2
-batchMode
-noUpm
-name
AssetImportWorker2
-projectPath
C:/Users/usuario/Documents/GitHub/TallerCochesVR
-logFile
Logs/AssetImportWorker2.log
-srvPort
59050
Successfully changed project path to: C:/Users/usuario/Documents/GitHub/TallerCochesVR
C:/Users/usuario/Documents/GitHub/TallerCochesVR
[UnityMemory] Configuration Parameters - Can be set up in boot.config
    "memorysetup-bucket-allocator-granularity=16"
    "memorysetup-bucket-allocator-bucket-count=8"
    "memorysetup-bucket-allocator-block-size=33554432"
    "memorysetup-bucket-allocator-block-count=8"
    "memorysetup-main-allocator-block-size=16777216"
    "memorysetup-thread-allocator-block-size=16777216"
    "memorysetup-gfx-main-allocator-block-size=16777216"
    "memorysetup-gfx-thread-allocator-block-size=16777216"
    "memorysetup-cache-allocator-block-size=4194304"
    "memorysetup-typetree-allocator-block-size=2097152"
    "memorysetup-profiler-bucket-allocator-granularity=16"
    "memorysetup-profiler-bucket-allocator-bucket-count=8"
    "memorysetup-profiler-bucket-allocator-block-size=33554432"
    "memorysetup-profiler-bucket-allocator-block-count=8"
    "memorysetup-profiler-allocator-block-size=16777216"
    "memorysetup-profiler-editor-allocator-block-size=1048576"
    "memorysetup-temp-allocator-size-main=16777216"
    "memorysetup-job-temp-allocator-block-size=2097152"
    "memorysetup-job-temp-allocator-block-size-background=1048576"
    "memorysetup-job-temp-allocator-reduction-small-platforms=262144"
    "memorysetup-temp-allocator-size-background-worker=32768"
    "memorysetup-temp-allocator-size-job-worker=262144"
    "memorysetup-temp-allocator-size-preload-manager=33554432"
    "memorysetup-temp-allocator-size-nav-mesh-worker=65536"
    "memorysetup-temp-allocator-size-audio-worker=65536"
    "memorysetup-temp-allocator-size-cloud-worker=32768"
    "memorysetup-temp-allocator-size-gi-baking-worker=262144"
    "memorysetup-temp-allocator-size-gfx=262144"
Refreshing native plugins compatible for Editor in 90.18 ms, found 3 plugins.
Preloading 0 native plugins for Editor in 0.00 ms.
Initialize engine version: 2021.3.9f1 (ad3870b89536)
[Subsystems] Discovering subsystems at path C:/Program Files/Unity/Hub/Editor/2021.3.9f1/Editor/Data/Resources/UnitySubsystems
[Subsystems] Discovering subsystems at path C:/Users/usuario/Documents/GitHub/TallerCochesVR/Assets
GfxDevice: creating device client; threaded=0; jobified=0
Direct3D:
    Version:  Direct3D 11.0 [level 11.1]
    Renderer: NVIDIA GeForce RTX 3060 (ID=0x2504)
    Vendor:   NVIDIA
    VRAM:     12129 MB
    Driver:   31.0.15.3623
Initialize mono
Mono path[0] = 'C:/Program Files/Unity/Hub/Editor/2021.3.9f1/Editor/Data/Managed'
Mono path[1] = 'C:/Program Files/Unity/Hub/Editor/2021.3.9f1/Editor/Data/MonoBleedingEdge/lib/mono/unityjit-win32'
Mono config path = 'C:/Program Files/Unity/Hub/Editor/2021.3.9f1/Editor/Data/MonoBleedingEdge/etc'
Using monoOptions --debugger-agent=transport=dt_socket,embedding=1,server=y,suspend=n,address=127.0.0.1:56216
Begin MonoManager ReloadAssembly
Registering precompiled unity dll's ...
Register platform support module: C:/Program Files/Unity/Hub/Editor/2021.3.9f1/Editor/Data/PlaybackEngines/AndroidPlayer/UnityEditor.Android.Extensions.dll
Register platform support module: C:/Program Files/Unity/Hub/Editor/2021.3.9f1/Editor/Data/PlaybackEngines/WindowsStandaloneSupport/UnityEditor.WindowsStandalone.Extensions.dll
Registered in 0.008403 seconds.
Native extension for WindowsStandalone target not found
Native extension for Android target not found
Refreshing native plugins compatible for Editor in 88.20 ms, found 3 plugins.
Preloading 0 native plugins for Editor in 0.00 ms.
Mono: successfully reloaded assembly
- Completed reload, in  0.860 seconds
Domain Reload Profiling:
	ReloadAssembly (861ms)
		BeginReloadAssembly (64ms)
			ExecutionOrderSort (0ms)
			DisableScriptedObjects (0ms)
			BackupInstance (0ms)
			ReleaseScriptingObjects (0ms)
			CreateAndSetChildDomain (1ms)
		EndReloadAssembly (567ms)
			LoadAssemblies (61ms)
			RebuildTransferFunctionScriptingTraits (0ms)
			SetupTypeCache (238ms)
			ReleaseScriptCaches (0ms)
			RebuildScriptCaches (20ms)
			SetupLoadedEditorAssemblies (263ms)
				LogAssemblyErrors (0ms)
				InitializePlatformSupportModulesInManaged (51ms)
				SetLoadedEditorAssemblies (0ms)
				RefreshPlugins (88ms)
				BeforeProcessingInitializeOnLoad (1ms)
				ProcessInitializeOnLoadAttributes (80ms)
				ProcessInitializeOnLoadMethodAttributes (43ms)
				AfterProcessingInitializeOnLoad (0ms)
				EditorAssembliesLoaded (0ms)
			ExecutionOrderSort2 (0ms)
			AwakeInstancesAfterBackupRestoration (0ms)
Platform modules already initialized, skipping
Registering precompiled user dll's ...
Registered in 0.008111 seconds.
Begin MonoManager ReloadAssembly
Symbol file LoadedFromMemory doesn't match image C:\Users\usuario\Documents\GitHub\TallerCochesVR\Library\PackageCache\com.unity.visualscripting@1.7.8\Editor\VisualScripting.Core\Dependencies\YamlDotNet\Unity.VisualScripting.YamlDotNet.dll
Symbol file LoadedFromMemory doesn't match image C:\Users\usuario\Documents\GitHub\TallerCochesVR\Library\PackageCache\com.unity.visualscripting@1.7.8\Editor\VisualScripting.Core\Dependencies\DotNetZip\Unity.VisualScripting.IonicZip.dll
Native extension for WindowsStandalone target not found
Native extension for Android target not found
Refreshing native plugins compatible for Editor in 90.17 ms, found 3 plugins.
Preloading 0 native plugins for Editor in 0.00 ms.
Mono: successfully reloaded assembly
- Completed reload, in  1.319 seconds
Domain Reload Profiling:
	ReloadAssembly (1320ms)
		BeginReloadAssembly (209ms)
			ExecutionOrderSort (0ms)
			DisableScriptedObjects (7ms)
			BackupInstance (0ms)
			ReleaseScriptingObjects (1ms)
			CreateAndSetChildDomain (123ms)
		EndReloadAssembly (1007ms)
			LoadAssemblies (85ms)
			RebuildTransferFunctionScriptingTraits (0ms)
			SetupTypeCache (232ms)
			ReleaseScriptCaches (1ms)
			RebuildScriptCaches (49ms)
			SetupLoadedEditorAssemblies (605ms)
				LogAssemblyErrors (0ms)
				InitializePlatformSupportModulesInManaged (13ms)
				SetLoadedEditorAssemblies (0ms)
				RefreshPlugins (90ms)
				BeforeProcessingInitializeOnLoad (103ms)
				ProcessInitializeOnLoadAttributes (318ms)
				ProcessInitializeOnLoadMethodAttributes (73ms)
				AfterProcessingInitializeOnLoad (8ms)
				EditorAssembliesLoaded (0ms)
			ExecutionOrderSort2 (0ms)
			AwakeInstancesAfterBackupRestoration (4ms)
Platform modules already initialized, skipping
========================================================================
Worker process is ready to serve import requests
Launched and connected shader compiler UnityShaderCompiler.exe after 0.09 seconds
Refreshing native plugins compatible for Editor in 1.17 ms, found 3 plugins.
Preloading 0 native plugins for Editor in 0.00 ms.
Unloading 5062 Unused Serialized files (Serialized files now loaded: 0)
Unloading 44 unused Assets / (1.1 MB). Loaded Objects now: 5510.
Memory consumption went from 200.6 MB to 199.5 MB.
Total: 3.706700 ms (FindLiveObjects: 0.344700 ms CreateObjectMapping: 0.152300 ms MarkObjects: 2.808200 ms  DeleteObjects: 0.400500 ms)

AssetImportParameters requested are different than current active one (requested -> active):
  custom:video-decoder-ogg-theora: a1e56fd34408186e4bbccfd4996cb3dc -> 
  custom:container-muxer-webm: aa71ff27fc2769a1b78a27578f13a17b -> 
  custom:container-demuxer-webm: 4f35f7cbe854078d1ac9338744f61a02 -> 
  custom:video-encoder-webm-vp8: eb34c28f22e8b96e1ab97ce403110664 -> 
  custom:audio-encoder-webm-vorbis: bf7c407c2cedff20999df2af8eb42d56 -> 
  custom:framework-win-MediaFoundation: 216162199b28c13a410421893ffa2e32 -> 
  custom:container-demuxer-ogg: 62fdf1f143b41e24485cea50d1cbac27 -> 
  custom:video-decoder-webm-vp8: 9c59270c3fd7afecdb556c50c9e8de78 -> 
  custom:audio-decoder-ogg-vorbis: bf7c407c2cedff20999df2af8eb42d56 -> 
========================================================================
Received Import Request.
  Time since last request: 141634.730248 seconds.
  path: Assets/@MyAssets/Provisional/Pintura1.prefab
  artifactKey: Guid(8732e3adfadcfbc41a87b3e35b6beb6f) Importer(815301076,1909f56bfc062723c751e8b465ee728b)
Start importing Assets/@MyAssets/Provisional/Pintura1.prefab using Guid(8732e3adfadcfbc41a87b3e35b6beb6f) Importer(815301076,1909f56bfc062723c751e8b465ee728b)  -> (artifact id: 'a2992b69d8c943525d73edb36a1ae7bd') in 0.234933 seconds 
========================================================================
Received Import Request.
  Time since last request: 5.034564 seconds.
  path: Assets/@MyAssets/Provisional/Pintura2.prefab
  artifactKey: Guid(2c4576968033818488be692534d7f8f6) Importer(815301076,1909f56bfc062723c751e8b465ee728b)
Start importing Assets/@MyAssets/Provisional/Pintura2.prefab using Guid(2c4576968033818488be692534d7f8f6) Importer(815301076,1909f56bfc062723c751e8b465ee728b)  -> (artifact id: 'fe952978834300c9ba5f11b91adb218d') in 0.019499 seconds 
========================================================================
Received Import Request.
  Time since last request: 8.356971 seconds.
  path: Assets/@MyAssets/Provisional/Pintura3.prefab
  artifactKey: Guid(cda8ffe73bab8c4479652c5f4ac118be) Importer(815301076,1909f56bfc062723c751e8b465ee728b)
Start importing Assets/@MyAssets/Provisional/Pintura3.prefab using Guid(cda8ffe73bab8c4479652c5f4ac118be) Importer(815301076,1909f56bfc062723c751e8b465ee728b)  -> (artifact id: '6ba06880f107aea2753df77dbffbfa67') in 0.018447 seconds 
========================================================================
Received Import Request.
  Time since last request: 8.600468 seconds.
  path: Assets/@MyAssets/Provisional/Pintura4.prefab
  artifactKey: Guid(8b33ffb26aec0c944a128fa7ece39136) Importer(815301076,1909f56bfc062723c751e8b465ee728b)
Start importing Assets/@MyAssets/Provisional/Pintura4.prefab using Guid(8b33ffb26aec0c944a128fa7ece39136) Importer(815301076,1909f56bfc062723c751e8b465ee728b)  -> (artifact id: '169016126fd1a6abee0b5ccc16f3e401') in 0.018513 seconds 
========================================================================
Received Import Request.
  Time since last request: 13.348404 seconds.
  path: Assets/@MyAssets/Provisional/Pintura5.prefab
  artifactKey: Guid(30579a7b7d6f2f94183956836978a05f) Importer(815301076,1909f56bfc062723c751e8b465ee728b)
Start importing Assets/@MyAssets/Provisional/Pintura5.prefab using Guid(30579a7b7d6f2f94183956836978a05f) Importer(815301076,1909f56bfc062723c751e8b465ee728b)  -> (artifact id: 'a042378dca447de38df1de9418597688') in 0.018275 seconds 
========================================================================
Received Import Request.
  Time since last request: 5.699567 seconds.
  path: Assets/@MyAssets/Provisional/Pintura6.prefab
  artifactKey: Guid(20051fba1e74b2149bc3047c3af6b0d7) Importer(815301076,1909f56bfc062723c751e8b465ee728b)
Start importing Assets/@MyAssets/Provisional/Pintura6.prefab using Guid(20051fba1e74b2149bc3047c3af6b0d7) Importer(815301076,1909f56bfc062723c751e8b465ee728b)  -> (artifact id: 'c26186d754879a7d9b6b1452deabf645') in 0.018470 seconds 
========================================================================
Received Import Request.
  Time since last request: 114.549604 seconds.
  path: Assets/@MyAssets/Provisional/Pintura1 1.prefab
  artifactKey: Guid(51821e5e67bde1b4cb1c25578cfeb944) Importer(815301076,1909f56bfc062723c751e8b465ee728b)
Start importing Assets/@MyAssets/Provisional/Pintura1 1.prefab using Guid(51821e5e67bde1b4cb1c25578cfeb944) Importer(815301076,1909f56bfc062723c751e8b465ee728b)  -> (artifact id: '452a4f3db5fd1624dba13cbc55c179e7') in 0.021177 seconds 
========================================================================
Received Import Request.
  Time since last request: 0.006510 seconds.
  path: Assets/@MyAssets/Provisional/Pintura2 1.prefab
  artifactKey: Guid(50d0e6a755db9114785a9169ddb0f4ed) Importer(815301076,1909f56bfc062723c751e8b465ee728b)
Start importing Assets/@MyAssets/Provisional/Pintura2 1.prefab using Guid(50d0e6a755db9114785a9169ddb0f4ed) Importer(815301076,1909f56bfc062723c751e8b465ee728b)  -> (artifact id: '692c95f75d691d62b0ef7df7b4928c90') in 0.025777 seconds 
========================================================================
Received Import Request.
  Time since last request: 0.000060 seconds.
  path: Assets/@MyAssets/Provisional/Pintura4 1.prefab
  artifactKey: Guid(12060200a5734e9448f15d37fccba164) Importer(815301076,1909f56bfc062723c751e8b465ee728b)
Start importing Assets/@MyAssets/Provisional/Pintura4 1.prefab using Guid(12060200a5734e9448f15d37fccba164) Importer(815301076,1909f56bfc062723c751e8b465ee728b)  -> (artifact id: '5676876851e910a6b6ad40ef5739aafe') in 0.031063 seconds 
========================================================================
Received Import Request.
  Time since last request: 0.000046 seconds.
  path: Assets/@MyAssets/Provisional/Pintura5 1.prefab
  artifactKey: Guid(2e00643341327fc43b165a3956d47850) Importer(815301076,1909f56bfc062723c751e8b465ee728b)
Start importing Assets/@MyAssets/Provisional/Pintura5 1.prefab using Guid(2e00643341327fc43b165a3956d47850) Importer(815301076,1909f56bfc062723c751e8b465ee728b)  -> (artifact id: '59a4b9257f196630270233b05d17a4d6') in 0.035499 seconds 
========================================================================
Received Import Request.
  Time since last request: 36.339611 seconds.
  path: Assets/@MyAssets/Provisional/Asiento1.prefab
  artifactKey: Guid(51821e5e67bde1b4cb1c25578cfeb944) Importer(815301076,1909f56bfc062723c751e8b465ee728b)
Start importing Assets/@MyAssets/Provisional/Asiento1.prefab using Guid(51821e5e67bde1b4cb1c25578cfeb944) Importer(815301076,1909f56bfc062723c751e8b465ee728b)  -> (artifact id: 'c83eeb37adab01fd48fb640fd18b8d21') in 0.020019 seconds 
========================================================================
Received Import Request.
  Time since last request: 10.291838 seconds.
  path: Assets/@MyAssets/Provisional/Asiento2.prefab
  artifactKey: Guid(50d0e6a755db9114785a9169ddb0f4ed) Importer(815301076,1909f56bfc062723c751e8b465ee728b)
Start importing Assets/@MyAssets/Provisional/Asiento2.prefab using Guid(50d0e6a755db9114785a9169ddb0f4ed) Importer(815301076,1909f56bfc062723c751e8b465ee728b)  -> (artifact id: '65c27de599d02cd6544479a83fdd6429') in 0.018916 seconds 
========================================================================
Received Import Request.
  Time since last request: 6.360192 seconds.
  path: Assets/@MyAssets/Provisional/Asiento3.prefab
  artifactKey: Guid(4f665a7acb272ae4cb6f5368673c9a3c) Importer(815301076,1909f56bfc062723c751e8b465ee728b)
Start importing Assets/@MyAssets/Provisional/Asiento3.prefab using Guid(4f665a7acb272ae4cb6f5368673c9a3c) Importer(815301076,1909f56bfc062723c751e8b465ee728b)  -> (artifact id: '9731825094c433456f8d7fd736bbc03b') in 0.017512 seconds 
========================================================================
Received Import Request.
  Time since last request: 9.156826 seconds.
  path: Assets/@MyAssets/Provisional/Asiento4.prefab
  artifactKey: Guid(12060200a5734e9448f15d37fccba164) Importer(815301076,1909f56bfc062723c751e8b465ee728b)
Start importing Assets/@MyAssets/Provisional/Asiento4.prefab using Guid(12060200a5734e9448f15d37fccba164) Importer(815301076,1909f56bfc062723c751e8b465ee728b)  -> (artifact id: '1ff553fc736cb56102e14c25a4e0de59') in 0.026370 seconds 
========================================================================
Received Import Request.
  Time since last request: 14.045482 seconds.
  path: Assets/@MyAssets/Provisional/Asiento5.prefab
  artifactKey: Guid(2e00643341327fc43b165a3956d47850) Importer(815301076,1909f56bfc062723c751e8b465ee728b)
Start importing Assets/@MyAssets/Provisional/Asiento5.prefab using Guid(2e00643341327fc43b165a3956d47850) Importer(815301076,1909f56bfc062723c751e8b465ee728b)  -> (artifact id: 'ebf1aea55017040feb838c6e47f0540b') in 0.018504 seconds 
========================================================================
Received Import Request.
  Time since last request: 26.524313 seconds.
  path: Assets/@MyAssets/Provisional/Asiento6.prefab
  artifactKey: Guid(fe76504fd6d515949b6eca9fae77f57f) Importer(815301076,1909f56bfc062723c751e8b465ee728b)
Start importing Assets/@MyAssets/Provisional/Asiento6.prefab using Guid(fe76504fd6d515949b6eca9fae77f57f) Importer(815301076,1909f56bfc062723c751e8b465ee728b)  -> (artifact id: '27d0b96a94a4410b60c78a7049c9acfb') in 0.017576 seconds 
========================================================================
Received Import Request.
  Time since last request: 14.362606 seconds.
  path: Assets/@MyAssets/Provisional/Asiento1 1.prefab
  artifactKey: Guid(c2fd4a0edb4767a4f8fcf734ee524733) Importer(815301076,1909f56bfc062723c751e8b465ee728b)
Start importing Assets/@MyAssets/Provisional/Asiento1 1.prefab using Guid(c2fd4a0edb4767a4f8fcf734ee524733) Importer(815301076,1909f56bfc062723c751e8b465ee728b)  -> (artifact id: 'cfd47b9cbb6387eaac93c9bfdf7398ee') in 0.017393 seconds 
========================================================================
Received Import Request.
  Time since last request: 0.007881 seconds.
  path: Assets/@MyAssets/Provisional/Asiento2 1.prefab
  artifactKey: Guid(534f3ddb82cfd124c970f041d76011b8) Importer(815301076,1909f56bfc062723c751e8b465ee728b)
Start importing Assets/@MyAssets/Provisional/Asiento2 1.prefab using Guid(534f3ddb82cfd124c970f041d76011b8) Importer(815301076,1909f56bfc062723c751e8b465ee728b)  -> (artifact id: '69b225e8acafc1a58131f578e9920573') in 0.020138 seconds 
========================================================================
Received Import Request.
  Time since last request: 0.000063 seconds.
  path: Assets/@MyAssets/Provisional/Asiento4 1.prefab
  artifactKey: Guid(1bc7d25c5917b89478840ecb6338c3f2) Importer(815301076,1909f56bfc062723c751e8b465ee728b)
Start importing Assets/@MyAssets/Provisional/Asiento4 1.prefab using Guid(1bc7d25c5917b89478840ecb6338c3f2) Importer(815301076,1909f56bfc062723c751e8b465ee728b)  -> (artifact id: 'f224a0e0643102cd1ebc60ed40303961') in 0.020793 seconds 
========================================================================
Received Import Request.
  Time since last request: 0.000028 seconds.
  path: Assets/@MyAssets/Provisional/Asiento5 1.prefab
  artifactKey: Guid(ee24e39824d97804da045c8b50e1af03) Importer(815301076,1909f56bfc062723c751e8b465ee728b)
Start importing Assets/@MyAssets/Provisional/Asiento5 1.prefab using Guid(ee24e39824d97804da045c8b50e1af03) Importer(815301076,1909f56bfc062723c751e8b465ee728b)  -> (artifact id: '4ec5f0aceea72646f92477e591da3925') in 0.020281 seconds 
========================================================================
Received Import Request.
  Time since last request: 0.000039 seconds.
  path: Assets/@MyAssets/Provisional/Asiento6 1.prefab
  artifactKey: Guid(a90663a8de0a6d14eb74e0ab17ca9a97) Importer(815301076,1909f56bfc062723c751e8b465ee728b)
Start importing Assets/@MyAssets/Provisional/Asiento6 1.prefab using Guid(a90663a8de0a6d14eb74e0ab17ca9a97) Importer(815301076,1909f56bfc062723c751e8b465ee728b)  -> (artifact id: 'aacca4ae77f5b96a3d87146d002f6beb') in 0.019113 seconds 
Editor requested this worker to shutdown with reason: Scaling down because of idle timeout
AssetImportWorker is now disconnected from the server
Process exiting
Exiting without the bug reporter. Application will terminate with return code 0