Using pre-set license
Built from '2021.3/staging' branch; Version is '2021.3.9f1 (ad3870b89536) revision 11352176'; Using compiler version '192829333'; Build Type 'Release'
OS: 'Windows 10  (10.0.19045) 64bit Core' Language: 'es' Physical Memory: 16180 MB
BatchMode: 1, IsHumanControllingUs: 0, StartBugReporterOnCrash: 0, Is64bit: 1, IsPro: 1

COMMAND LINE ARGUMENTS:
C:\Program Files\Unity\Hub\Editor\2021.3.9f1\Editor\Unity.exe
-adb2
-batchMode
-noUpm
-name
AssetImportWorker15
-projectPath
C:/Users/usuario/Documents/GitHub/TallerCochesVR
-logFile
Logs/AssetImportWorker15.log
-srvPort
50618
Successfully changed project path to: C:/Users/usuario/Documents/GitHub/TallerCochesVR
C:/Users/usuario/Documents/GitHub/TallerCochesVR
[UnityMemory] Configuration Parameters - Can be set up in boot.config
    "memorysetup-bucket-allocator-granularity=16"
    "memorysetup-bucket-allocator-bucket-count=8"
    "memorysetup-bucket-allocator-block-size=33554432"
    "memorysetup-bucket-allocator-block-count=8"
    "memorysetup-main-allocator-block-size=16777216"
    "memorysetup-thread-allocator-block-size=16777216"
    "memorysetup-gfx-main-allocator-block-size=16777216"
    "memorysetup-gfx-thread-allocator-block-size=16777216"
    "memorysetup-cache-allocator-block-size=4194304"
    "memorysetup-typetree-allocator-block-size=2097152"
    "memorysetup-profiler-bucket-allocator-granularity=16"
    "memorysetup-profiler-bucket-allocator-bucket-count=8"
    "memorysetup-profiler-bucket-allocator-block-size=33554432"
    "memorysetup-profiler-bucket-allocator-block-count=8"
    "memorysetup-profiler-allocator-block-size=16777216"
    "memorysetup-profiler-editor-allocator-block-size=1048576"
    "memorysetup-temp-allocator-size-main=16777216"
    "memorysetup-job-temp-allocator-block-size=2097152"
    "memorysetup-job-temp-allocator-block-size-background=1048576"
    "memorysetup-job-temp-allocator-reduction-small-platforms=262144"
    "memorysetup-temp-allocator-size-background-worker=32768"
    "memorysetup-temp-allocator-size-job-worker=262144"
    "memorysetup-temp-allocator-size-preload-manager=33554432"
    "memorysetup-temp-allocator-size-nav-mesh-worker=65536"
    "memorysetup-temp-allocator-size-audio-worker=65536"
    "memorysetup-temp-allocator-size-cloud-worker=32768"
    "memorysetup-temp-allocator-size-gi-baking-worker=262144"
    "memorysetup-temp-allocator-size-gfx=262144"
Refreshing native plugins compatible for Editor in 134.66 ms, found 11 plugins.
Preloading 1 native plugins for Editor in 1.45 ms.
Initialize engine version: 2021.3.9f1 (ad3870b89536)
[Subsystems] Discovering subsystems at path C:/Program Files/Unity/Hub/Editor/2021.3.9f1/Editor/Data/Resources/UnitySubsystems
[Subsystems] Discovering subsystems at path C:/Users/usuario/Documents/GitHub/TallerCochesVR/Assets
GfxDevice: creating device client; threaded=0; jobified=0
Direct3D:
    Version:  Direct3D 11.0 [level 11.1]
    Renderer: NVIDIA GeForce RTX 3060 (ID=0x2504)
    Vendor:   NVIDIA
    VRAM:     12129 MB
    Driver:   31.0.15.3623
Initialize mono
Mono path[0] = 'C:/Program Files/Unity/Hub/Editor/2021.3.9f1/Editor/Data/Managed'
Mono path[1] = 'C:/Program Files/Unity/Hub/Editor/2021.3.9f1/Editor/Data/MonoBleedingEdge/lib/mono/unityjit-win32'
Mono config path = 'C:/Program Files/Unity/Hub/Editor/2021.3.9f1/Editor/Data/MonoBleedingEdge/etc'
Using monoOptions --debugger-agent=transport=dt_socket,embedding=1,server=y,suspend=n,address=127.0.0.1:56340
Begin MonoManager ReloadAssembly
Registering precompiled unity dll's ...
Register platform support module: C:/Program Files/Unity/Hub/Editor/2021.3.9f1/Editor/Data/PlaybackEngines/AndroidPlayer/UnityEditor.Android.Extensions.dll
Register platform support module: C:/Program Files/Unity/Hub/Editor/2021.3.9f1/Editor/Data/PlaybackEngines/WindowsStandaloneSupport/UnityEditor.WindowsStandalone.Extensions.dll
Registered in 0.007673 seconds.
Native extension for WindowsStandalone target not found
Native extension for Android target not found
Refreshing native plugins compatible for Editor in 115.06 ms, found 11 plugins.
Preloading 1 native plugins for Editor in 0.16 ms.
Mono: successfully reloaded assembly
- Completed reload, in  0.582 seconds
Domain Reload Profiling:
	ReloadAssembly (582ms)
		BeginReloadAssembly (62ms)
			ExecutionOrderSort (0ms)
			DisableScriptedObjects (0ms)
			BackupInstance (0ms)
			ReleaseScriptingObjects (0ms)
			CreateAndSetChildDomain (1ms)
		EndReloadAssembly (429ms)
			LoadAssemblies (60ms)
			RebuildTransferFunctionScriptingTraits (0ms)
			SetupTypeCache (79ms)
			ReleaseScriptCaches (0ms)
			RebuildScriptCaches (20ms)
			SetupLoadedEditorAssemblies (282ms)
				LogAssemblyErrors (0ms)
				InitializePlatformSupportModulesInManaged (47ms)
				SetLoadedEditorAssemblies (0ms)
				RefreshPlugins (115ms)
				BeforeProcessingInitializeOnLoad (1ms)
				ProcessInitializeOnLoadAttributes (83ms)
				ProcessInitializeOnLoadMethodAttributes (35ms)
				AfterProcessingInitializeOnLoad (0ms)
				EditorAssembliesLoaded (0ms)
			ExecutionOrderSort2 (0ms)
			AwakeInstancesAfterBackupRestoration (0ms)
Platform modules already initialized, skipping
Registering precompiled user dll's ...
Registered in 0.013683 seconds.
Begin MonoManager ReloadAssembly
Symbol file LoadedFromMemory doesn't match image C:\Users\usuario\Documents\GitHub\TallerCochesVR\Library\PackageCache\com.unity.visualscripting@1.7.8\Editor\VisualScripting.Core\Dependencies\DotNetZip\Unity.VisualScripting.IonicZip.dll
Symbol file LoadedFromMemory doesn't match image C:\Users\usuario\Documents\GitHub\TallerCochesVR\Library\PackageCache\com.unity.visualscripting@1.7.8\Editor\VisualScripting.Core\Dependencies\YamlDotNet\Unity.VisualScripting.YamlDotNet.dll
Native extension for WindowsStandalone target not found
Native extension for Android target not found
Refreshing native plugins compatible for Editor in 93.66 ms, found 11 plugins.
Preloading 1 native plugins for Editor in 0.08 ms.
Package Manager log level set to [2]
System.Reflection.TargetInvocationException: Exception has been thrown by the target of an invocation. ---> System.NullReferenceException: Object reference not set to an instance of an object
  at Unity.XR.Oculus.OculusLoader.AssetPathToAbsolutePath (System.String assetPath) [0x0003d] in C:\Users\usuario\Documents\GitHub\TallerCochesVR\Library\PackageCache\com.unity.xr.oculus@3.0.2\Runtime\OculusLoader.cs:271 
  at Unity.XR.Oculus.OculusLoader.EditorLoadOVRPlugin () [0x0007b] in C:\Users\usuario\Documents\GitHub\TallerCochesVR\Library\PackageCache\com.unity.xr.oculus@3.0.2\Runtime\OculusLoader.cs:256 
  at (wrapper managed-to-native) System.Reflection.RuntimeMethodInfo.InternalInvoke(System.Reflection.RuntimeMethodInfo,object,object[],System.Exception&)
  at System.Reflection.RuntimeMethodInfo.Invoke (System.Object obj, System.Reflection.BindingFlags invokeAttr, System.Reflection.Binder binder, System.Object[] parameters, System.Globalization.CultureInfo culture) [0x0006a] in <9aad1b3a47484d63ba2b3985692d80e9>:0 
   --- End of inner exception stack trace ---
  at System.Reflection.RuntimeMethodInfo.Invoke (System.Object obj, System.Reflection.BindingFlags invokeAttr, System.Reflection.Binder binder, System.Object[] parameters, System.Globalization.CultureInfo culture) [0x00083] in <9aad1b3a47484d63ba2b3985692d80e9>:0 
  at System.Reflection.MethodBase.Invoke (System.Object obj, System.Object[] parameters) [0x00000] in <9aad1b3a47484d63ba2b3985692d80e9>:0 
  at UnityEditor.EditorAssemblies.ProcessInitializeOnLoadMethodAttributes () [0x000a5] in <0d6ce211ebbc47e1a35a84c3672ff58f>:0 
UnityEngine.StackTraceUtility:ExtractStackTrace ()
UnityEngine.DebugLogHandler:LogFormat (UnityEngine.LogType,UnityEngine.Object,string,object[])
UnityEngine.Logger:Log (UnityEngine.LogType,object)
UnityEngine.Debug:LogError (object)
UnityEditor.EditorAssemblies:ProcessInitializeOnLoadMethodAttributes ()

Mono: successfully reloaded assembly
- Completed reload, in  1.271 seconds
Domain Reload Profiling:
	ReloadAssembly (1272ms)
		BeginReloadAssembly (202ms)
			ExecutionOrderSort (0ms)
			DisableScriptedObjects (4ms)
			BackupInstance (0ms)
			ReleaseScriptingObjects (0ms)
			CreateAndSetChildDomain (125ms)
		EndReloadAssembly (975ms)
			LoadAssemblies (86ms)
			RebuildTransferFunctionScriptingTraits (0ms)
			SetupTypeCache (225ms)
			ReleaseScriptCaches (1ms)
			RebuildScriptCaches (51ms)
			SetupLoadedEditorAssemblies (575ms)
				LogAssemblyErrors (0ms)
				InitializePlatformSupportModulesInManaged (11ms)
				SetLoadedEditorAssemblies (0ms)
				RefreshPlugins (94ms)
				BeforeProcessingInitializeOnLoad (106ms)
				ProcessInitializeOnLoadAttributes (283ms)
				ProcessInitializeOnLoadMethodAttributes (73ms)
				AfterProcessingInitializeOnLoad (8ms)
				EditorAssembliesLoaded (0ms)
			ExecutionOrderSort2 (0ms)
			AwakeInstancesAfterBackupRestoration (4ms)
Platform modules already initialized, skipping
========================================================================
Worker process is ready to serve import requests
Launched and connected shader compiler UnityShaderCompiler.exe after 0.04 seconds
Refreshing native plugins compatible for Editor in 1.44 ms, found 11 plugins.
Preloading 1 native plugins for Editor in 0.09 ms.
Unloading 5924 Unused Serialized files (Serialized files now loaded: 0)
Unloading 67 unused Assets / (1.1 MB). Loaded Objects now: 6359.
Memory consumption went from 240.5 MB to 239.4 MB.
Total: 3.815600 ms (FindLiveObjects: 0.459300 ms CreateObjectMapping: 0.144100 ms MarkObjects: 2.816900 ms  DeleteObjects: 0.394500 ms)

AssetImportParameters requested are different than current active one (requested -> active):
  custom:video-decoder-ogg-theora: a1e56fd34408186e4bbccfd4996cb3dc -> 
  custom:container-muxer-webm: aa71ff27fc2769a1b78a27578f13a17b -> 
  custom:container-demuxer-webm: 4f35f7cbe854078d1ac9338744f61a02 -> 
  custom:video-encoder-webm-vp8: eb34c28f22e8b96e1ab97ce403110664 -> 
  custom:audio-encoder-webm-vorbis: bf7c407c2cedff20999df2af8eb42d56 -> 
  custom:framework-win-MediaFoundation: 216162199b28c13a410421893ffa2e32 -> 
  custom:container-demuxer-ogg: 62fdf1f143b41e24485cea50d1cbac27 -> 
  custom:video-decoder-webm-vp8: 9c59270c3fd7afecdb556c50c9e8de78 -> 
  custom:audio-decoder-ogg-vorbis: bf7c407c2cedff20999df2af8eb42d56 -> 
========================================================================
Received Import Request.
  Time since last request: 77168.666342 seconds.
  path: Assets/@MyAssets/Sprites & Images/FotosObjetos/BabyComfort.png
  artifactKey: Guid(0123654bb39e10e48b30bfb040d5d2c6) Importer(815301076,1909f56bfc062723c751e8b465ee728b)
Start importing Assets/@MyAssets/Sprites & Images/FotosObjetos/BabyComfort.png using Guid(0123654bb39e10e48b30bfb040d5d2c6) Importer(815301076,1909f56bfc062723c751e8b465ee728b)  -> (artifact id: '9a07bbfe69047f7852e211bf1d338dbb') in 0.132014 seconds 
========================================================================
Received Import Request.
  Time since last request: 66.157108 seconds.
  path: Assets/@MyAssets/Sprites & Images/FotosObjetos/BabyComfort.png
  artifactKey: Guid(246ab4978066f79499b530f1e1c03cf7) Importer(815301076,1909f56bfc062723c751e8b465ee728b)
Start importing Assets/@MyAssets/Sprites & Images/FotosObjetos/BabyComfort.png using Guid(246ab4978066f79499b530f1e1c03cf7) Importer(815301076,1909f56bfc062723c751e8b465ee728b)  -> (artifact id: 'd2c5bce1d74cfd7d5946c43a99d9fcdd') in 0.040146 seconds 
========================================================================
Received Import Request.
  Time since last request: 0.000027 seconds.
  path: Assets/@MyAssets/Sprites & Images/FotosObjetos/RacingStyle.png
  artifactKey: Guid(3ecca2c69a153354d8dd67b84a0fd216) Importer(815301076,1909f56bfc062723c751e8b465ee728b)
Start importing Assets/@MyAssets/Sprites & Images/FotosObjetos/RacingStyle.png using Guid(3ecca2c69a153354d8dd67b84a0fd216) Importer(815301076,1909f56bfc062723c751e8b465ee728b)  -> (artifact id: 'e746c02e129dc039d61233ac634fe1de') in 0.039029 seconds 
========================================================================
Received Import Request.
  Time since last request: 7.889746 seconds.
  path: Assets/@MyAssets/Sprites & Images/FotosObjetos/Classic.png
  artifactKey: Guid(c9903e849a0eec04ea6df63974805b2a) Importer(815301076,1909f56bfc062723c751e8b465ee728b)
Start importing Assets/@MyAssets/Sprites & Images/FotosObjetos/Classic.png using Guid(c9903e849a0eec04ea6df63974805b2a) Importer(815301076,1909f56bfc062723c751e8b465ee728b)  -> (artifact id: 'c1fa70d30e70076d7411be64711189c8') in 0.027378 seconds 
========================================================================
Received Import Request.
  Time since last request: 13.823678 seconds.
  path: Assets/@MyAssets/Sprites & Images/FotosObjetos/Seat_BabyComfort.png
  artifactKey: Guid(246ab4978066f79499b530f1e1c03cf7) Importer(815301076,1909f56bfc062723c751e8b465ee728b)
Start importing Assets/@MyAssets/Sprites & Images/FotosObjetos/Seat_BabyComfort.png using Guid(246ab4978066f79499b530f1e1c03cf7) Importer(815301076,1909f56bfc062723c751e8b465ee728b)  -> (artifact id: '22ec844acf192ba4be11e7705ed18ed5') in 0.023330 seconds 
========================================================================
Received Import Request.
  Time since last request: 7.439826 seconds.
  path: Assets/@MyAssets/Sprites & Images/FotosObjetos/Seat_RacingStyle.png
  artifactKey: Guid(3ecca2c69a153354d8dd67b84a0fd216) Importer(815301076,1909f56bfc062723c751e8b465ee728b)
Start importing Assets/@MyAssets/Sprites & Images/FotosObjetos/Seat_RacingStyle.png using Guid(3ecca2c69a153354d8dd67b84a0fd216) Importer(815301076,1909f56bfc062723c751e8b465ee728b)  -> (artifact id: '4f93f0da102778be5b6de4a9fb89b1a5') in 0.017269 seconds 
========================================================================
Received Import Request.
  Time since last request: 6.663801 seconds.
  path: Assets/@MyAssets/Sprites & Images/FotosObjetos/Seat_Original.png
  artifactKey: Guid(0123654bb39e10e48b30bfb040d5d2c6) Importer(815301076,1909f56bfc062723c751e8b465ee728b)
Start importing Assets/@MyAssets/Sprites & Images/FotosObjetos/Seat_Original.png using Guid(0123654bb39e10e48b30bfb040d5d2c6) Importer(815301076,1909f56bfc062723c751e8b465ee728b)  -> (artifact id: 'c92d8c2858c29b2497b90a546967b307') in 0.024107 seconds 
========================================================================
Received Import Request.
  Time since last request: 20.630727 seconds.
  path: Assets/@MyAssets/Sprites & Images/FotosObjetos/SteeringWheel_Classic.png
  artifactKey: Guid(c9903e849a0eec04ea6df63974805b2a) Importer(815301076,1909f56bfc062723c751e8b465ee728b)
Start importing Assets/@MyAssets/Sprites & Images/FotosObjetos/SteeringWheel_Classic.png using Guid(c9903e849a0eec04ea6df63974805b2a) Importer(815301076,1909f56bfc062723c751e8b465ee728b)  -> (artifact id: '6a14aa16bf078490b590e08a299abed6') in 0.016797 seconds 
========================================================================
Received Import Request.
  Time since last request: 28.899782 seconds.
  path: Assets/@MyAssets/Sprites & Images/FotosObjetos/SteeringWheel_Original.png
  artifactKey: Guid(8cbdd938bda32c44cb791b15656e4089) Importer(815301076,1909f56bfc062723c751e8b465ee728b)
Start importing Assets/@MyAssets/Sprites & Images/FotosObjetos/SteeringWheel_Original.png using Guid(8cbdd938bda32c44cb791b15656e4089) Importer(815301076,1909f56bfc062723c751e8b465ee728b)  -> (artifact id: '8b04c690445e7da17d1f5fdf59f07e29') in 0.028475 seconds 
========================================================================
Received Import Request.
  Time since last request: 21.175149 seconds.
  path: Assets/@MyAssets/Sprites & Images/FotosObjetos/SteeringWheel_Racing.png
  artifactKey: Guid(b88cfc423d181894fad0bbab5428f56a) Importer(815301076,1909f56bfc062723c751e8b465ee728b)
Start importing Assets/@MyAssets/Sprites & Images/FotosObjetos/SteeringWheel_Racing.png using Guid(b88cfc423d181894fad0bbab5428f56a) Importer(815301076,1909f56bfc062723c751e8b465ee728b)  -> (artifact id: 'e64bf67690a110e3515963ac367d49b0') in 0.019165 seconds 
========================================================================
Received Import Request.
  Time since last request: 10.957606 seconds.
  path: Assets/@MyAssets/Sprites & Images/FotosObjetos/SteeringWheel_RacingStyle.png
  artifactKey: Guid(b88cfc423d181894fad0bbab5428f56a) Importer(815301076,1909f56bfc062723c751e8b465ee728b)
Start importing Assets/@MyAssets/Sprites & Images/FotosObjetos/SteeringWheel_RacingStyle.png using Guid(b88cfc423d181894fad0bbab5428f56a) Importer(815301076,1909f56bfc062723c751e8b465ee728b)  -> (artifact id: '7256d86bb9ad2759ad19e4517df69b65') in 0.028283 seconds 
========================================================================
Received Import Request.
  Time since last request: 22.923273 seconds.
  path: Assets/@MyAssets/Sprites & Images/FotosObjetos/SteeringWheel_SpeedControl.png
  artifactKey: Guid(241c08955ea2e0a4daf6a8b035dbca02) Importer(815301076,1909f56bfc062723c751e8b465ee728b)
Start importing Assets/@MyAssets/Sprites & Images/FotosObjetos/SteeringWheel_SpeedControl.png using Guid(241c08955ea2e0a4daf6a8b035dbca02) Importer(815301076,1909f56bfc062723c751e8b465ee728b)  -> (artifact id: '7dfd1317521ae9a4b1d41d365e22338c') in 0.017042 seconds 
========================================================================
Received Import Request.
  Time since last request: 8.838669 seconds.
  path: Assets/@MyAssets/Prefabs/Piezas/Ruedas/Wheel_Classic.prefab
  artifactKey: Guid(749e0718750e5f5469e0bfc5095503e9) Importer(815301076,1909f56bfc062723c751e8b465ee728b)
Start importing Assets/@MyAssets/Prefabs/Piezas/Ruedas/Wheel_Classic.prefab using Guid(749e0718750e5f5469e0bfc5095503e9) Importer(815301076,1909f56bfc062723c751e8b465ee728b)  -> (artifact id: '8b8a52fe35bb45e14ecaf0649b2f404d') in 0.564131 seconds 
========================================================================
Received Import Request.
  Time since last request: 25.713709 seconds.
  path: Assets/@MyAssets/Sprites & Images/FotosObjetos/Wheel_Classic.png
  artifactKey: Guid(2c5c90bcedc72fa4aa710274c9c3c8c7) Importer(815301076,1909f56bfc062723c751e8b465ee728b)
Start importing Assets/@MyAssets/Sprites & Images/FotosObjetos/Wheel_Classic.png using Guid(2c5c90bcedc72fa4aa710274c9c3c8c7) Importer(815301076,1909f56bfc062723c751e8b465ee728b)  -> (artifact id: 'f59b7eeec97014f363866a29cb6b1b37') in 0.016684 seconds 
========================================================================
Received Import Request.
  Time since last request: 48.538175 seconds.
  path: Assets/@MyAssets/Sprites & Images/FotosObjetos/Wheel_HexaEco.png
  artifactKey: Guid(b303d0349ff3b5d4ba7941122a943c9a) Importer(815301076,1909f56bfc062723c751e8b465ee728b)
Start importing Assets/@MyAssets/Sprites & Images/FotosObjetos/Wheel_HexaEco.png using Guid(b303d0349ff3b5d4ba7941122a943c9a) Importer(815301076,1909f56bfc062723c751e8b465ee728b)  -> (artifact id: 'd3d45991d5a4275c6ac0990a56c6aca4') in 0.027856 seconds 
========================================================================
Received Import Request.
  Time since last request: 32.118844 seconds.
  path: Assets/@MyAssets/Sprites & Images/FotosObjetos/Wheel_HyperPower.png
  artifactKey: Guid(50f097cb07f16ce45928dcd77bfdd4d4) Importer(815301076,1909f56bfc062723c751e8b465ee728b)
Start importing Assets/@MyAssets/Sprites & Images/FotosObjetos/Wheel_HyperPower.png using Guid(50f097cb07f16ce45928dcd77bfdd4d4) Importer(815301076,1909f56bfc062723c751e8b465ee728b)  -> (artifact id: 'b2c7d5f5423b40134e73a7b20530ad16') in 0.022817 seconds 
========================================================================
Received Import Request.
  Time since last request: 20.530557 seconds.
  path: Assets/@MyAssets/Sprites & Images/FotosObjetos/Wheel_Original.png
  artifactKey: Guid(286739007a21e234eaed9b4fecb218ae) Importer(815301076,1909f56bfc062723c751e8b465ee728b)
Start importing Assets/@MyAssets/Sprites & Images/FotosObjetos/Wheel_Original.png using Guid(286739007a21e234eaed9b4fecb218ae) Importer(815301076,1909f56bfc062723c751e8b465ee728b)  -> (artifact id: 'be5f9a763c6cb3dd156e32ba8b2a3f56') in 0.018057 seconds 
========================================================================
Received Import Request.
  Time since last request: 22.172846 seconds.
  path: Assets/@MyAssets/Sprites & Images/FotosObjetos/Wheel_TriangularComfort.png
  artifactKey: Guid(481bc3b7eaba3a74b82568560cdfe872) Importer(815301076,1909f56bfc062723c751e8b465ee728b)
Start importing Assets/@MyAssets/Sprites & Images/FotosObjetos/Wheel_TriangularComfort.png using Guid(481bc3b7eaba3a74b82568560cdfe872) Importer(815301076,1909f56bfc062723c751e8b465ee728b)  -> (artifact id: 'a178e9d53b052c9f0ac9d1de81c8649a') in 0.024114 seconds 
========================================================================
Received Import Request.
  Time since last request: 13.663716 seconds.
  path: Assets/@MyAssets/Sprites & Images/FotosObjetos/Wheel_WindBlow.png
  artifactKey: Guid(6a2999ea9ad389649bf67dea7ca511a8) Importer(815301076,1909f56bfc062723c751e8b465ee728b)
Start importing Assets/@MyAssets/Sprites & Images/FotosObjetos/Wheel_WindBlow.png using Guid(6a2999ea9ad389649bf67dea7ca511a8) Importer(815301076,1909f56bfc062723c751e8b465ee728b)  -> (artifact id: 'fe83e40a94aa20dd02f299280fbdc1dd') in 0.017043 seconds 
========================================================================
Received Prepare
Registering precompiled user dll's ...
Registered in 0.010895 seconds.
Begin MonoManager ReloadAssembly
Symbol file LoadedFromMemory doesn't match image C:\Users\usuario\Documents\GitHub\TallerCochesVR\Library\PackageCache\com.unity.visualscripting@1.7.8\Editor\VisualScripting.Core\Dependencies\DotNetZip\Unity.VisualScripting.IonicZip.dll
Symbol file LoadedFromMemory doesn't match image C:\Users\usuario\Documents\GitHub\TallerCochesVR\Library\PackageCache\com.unity.visualscripting@1.7.8\Editor\VisualScripting.Core\Dependencies\YamlDotNet\Unity.VisualScripting.YamlDotNet.dll
Native extension for WindowsStandalone target not found
Native extension for Android target not found
Refreshing native plugins compatible for Editor in 1.20 ms, found 11 plugins.
Preloading 1 native plugins for Editor in 0.13 ms.
System.Reflection.TargetInvocationException: Exception has been thrown by the target of an invocation. ---> System.NullReferenceException: Object reference not set to an instance of an object
  at Unity.XR.Oculus.OculusLoader.AssetPathToAbsolutePath (System.String assetPath) [0x0003d] in C:\Users\usuario\Documents\GitHub\TallerCochesVR\Library\PackageCache\com.unity.xr.oculus@3.0.2\Runtime\OculusLoader.cs:271 
  at Unity.XR.Oculus.OculusLoader.EditorLoadOVRPlugin () [0x0007b] in C:\Users\usuario\Documents\GitHub\TallerCochesVR\Library\PackageCache\com.unity.xr.oculus@3.0.2\Runtime\OculusLoader.cs:256 
  at (wrapper managed-to-native) System.Reflection.RuntimeMethodInfo.InternalInvoke(System.Reflection.RuntimeMethodInfo,object,object[],System.Exception&)
  at System.Reflection.RuntimeMethodInfo.Invoke (System.Object obj, System.Reflection.BindingFlags invokeAttr, System.Reflection.Binder binder, System.Object[] parameters, System.Globalization.CultureInfo culture) [0x0006a] in <9aad1b3a47484d63ba2b3985692d80e9>:0 
   --- End of inner exception stack trace ---
  at System.Reflection.RuntimeMethodInfo.Invoke (System.Object obj, System.Reflection.BindingFlags invokeAttr, System.Reflection.Binder binder, System.Object[] parameters, System.Globalization.CultureInfo culture) [0x00083] in <9aad1b3a47484d63ba2b3985692d80e9>:0 
  at System.Reflection.MethodBase.Invoke (System.Object obj, System.Object[] parameters) [0x00000] in <9aad1b3a47484d63ba2b3985692d80e9>:0 
  at UnityEditor.EditorAssemblies.ProcessInitializeOnLoadMethodAttributes () [0x000a5] in <0d6ce211ebbc47e1a35a84c3672ff58f>:0 
UnityEngine.StackTraceUtility:ExtractStackTrace ()
UnityEngine.DebugLogHandler:LogFormat (UnityEngine.LogType,UnityEngine.Object,string,object[])
UnityEngine.Logger:Log (UnityEngine.LogType,object)
UnityEngine.Debug:LogError (object)
UnityEditor.EditorAssemblies:ProcessInitializeOnLoadMethodAttributes ()

Mono: successfully reloaded assembly
- Completed reload, in  1.038 seconds
Domain Reload Profiling:
	ReloadAssembly (1039ms)
		BeginReloadAssembly (125ms)
			ExecutionOrderSort (0ms)
			DisableScriptedObjects (5ms)
			BackupInstance (0ms)
			ReleaseScriptingObjects (0ms)
			CreateAndSetChildDomain (42ms)
		EndReloadAssembly (818ms)
			LoadAssemblies (81ms)
			RebuildTransferFunctionScriptingTraits (0ms)
			SetupTypeCache (214ms)
			ReleaseScriptCaches (2ms)
			RebuildScriptCaches (34ms)
			SetupLoadedEditorAssemblies (414ms)
				LogAssemblyErrors (0ms)
				InitializePlatformSupportModulesInManaged (19ms)
				SetLoadedEditorAssemblies (0ms)
				RefreshPlugins (1ms)
				BeforeProcessingInitializeOnLoad (81ms)
				ProcessInitializeOnLoadAttributes (234ms)
				ProcessInitializeOnLoadMethodAttributes (70ms)
				AfterProcessingInitializeOnLoad (8ms)
				EditorAssembliesLoaded (0ms)
			ExecutionOrderSort2 (0ms)
			AwakeInstancesAfterBackupRestoration (16ms)
Platform modules already initialized, skipping
Refreshing native plugins compatible for Editor in 5.33 ms, found 11 plugins.
Preloading 1 native plugins for Editor in 0.08 ms.
Unloading 5786 Unused Serialized files (Serialized files now loaded: 0)
Unloading 57 unused Assets / (1.1 MB). Loaded Objects now: 6424.
Memory consumption went from 247.3 MB to 246.2 MB.
Total: 3.864100 ms (FindLiveObjects: 0.355900 ms CreateObjectMapping: 0.141300 ms MarkObjects: 2.984100 ms  DeleteObjects: 0.382100 ms)

AssetImportParameters requested are different than current active one (requested -> active):
  custom:video-decoder-ogg-theora: a1e56fd34408186e4bbccfd4996cb3dc -> 
  custom:container-muxer-webm: aa71ff27fc2769a1b78a27578f13a17b -> 
  custom:container-demuxer-webm: 4f35f7cbe854078d1ac9338744f61a02 -> 
  custom:video-encoder-webm-vp8: eb34c28f22e8b96e1ab97ce403110664 -> 
  custom:audio-encoder-webm-vorbis: bf7c407c2cedff20999df2af8eb42d56 -> 
  custom:framework-win-MediaFoundation: 216162199b28c13a410421893ffa2e32 -> 
  custom:container-demuxer-ogg: 62fdf1f143b41e24485cea50d1cbac27 -> 
  custom:video-decoder-webm-vp8: 9c59270c3fd7afecdb556c50c9e8de78 -> 
  custom:audio-decoder-ogg-vorbis: bf7c407c2cedff20999df2af8eb42d56 -> 
========================================================================
Received Prepare
Registering precompiled user dll's ...
Registered in 0.011210 seconds.
Begin MonoManager ReloadAssembly
Symbol file LoadedFromMemory doesn't match image C:\Users\usuario\Documents\GitHub\TallerCochesVR\Library\PackageCache\com.unity.visualscripting@1.7.8\Editor\VisualScripting.Core\Dependencies\DotNetZip\Unity.VisualScripting.IonicZip.dll
Symbol file LoadedFromMemory doesn't match image C:\Users\usuario\Documents\GitHub\TallerCochesVR\Library\PackageCache\com.unity.visualscripting@1.7.8\Editor\VisualScripting.Core\Dependencies\YamlDotNet\Unity.VisualScripting.YamlDotNet.dll
Native extension for WindowsStandalone target not found
Native extension for Android target not found
Refreshing native plugins compatible for Editor in 1.21 ms, found 11 plugins.
Preloading 1 native plugins for Editor in 0.09 ms.
System.Reflection.TargetInvocationException: Exception has been thrown by the target of an invocation. ---> System.NullReferenceException: Object reference not set to an instance of an object
  at Unity.XR.Oculus.OculusLoader.AssetPathToAbsolutePath (System.String assetPath) [0x0003d] in C:\Users\usuario\Documents\GitHub\TallerCochesVR\Library\PackageCache\com.unity.xr.oculus@3.0.2\Runtime\OculusLoader.cs:271 
  at Unity.XR.Oculus.OculusLoader.EditorLoadOVRPlugin () [0x0007b] in C:\Users\usuario\Documents\GitHub\TallerCochesVR\Library\PackageCache\com.unity.xr.oculus@3.0.2\Runtime\OculusLoader.cs:256 
  at (wrapper managed-to-native) System.Reflection.RuntimeMethodInfo.InternalInvoke(System.Reflection.RuntimeMethodInfo,object,object[],System.Exception&)
  at System.Reflection.RuntimeMethodInfo.Invoke (System.Object obj, System.Reflection.BindingFlags invokeAttr, System.Reflection.Binder binder, System.Object[] parameters, System.Globalization.CultureInfo culture) [0x0006a] in <9aad1b3a47484d63ba2b3985692d80e9>:0 
   --- End of inner exception stack trace ---
  at System.Reflection.RuntimeMethodInfo.Invoke (System.Object obj, System.Reflection.BindingFlags invokeAttr, System.Reflection.Binder binder, System.Object[] parameters, System.Globalization.CultureInfo culture) [0x00083] in <9aad1b3a47484d63ba2b3985692d80e9>:0 
  at System.Reflection.MethodBase.Invoke (System.Object obj, System.Object[] parameters) [0x00000] in <9aad1b3a47484d63ba2b3985692d80e9>:0 
  at UnityEditor.EditorAssemblies.ProcessInitializeOnLoadMethodAttributes () [0x000a5] in <0d6ce211ebbc47e1a35a84c3672ff58f>:0 
UnityEngine.StackTraceUtility:ExtractStackTrace ()
UnityEngine.DebugLogHandler:LogFormat (UnityEngine.LogType,UnityEngine.Object,string,object[])
UnityEngine.Logger:Log (UnityEngine.LogType,object)
UnityEngine.Debug:LogError (object)
UnityEditor.EditorAssemblies:ProcessInitializeOnLoadMethodAttributes ()

Mono: successfully reloaded assembly
- Completed reload, in  1.017 seconds
Domain Reload Profiling:
	ReloadAssembly (1017ms)
		BeginReloadAssembly (119ms)
			ExecutionOrderSort (0ms)
			DisableScriptedObjects (4ms)
			BackupInstance (0ms)
			ReleaseScriptingObjects (0ms)
			CreateAndSetChildDomain (35ms)
		EndReloadAssembly (817ms)
			LoadAssemblies (88ms)
			RebuildTransferFunctionScriptingTraits (0ms)
			SetupTypeCache (203ms)
			ReleaseScriptCaches (2ms)
			RebuildScriptCaches (32ms)
			SetupLoadedEditorAssemblies (429ms)
				LogAssemblyErrors (0ms)
				InitializePlatformSupportModulesInManaged (19ms)
				SetLoadedEditorAssemblies (0ms)
				RefreshPlugins (1ms)
				BeforeProcessingInitializeOnLoad (81ms)
				ProcessInitializeOnLoadAttributes (247ms)
				ProcessInitializeOnLoadMethodAttributes (72ms)
				AfterProcessingInitializeOnLoad (8ms)
				EditorAssembliesLoaded (0ms)
			ExecutionOrderSort2 (0ms)
			AwakeInstancesAfterBackupRestoration (13ms)
Platform modules already initialized, skipping
Refreshing native plugins compatible for Editor in 5.74 ms, found 11 plugins.
Preloading 1 native plugins for Editor in 0.08 ms.
Unloading 5787 Unused Serialized files (Serialized files now loaded: 0)
Unloading 57 unused Assets / (1.1 MB). Loaded Objects now: 6428.
Memory consumption went from 247.3 MB to 246.3 MB.
Total: 3.552200 ms (FindLiveObjects: 0.354200 ms CreateObjectMapping: 0.128000 ms MarkObjects: 2.672300 ms  DeleteObjects: 0.397000 ms)

AssetImportParameters requested are different than current active one (requested -> active):
  custom:video-decoder-ogg-theora: a1e56fd34408186e4bbccfd4996cb3dc -> 
  custom:container-muxer-webm: aa71ff27fc2769a1b78a27578f13a17b -> 
  custom:container-demuxer-webm: 4f35f7cbe854078d1ac9338744f61a02 -> 
  custom:video-encoder-webm-vp8: eb34c28f22e8b96e1ab97ce403110664 -> 
  custom:audio-encoder-webm-vorbis: bf7c407c2cedff20999df2af8eb42d56 -> 
  custom:framework-win-MediaFoundation: 216162199b28c13a410421893ffa2e32 -> 
  custom:container-demuxer-ogg: 62fdf1f143b41e24485cea50d1cbac27 -> 
  custom:video-decoder-webm-vp8: 9c59270c3fd7afecdb556c50c9e8de78 -> 
  custom:audio-decoder-ogg-vorbis: bf7c407c2cedff20999df2af8eb42d56 -> 
========================================================================
Received Prepare
Registering precompiled user dll's ...
Registered in 0.010694 seconds.
Begin MonoManager ReloadAssembly
Symbol file LoadedFromMemory doesn't match image C:\Users\usuario\Documents\GitHub\TallerCochesVR\Library\PackageCache\com.unity.visualscripting@1.7.8\Editor\VisualScripting.Core\Dependencies\DotNetZip\Unity.VisualScripting.IonicZip.dll
Symbol file LoadedFromMemory doesn't match image C:\Users\usuario\Documents\GitHub\TallerCochesVR\Library\PackageCache\com.unity.visualscripting@1.7.8\Editor\VisualScripting.Core\Dependencies\YamlDotNet\Unity.VisualScripting.YamlDotNet.dll
Native extension for WindowsStandalone target not found
Native extension for Android target not found
Refreshing native plugins compatible for Editor in 1.16 ms, found 11 plugins.
Preloading 1 native plugins for Editor in 0.10 ms.
System.Reflection.TargetInvocationException: Exception has been thrown by the target of an invocation. ---> System.NullReferenceException: Object reference not set to an instance of an object
  at Unity.XR.Oculus.OculusLoader.AssetPathToAbsolutePath (System.String assetPath) [0x0003d] in C:\Users\usuario\Documents\GitHub\TallerCochesVR\Library\PackageCache\com.unity.xr.oculus@3.0.2\Runtime\OculusLoader.cs:271 
  at Unity.XR.Oculus.OculusLoader.EditorLoadOVRPlugin () [0x0007b] in C:\Users\usuario\Documents\GitHub\TallerCochesVR\Library\PackageCache\com.unity.xr.oculus@3.0.2\Runtime\OculusLoader.cs:256 
  at (wrapper managed-to-native) System.Reflection.RuntimeMethodInfo.InternalInvoke(System.Reflection.RuntimeMethodInfo,object,object[],System.Exception&)
  at System.Reflection.RuntimeMethodInfo.Invoke (System.Object obj, System.Reflection.BindingFlags invokeAttr, System.Reflection.Binder binder, System.Object[] parameters, System.Globalization.CultureInfo culture) [0x0006a] in <9aad1b3a47484d63ba2b3985692d80e9>:0 
   --- End of inner exception stack trace ---
  at System.Reflection.RuntimeMethodInfo.Invoke (System.Object obj, System.Reflection.BindingFlags invokeAttr, System.Reflection.Binder binder, System.Object[] parameters, System.Globalization.CultureInfo culture) [0x00083] in <9aad1b3a47484d63ba2b3985692d80e9>:0 
  at System.Reflection.MethodBase.Invoke (System.Object obj, System.Object[] parameters) [0x00000] in <9aad1b3a47484d63ba2b3985692d80e9>:0 
  at UnityEditor.EditorAssemblies.ProcessInitializeOnLoadMethodAttributes () [0x000a5] in <0d6ce211ebbc47e1a35a84c3672ff58f>:0 
UnityEngine.StackTraceUtility:ExtractStackTrace ()
UnityEngine.DebugLogHandler:LogFormat (UnityEngine.LogType,UnityEngine.Object,string,object[])
UnityEngine.Logger:Log (UnityEngine.LogType,object)
UnityEngine.Debug:LogError (object)
UnityEditor.EditorAssemblies:ProcessInitializeOnLoadMethodAttributes ()

Mono: successfully reloaded assembly
- Completed reload, in  1.016 seconds
Domain Reload Profiling:
	ReloadAssembly (1017ms)
		BeginReloadAssembly (118ms)
			ExecutionOrderSort (0ms)
			DisableScriptedObjects (5ms)
			BackupInstance (0ms)
			ReleaseScriptingObjects (0ms)
			CreateAndSetChildDomain (37ms)
		EndReloadAssembly (818ms)
			LoadAssemblies (81ms)
			RebuildTransferFunctionScriptingTraits (0ms)
			SetupTypeCache (206ms)
			ReleaseScriptCaches (2ms)
			RebuildScriptCaches (41ms)
			SetupLoadedEditorAssemblies (415ms)
				LogAssemblyErrors (0ms)
				InitializePlatformSupportModulesInManaged (17ms)
				SetLoadedEditorAssemblies (0ms)
				RefreshPlugins (1ms)
				BeforeProcessingInitializeOnLoad (77ms)
				ProcessInitializeOnLoadAttributes (239ms)
				ProcessInitializeOnLoadMethodAttributes (72ms)
				AfterProcessingInitializeOnLoad (8ms)
				EditorAssembliesLoaded (0ms)
			ExecutionOrderSort2 (0ms)
			AwakeInstancesAfterBackupRestoration (14ms)
Platform modules already initialized, skipping
Refreshing native plugins compatible for Editor in 5.82 ms, found 11 plugins.
Preloading 1 native plugins for Editor in 0.08 ms.
Unloading 5787 Unused Serialized files (Serialized files now loaded: 0)
Unloading 57 unused Assets / (1.1 MB). Loaded Objects now: 6432.
Memory consumption went from 247.3 MB to 246.2 MB.
Total: 4.064500 ms (FindLiveObjects: 0.492100 ms CreateObjectMapping: 0.341900 ms MarkObjects: 2.773900 ms  DeleteObjects: 0.455800 ms)

AssetImportParameters requested are different than current active one (requested -> active):
  custom:video-decoder-ogg-theora: a1e56fd34408186e4bbccfd4996cb3dc -> 
  custom:container-muxer-webm: aa71ff27fc2769a1b78a27578f13a17b -> 
  custom:container-demuxer-webm: 4f35f7cbe854078d1ac9338744f61a02 -> 
  custom:video-encoder-webm-vp8: eb34c28f22e8b96e1ab97ce403110664 -> 
  custom:audio-encoder-webm-vorbis: bf7c407c2cedff20999df2af8eb42d56 -> 
  custom:framework-win-MediaFoundation: 216162199b28c13a410421893ffa2e32 -> 
  custom:container-demuxer-ogg: 62fdf1f143b41e24485cea50d1cbac27 -> 
  custom:video-decoder-webm-vp8: 9c59270c3fd7afecdb556c50c9e8de78 -> 
  custom:audio-decoder-ogg-vorbis: bf7c407c2cedff20999df2af8eb42d56 -> 
========================================================================
Received Import Request.
  Time since last request: 495.025379 seconds.
  path: Assets/@MyAssets/Prefabs/Piezas/Ruedas/Wheel_Classic.prefab
  artifactKey: Guid(749e0718750e5f5469e0bfc5095503e9) Importer(815301076,1909f56bfc062723c751e8b465ee728b)
Start importing Assets/@MyAssets/Prefabs/Piezas/Ruedas/Wheel_Classic.prefab using Guid(749e0718750e5f5469e0bfc5095503e9) Importer(815301076,1909f56bfc062723c751e8b465ee728b)  -> (artifact id: '75c404a4c44c1248fbe6129ebc122991') in 0.289711 seconds 
