Using pre-set license
Built from '2021.3/staging' branch; Version is '2021.3.9f1 (ad3870b89536) revision 11352176'; Using compiler version '192829333'; Build Type 'Release'
OS: 'Windows 10  (10.0.19045) 64bit Core' Language: 'es' Physical Memory: 16180 MB
BatchMode: 1, IsHumanControllingUs: 0, StartBugReporterOnCrash: 0, Is64bit: 1, IsPro: 1

COMMAND LINE ARGUMENTS:
C:\Program Files\Unity\Hub\Editor\2021.3.9f1\Editor\Unity.exe
-adb2
-batchMode
-noUpm
-name
AssetImportWorker2
-projectPath
C:/Users/usuario/Documents/GitHub/TallerCochesVR
-logFile
Logs/AssetImportWorker2.log
-srvPort
58067
Successfully changed project path to: C:/Users/usuario/Documents/GitHub/TallerCochesVR
C:/Users/usuario/Documents/GitHub/TallerCochesVR
[UnityMemory] Configuration Parameters - Can be set up in boot.config
    "memorysetup-bucket-allocator-granularity=16"
    "memorysetup-bucket-allocator-bucket-count=8"
    "memorysetup-bucket-allocator-block-size=33554432"
    "memorysetup-bucket-allocator-block-count=8"
    "memorysetup-main-allocator-block-size=16777216"
    "memorysetup-thread-allocator-block-size=16777216"
    "memorysetup-gfx-main-allocator-block-size=16777216"
    "memorysetup-gfx-thread-allocator-block-size=16777216"
    "memorysetup-cache-allocator-block-size=4194304"
    "memorysetup-typetree-allocator-block-size=2097152"
    "memorysetup-profiler-bucket-allocator-granularity=16"
    "memorysetup-profiler-bucket-allocator-bucket-count=8"
    "memorysetup-profiler-bucket-allocator-block-size=33554432"
    "memorysetup-profiler-bucket-allocator-block-count=8"
    "memorysetup-profiler-allocator-block-size=16777216"
    "memorysetup-profiler-editor-allocator-block-size=1048576"
    "memorysetup-temp-allocator-size-main=16777216"
    "memorysetup-job-temp-allocator-block-size=2097152"
    "memorysetup-job-temp-allocator-block-size-background=1048576"
    "memorysetup-job-temp-allocator-reduction-small-platforms=262144"
    "memorysetup-temp-allocator-size-background-worker=32768"
    "memorysetup-temp-allocator-size-job-worker=262144"
    "memorysetup-temp-allocator-size-preload-manager=33554432"
    "memorysetup-temp-allocator-size-nav-mesh-worker=65536"
    "memorysetup-temp-allocator-size-audio-worker=65536"
    "memorysetup-temp-allocator-size-cloud-worker=32768"
    "memorysetup-temp-allocator-size-gi-baking-worker=262144"
    "memorysetup-temp-allocator-size-gfx=262144"
Refreshing native plugins compatible for Editor in 217.34 ms, found 11 plugins.
Preloading 1 native plugins for Editor in 1.65 ms.
Initialize engine version: 2021.3.9f1 (ad3870b89536)
[Subsystems] Discovering subsystems at path C:/Program Files/Unity/Hub/Editor/2021.3.9f1/Editor/Data/Resources/UnitySubsystems
[Subsystems] Discovering subsystems at path C:/Users/usuario/Documents/GitHub/TallerCochesVR/Assets
GfxDevice: creating device client; threaded=0; jobified=0
Direct3D:
    Version:  Direct3D 11.0 [level 11.1]
    Renderer: NVIDIA GeForce RTX 3060 (ID=0x2504)
    Vendor:   NVIDIA
    VRAM:     12129 MB
    Driver:   31.0.15.3623
Initialize mono
Mono path[0] = 'C:/Program Files/Unity/Hub/Editor/2021.3.9f1/Editor/Data/Managed'
Mono path[1] = 'C:/Program Files/Unity/Hub/Editor/2021.3.9f1/Editor/Data/MonoBleedingEdge/lib/mono/unityjit-win32'
Mono config path = 'C:/Program Files/Unity/Hub/Editor/2021.3.9f1/Editor/Data/MonoBleedingEdge/etc'
Using monoOptions --debugger-agent=transport=dt_socket,embedding=1,server=y,suspend=n,address=127.0.0.1:56816
Begin MonoManager ReloadAssembly
Registering precompiled unity dll's ...
Register platform support module: C:/Program Files/Unity/Hub/Editor/2021.3.9f1/Editor/Data/PlaybackEngines/AndroidPlayer/UnityEditor.Android.Extensions.dll
Register platform support module: C:/Program Files/Unity/Hub/Editor/2021.3.9f1/Editor/Data/PlaybackEngines/WindowsStandaloneSupport/UnityEditor.WindowsStandalone.Extensions.dll
Registered in 0.008019 seconds.
Native extension for WindowsStandalone target not found
Native extension for Android target not found
Refreshing native plugins compatible for Editor in 94.21 ms, found 11 plugins.
Preloading 1 native plugins for Editor in 0.16 ms.
Mono: successfully reloaded assembly
- Completed reload, in  0.574 seconds
Domain Reload Profiling:
	ReloadAssembly (574ms)
		BeginReloadAssembly (64ms)
			ExecutionOrderSort (0ms)
			DisableScriptedObjects (0ms)
			BackupInstance (0ms)
			ReleaseScriptingObjects (0ms)
			CreateAndSetChildDomain (1ms)
		EndReloadAssembly (417ms)
			LoadAssemblies (61ms)
			RebuildTransferFunctionScriptingTraits (0ms)
			SetupTypeCache (85ms)
			ReleaseScriptCaches (0ms)
			RebuildScriptCaches (18ms)
			SetupLoadedEditorAssemblies (267ms)
				LogAssemblyErrors (0ms)
				InitializePlatformSupportModulesInManaged (51ms)
				SetLoadedEditorAssemblies (0ms)
				RefreshPlugins (94ms)
				BeforeProcessingInitializeOnLoad (1ms)
				ProcessInitializeOnLoadAttributes (78ms)
				ProcessInitializeOnLoadMethodAttributes (42ms)
				AfterProcessingInitializeOnLoad (0ms)
				EditorAssembliesLoaded (0ms)
			ExecutionOrderSort2 (0ms)
			AwakeInstancesAfterBackupRestoration (0ms)
Platform modules already initialized, skipping
Registering precompiled user dll's ...
Registered in 0.012428 seconds.
Begin MonoManager ReloadAssembly
Symbol file LoadedFromMemory doesn't match image C:\Users\usuario\Documents\GitHub\TallerCochesVR\Library\PackageCache\com.unity.visualscripting@1.7.8\Editor\VisualScripting.Core\Dependencies\DotNetZip\Unity.VisualScripting.IonicZip.dll
Symbol file LoadedFromMemory doesn't match image C:\Users\usuario\Documents\GitHub\TallerCochesVR\Library\PackageCache\com.unity.visualscripting@1.7.8\Editor\VisualScripting.Core\Dependencies\YamlDotNet\Unity.VisualScripting.YamlDotNet.dll
Native extension for WindowsStandalone target not found
Native extension for Android target not found
Refreshing native plugins compatible for Editor in 97.61 ms, found 11 plugins.
Preloading 1 native plugins for Editor in 0.08 ms.
Package Manager log level set to [2]
System.Reflection.TargetInvocationException: Exception has been thrown by the target of an invocation. ---> System.NullReferenceException: Object reference not set to an instance of an object
  at Unity.XR.Oculus.OculusLoader.AssetPathToAbsolutePath (System.String assetPath) [0x0003d] in C:\Users\usuario\Documents\GitHub\TallerCochesVR\Library\PackageCache\com.unity.xr.oculus@3.0.2\Runtime\OculusLoader.cs:271 
  at Unity.XR.Oculus.OculusLoader.EditorLoadOVRPlugin () [0x0007b] in C:\Users\usuario\Documents\GitHub\TallerCochesVR\Library\PackageCache\com.unity.xr.oculus@3.0.2\Runtime\OculusLoader.cs:256 
  at (wrapper managed-to-native) System.Reflection.RuntimeMethodInfo.InternalInvoke(System.Reflection.RuntimeMethodInfo,object,object[],System.Exception&)
  at System.Reflection.RuntimeMethodInfo.Invoke (System.Object obj, System.Reflection.BindingFlags invokeAttr, System.Reflection.Binder binder, System.Object[] parameters, System.Globalization.CultureInfo culture) [0x0006a] in <9aad1b3a47484d63ba2b3985692d80e9>:0 
   --- End of inner exception stack trace ---
  at System.Reflection.RuntimeMethodInfo.Invoke (System.Object obj, System.Reflection.BindingFlags invokeAttr, System.Reflection.Binder binder, System.Object[] parameters, System.Globalization.CultureInfo culture) [0x00083] in <9aad1b3a47484d63ba2b3985692d80e9>:0 
  at System.Reflection.MethodBase.Invoke (System.Object obj, System.Object[] parameters) [0x00000] in <9aad1b3a47484d63ba2b3985692d80e9>:0 
  at UnityEditor.EditorAssemblies.ProcessInitializeOnLoadMethodAttributes () [0x000a5] in <0d6ce211ebbc47e1a35a84c3672ff58f>:0 
UnityEngine.StackTraceUtility:ExtractStackTrace ()
UnityEngine.DebugLogHandler:LogFormat (UnityEngine.LogType,UnityEngine.Object,string,object[])
UnityEngine.Logger:Log (UnityEngine.LogType,object)
UnityEngine.Debug:LogError (object)
UnityEditor.EditorAssemblies:ProcessInitializeOnLoadMethodAttributes ()

Mono: successfully reloaded assembly
- Completed reload, in  1.505 seconds
Domain Reload Profiling:
	ReloadAssembly (1505ms)
		BeginReloadAssembly (205ms)
			ExecutionOrderSort (0ms)
			DisableScriptedObjects (4ms)
			BackupInstance (0ms)
			ReleaseScriptingObjects (0ms)
			CreateAndSetChildDomain (130ms)
		EndReloadAssembly (1198ms)
			LoadAssemblies (251ms)
			RebuildTransferFunctionScriptingTraits (0ms)
			SetupTypeCache (229ms)
			ReleaseScriptCaches (1ms)
			RebuildScriptCaches (58ms)
			SetupLoadedEditorAssemblies (617ms)
				LogAssemblyErrors (0ms)
				InitializePlatformSupportModulesInManaged (12ms)
				SetLoadedEditorAssemblies (0ms)
				RefreshPlugins (98ms)
				BeforeProcessingInitializeOnLoad (110ms)
				ProcessInitializeOnLoadAttributes (310ms)
				ProcessInitializeOnLoadMethodAttributes (79ms)
				AfterProcessingInitializeOnLoad (8ms)
				EditorAssembliesLoaded (0ms)
			ExecutionOrderSort2 (0ms)
			AwakeInstancesAfterBackupRestoration (4ms)
Platform modules already initialized, skipping
========================================================================
Worker process is ready to serve import requests
Launched and connected shader compiler UnityShaderCompiler.exe after 0.07 seconds
Refreshing native plugins compatible for Editor in 1.10 ms, found 11 plugins.
Preloading 1 native plugins for Editor in 0.09 ms.
Unloading 5920 Unused Serialized files (Serialized files now loaded: 0)
Unloading 67 unused Assets / (1.1 MB). Loaded Objects now: 6352.
Memory consumption went from 239.8 MB to 238.7 MB.
Total: 4.559300 ms (FindLiveObjects: 0.889200 ms CreateObjectMapping: 0.249800 ms MarkObjects: 2.972000 ms  DeleteObjects: 0.446900 ms)

AssetImportParameters requested are different than current active one (requested -> active):
  custom:video-decoder-ogg-theora: a1e56fd34408186e4bbccfd4996cb3dc -> 
  custom:container-muxer-webm: aa71ff27fc2769a1b78a27578f13a17b -> 
  custom:container-demuxer-webm: 4f35f7cbe854078d1ac9338744f61a02 -> 
  custom:video-encoder-webm-vp8: eb34c28f22e8b96e1ab97ce403110664 -> 
  custom:audio-encoder-webm-vorbis: bf7c407c2cedff20999df2af8eb42d56 -> 
  custom:framework-win-MediaFoundation: 216162199b28c13a410421893ffa2e32 -> 
  custom:container-demuxer-ogg: 62fdf1f143b41e24485cea50d1cbac27 -> 
  custom:video-decoder-webm-vp8: 9c59270c3fd7afecdb556c50c9e8de78 -> 
  custom:audio-decoder-ogg-vorbis: bf7c407c2cedff20999df2af8eb42d56 -> 
========================================================================
Received Import Request.
  Time since last request: 203843.700357 seconds.
  path: Assets/PolygonalMind/LowPolyOffice/Characters/Textures
  artifactKey: Guid(97f514be1e97bf240a51edfa9d7a6c96) Importer(815301076,1909f56bfc062723c751e8b465ee728b)
Start importing Assets/PolygonalMind/LowPolyOffice/Characters/Textures using Guid(97f514be1e97bf240a51edfa9d7a6c96) Importer(815301076,1909f56bfc062723c751e8b465ee728b)  -> (artifact id: '00c93f794f632b9c03e03e7ec7b0b827') in 0.017363 seconds 
========================================================================
Received Import Request.
  Time since last request: 0.039587 seconds.
  path: Assets/PolygonalMind/LowPolyOffice/Characters/Textures/texture_01.png
  artifactKey: Guid(577fcb3a5944ef040b25e05e792ae7f1) Importer(815301076,1909f56bfc062723c751e8b465ee728b)
Start importing Assets/PolygonalMind/LowPolyOffice/Characters/Textures/texture_01.png using Guid(577fcb3a5944ef040b25e05e792ae7f1) Importer(815301076,1909f56bfc062723c751e8b465ee728b)  -> (artifact id: '4ee42e0a122ce6955341288cace2c02d') in 0.126488 seconds 
========================================================================
Received Import Request.
  Time since last request: 16.668056 seconds.
  path: Assets/PolygonalMind/LowPolyOffice/Props
  artifactKey: Guid(79eb3bd2475daea438944f579c94864a) Importer(815301076,1909f56bfc062723c751e8b465ee728b)
Start importing Assets/PolygonalMind/LowPolyOffice/Props using Guid(79eb3bd2475daea438944f579c94864a) Importer(815301076,1909f56bfc062723c751e8b465ee728b)  -> (artifact id: '19ec09500a58064c0b7ef754e017b3c8') in 0.007394 seconds 
========================================================================
Received Import Request.
  Time since last request: 0.055854 seconds.
  path: Assets/PolygonalMind/LowPolyOffice/Props/mesh_3dPrinter.fbx
  artifactKey: Guid(a87a53b996c2d6a4782bff6305722eb1) Importer(815301076,1909f56bfc062723c751e8b465ee728b)
Start importing Assets/PolygonalMind/LowPolyOffice/Props/mesh_3dPrinter.fbx using Guid(a87a53b996c2d6a4782bff6305722eb1) Importer(815301076,1909f56bfc062723c751e8b465ee728b)  -> (artifact id: '4b21001b8be441b91cda9efb15d9cff7') in 0.330667 seconds 
========================================================================
Received Import Request.
  Time since last request: 0.000029 seconds.
  path: Assets/PolygonalMind/LowPolyOffice/Props/mesh_eraser.fbx
  artifactKey: Guid(68fd357edabc8f14ab368201b1678cfc) Importer(815301076,1909f56bfc062723c751e8b465ee728b)
Start importing Assets/PolygonalMind/LowPolyOffice/Props/mesh_eraser.fbx using Guid(68fd357edabc8f14ab368201b1678cfc) Importer(815301076,1909f56bfc062723c751e8b465ee728b)  -> (artifact id: '13126ba5376fec2fcd1cc84f888fcda0') in 0.040301 seconds 
========================================================================
Received Import Request.
  Time since last request: 0.000039 seconds.
  path: Assets/PolygonalMind/LowPolyOffice/Props/mesh_table_a_01.fbx
  artifactKey: Guid(6f2edcb5c8690d446b62b285782079db) Importer(815301076,1909f56bfc062723c751e8b465ee728b)
Start importing Assets/PolygonalMind/LowPolyOffice/Props/mesh_table_a_01.fbx using Guid(6f2edcb5c8690d446b62b285782079db) Importer(815301076,1909f56bfc062723c751e8b465ee728b)  -> (artifact id: '51c750a128451509f3c805fe49d47ceb') in 0.030000 seconds 
========================================================================
Received Import Request.
  Time since last request: 0.000024 seconds.
  path: Assets/PolygonalMind/LowPolyOffice/Props/mesh_fan.fbx
  artifactKey: Guid(687d190e4762bc54d928c33d43c01e95) Importer(815301076,1909f56bfc062723c751e8b465ee728b)
Start importing Assets/PolygonalMind/LowPolyOffice/Props/mesh_fan.fbx using Guid(687d190e4762bc54d928c33d43c01e95) Importer(815301076,1909f56bfc062723c751e8b465ee728b)  -> (artifact id: '6a6f7b8d60ea80e8aa5a51bb3b854081') in 0.041248 seconds 
========================================================================
Received Import Request.
  Time since last request: 0.000030 seconds.
  path: Assets/PolygonalMind/LowPolyOffice/Props/mesh_stamp.fbx
  artifactKey: Guid(3ace4874a506ab845b660c5c2fb50b8a) Importer(815301076,1909f56bfc062723c751e8b465ee728b)
Start importing Assets/PolygonalMind/LowPolyOffice/Props/mesh_stamp.fbx using Guid(3ace4874a506ab845b660c5c2fb50b8a) Importer(815301076,1909f56bfc062723c751e8b465ee728b)  -> (artifact id: '44343fd5dd7c0ad74633fea451476d0d') in 0.040048 seconds 
========================================================================
Received Import Request.
  Time since last request: 0.000022 seconds.
  path: Assets/PolygonalMind/LowPolyOffice/Props/mesh_safebox_01.fbx
  artifactKey: Guid(4bd711a34ca838c41afde7b040cd2369) Importer(815301076,1909f56bfc062723c751e8b465ee728b)
Start importing Assets/PolygonalMind/LowPolyOffice/Props/mesh_safebox_01.fbx using Guid(4bd711a34ca838c41afde7b040cd2369) Importer(815301076,1909f56bfc062723c751e8b465ee728b)  -> (artifact id: 'ddabfff6f15002f569daaf5e33e6d133') in 0.031837 seconds 
========================================================================
Received Import Request.
  Time since last request: 0.000027 seconds.
  path: Assets/PolygonalMind/LowPolyOffice/Props/Mesh_Wall_Standar.fbx
  artifactKey: Guid(8f747c61c6f15754b99fb57be237571c) Importer(815301076,1909f56bfc062723c751e8b465ee728b)
Start importing Assets/PolygonalMind/LowPolyOffice/Props/Mesh_Wall_Standar.fbx using Guid(8f747c61c6f15754b99fb57be237571c) Importer(815301076,1909f56bfc062723c751e8b465ee728b)  -> (artifact id: '2c6c312d0a208d09884989c7123c9096') in 0.021601 seconds 
========================================================================
Received Import Request.
  Time since last request: 0.000026 seconds.
  path: Assets/PolygonalMind/LowPolyOffice/Props/mesh_caution_wetfloor.fbx
  artifactKey: Guid(8fe609c4911afa54392239563cb7a49a) Importer(815301076,1909f56bfc062723c751e8b465ee728b)
Start importing Assets/PolygonalMind/LowPolyOffice/Props/mesh_caution_wetfloor.fbx using Guid(8fe609c4911afa54392239563cb7a49a) Importer(815301076,1909f56bfc062723c751e8b465ee728b)  -> (artifact id: '9ab8057343ccccdc97e984a30f9e29c3') in 0.044476 seconds 
========================================================================
Received Import Request.
  Time since last request: 0.000036 seconds.
  path: Assets/PolygonalMind/LowPolyOffice/Props/mesh_cleaning_cube.fbx
  artifactKey: Guid(073ad4d1b0bcb9c42999c82f3a243287) Importer(815301076,1909f56bfc062723c751e8b465ee728b)
Start importing Assets/PolygonalMind/LowPolyOffice/Props/mesh_cleaning_cube.fbx using Guid(073ad4d1b0bcb9c42999c82f3a243287) Importer(815301076,1909f56bfc062723c751e8b465ee728b)  -> (artifact id: '458ebb3c35fa59d7c2f1fba7fc8be625') in 0.033818 seconds 
========================================================================
Received Import Request.
  Time since last request: 0.000027 seconds.
  path: Assets/PolygonalMind/LowPolyOffice/Props/mesh_cleaning_sprayBottle.fbx
  artifactKey: Guid(7e74345b0f910414ab6013d907c57264) Importer(815301076,1909f56bfc062723c751e8b465ee728b)
Start importing Assets/PolygonalMind/LowPolyOffice/Props/mesh_cleaning_sprayBottle.fbx using Guid(7e74345b0f910414ab6013d907c57264) Importer(815301076,1909f56bfc062723c751e8b465ee728b)  -> (artifact id: 'a9de6bd22386cdebcef59ca89caca62a') in 0.034975 seconds 
========================================================================
Received Import Request.
  Time since last request: 0.000026 seconds.
  path: Assets/PolygonalMind/LowPolyOffice/Props/mesh_extinguisher_01.fbx
  artifactKey: Guid(e74d831e5f17ed542a7bbb5f55845c4d) Importer(815301076,1909f56bfc062723c751e8b465ee728b)
Start importing Assets/PolygonalMind/LowPolyOffice/Props/mesh_extinguisher_01.fbx using Guid(e74d831e5f17ed542a7bbb5f55845c4d) Importer(815301076,1909f56bfc062723c751e8b465ee728b)  -> (artifact id: '4cea5bf18b94784a1c48da53a789beae') in 0.025994 seconds 
========================================================================
Received Import Request.
  Time since last request: 0.000041 seconds.
  path: Assets/PolygonalMind/LowPolyOffice/Props/mesh_cleaning_cart.fbx
  artifactKey: Guid(c8d240abb19727340aeca0799fd2a023) Importer(815301076,1909f56bfc062723c751e8b465ee728b)
Start importing Assets/PolygonalMind/LowPolyOffice/Props/mesh_cleaning_cart.fbx using Guid(c8d240abb19727340aeca0799fd2a023) Importer(815301076,1909f56bfc062723c751e8b465ee728b)  -> (artifact id: '4655435a221ccb6cae3fbfca3d1ec5f0') in 0.031981 seconds 
========================================================================
Received Import Request.
  Time since last request: 0.000033 seconds.
  path: Assets/PolygonalMind/LowPolyOffice/Props/mesh_laptop_01.fbx
  artifactKey: Guid(d01bed409228d1040b01436565a3dec3) Importer(815301076,1909f56bfc062723c751e8b465ee728b)
Start importing Assets/PolygonalMind/LowPolyOffice/Props/mesh_laptop_01.fbx using Guid(d01bed409228d1040b01436565a3dec3) Importer(815301076,1909f56bfc062723c751e8b465ee728b)  -> (artifact id: '757f99155cf84a1a61eef1b9b5ac94b9') in 0.024553 seconds 
========================================================================
Received Import Request.
  Time since last request: 0.610197 seconds.
  path: Assets/PolygonalMind/LowPolyOffice/Props/Materials
  artifactKey: Guid(e4c3508dd13947d43ba8f181d959b839) Importer(815301076,1909f56bfc062723c751e8b465ee728b)
Start importing Assets/PolygonalMind/LowPolyOffice/Props/Materials using Guid(e4c3508dd13947d43ba8f181d959b839) Importer(815301076,1909f56bfc062723c751e8b465ee728b)  -> (artifact id: '23b135d09b7167e0db0283008fdf8fcc') in 0.002141 seconds 
========================================================================
Received Import Request.
  Time since last request: 0.131139 seconds.
  path: Assets/PolygonalMind/LowPolyOffice/Props/Materials/cloth.mat
  artifactKey: Guid(3955a8ac4d8821f41b15cb93304e2f3b) Importer(815301076,1909f56bfc062723c751e8b465ee728b)
Start importing Assets/PolygonalMind/LowPolyOffice/Props/Materials/cloth.mat using Guid(3955a8ac4d8821f41b15cb93304e2f3b) Importer(815301076,1909f56bfc062723c751e8b465ee728b)  -> (artifact id: 'bc9bfa06380681525ba07d6b5756f7f7') in 0.047191 seconds 
========================================================================
Received Import Request.
  Time since last request: 0.000027 seconds.
  path: Assets/PolygonalMind/LowPolyOffice/Props/Materials/metal.mat
  artifactKey: Guid(59f7e7ebc565806469169157dd769854) Importer(815301076,1909f56bfc062723c751e8b465ee728b)
Start importing Assets/PolygonalMind/LowPolyOffice/Props/Materials/metal.mat using Guid(59f7e7ebc565806469169157dd769854) Importer(815301076,1909f56bfc062723c751e8b465ee728b)  -> (artifact id: 'c970440a93f8dd117a73c52e315f5617') in 0.016441 seconds 
========================================================================
Received Import Request.
  Time since last request: 0.000027 seconds.
  path: Assets/PolygonalMind/LowPolyOffice/Props/Materials/screen.mat
  artifactKey: Guid(8d43a69e0ee7c1b45a3d5750b9b8143e) Importer(815301076,1909f56bfc062723c751e8b465ee728b)
Start importing Assets/PolygonalMind/LowPolyOffice/Props/Materials/screen.mat using Guid(8d43a69e0ee7c1b45a3d5750b9b8143e) Importer(815301076,1909f56bfc062723c751e8b465ee728b)  -> (artifact id: '503479c354a776286482afb6e85825fe') in 0.014297 seconds 
========================================================================
Received Import Request.
  Time since last request: 12.899560 seconds.
  path: Assets/PolygonalMind/LowPolyOffice/Scenes
  artifactKey: Guid(b13a898b1a19028439c1a0aef3252af2) Importer(815301076,1909f56bfc062723c751e8b465ee728b)
Start importing Assets/PolygonalMind/LowPolyOffice/Scenes using Guid(b13a898b1a19028439c1a0aef3252af2) Importer(815301076,1909f56bfc062723c751e8b465ee728b)  -> (artifact id: 'fb363a34cac62ddb8d4c67d911f206e7') in 0.007406 seconds 
========================================================================
Received Import Request.
  Time since last request: 1.289246 seconds.
  path: Assets/PolygonalMind/LowPolyOffice/Scenes/Demo Scene
  artifactKey: Guid(ad8730c5555010c4a873f8b7f6f84851) Importer(815301076,1909f56bfc062723c751e8b465ee728b)
Start importing Assets/PolygonalMind/LowPolyOffice/Scenes/Demo Scene using Guid(ad8730c5555010c4a873f8b7f6f84851) Importer(815301076,1909f56bfc062723c751e8b465ee728b)  -> (artifact id: '20825147e7a0404c4a7749ae3f74b866') in 0.007169 seconds 
========================================================================
Received Import Request.
  Time since last request: 0.053683 seconds.
  path: Assets/PolygonalMind/LowPolyOffice/Scenes/Demo Scene/Sitting (1).fbx
  artifactKey: Guid(e15dbac1b30bbe04184c911e7fd6e70d) Importer(815301076,1909f56bfc062723c751e8b465ee728b)
Start importing Assets/PolygonalMind/LowPolyOffice/Scenes/Demo Scene/Sitting (1).fbx using Guid(e15dbac1b30bbe04184c911e7fd6e70d) Importer(815301076,1909f56bfc062723c751e8b465ee728b)  -> (artifact id: '026f930a125a3854a133cfa7b01b929c') in 0.072192 seconds 
========================================================================
Received Import Request.
  Time since last request: 1.932938 seconds.
  path: Assets/PolygonalMind/LowPolyOffice/Scenes/Demo Scene/Textures
  artifactKey: Guid(874b5baa22fa27f4caaa2b45121f2af0) Importer(815301076,1909f56bfc062723c751e8b465ee728b)
Start importing Assets/PolygonalMind/LowPolyOffice/Scenes/Demo Scene/Textures using Guid(874b5baa22fa27f4caaa2b45121f2af0) Importer(815301076,1909f56bfc062723c751e8b465ee728b)  -> (artifact id: '09836640a093e5c80a5cc0a1a6c92f1f') in 0.002099 seconds 
========================================================================
Received Import Request.
  Time since last request: 12.282222 seconds.
  path: Assets/PolygonalMind/LowPolyOffice/Props/mesh_whiteBoard.fbx
  artifactKey: Guid(1bef504c6cbc5794997df0dd46bb4c40) Importer(815301076,1909f56bfc062723c751e8b465ee728b)
Start importing Assets/PolygonalMind/LowPolyOffice/Props/mesh_whiteBoard.fbx using Guid(1bef504c6cbc5794997df0dd46bb4c40) Importer(815301076,1909f56bfc062723c751e8b465ee728b)  -> (artifact id: '777a59c8fc2f01f72593c366cb933b5e') in 0.080294 seconds 
========================================================================
Received Import Request.
  Time since last request: 2.859535 seconds.
  path: Assets/PolygonalMind/LowPolyOffice/Scenes/GridScene.unity
  artifactKey: Guid(e8840a4d2b369c54bbaaa208eaaa67fd) Importer(815301076,1909f56bfc062723c751e8b465ee728b)
Start importing Assets/PolygonalMind/LowPolyOffice/Scenes/GridScene.unity using Guid(e8840a4d2b369c54bbaaa208eaaa67fd) Importer(815301076,1909f56bfc062723c751e8b465ee728b)  -> (artifact id: '2452bac54bdeb8d153f8be268f3b62fb') in 0.006958 seconds 
========================================================================
Received Import Request.
  Time since last request: 313.968976 seconds.
  path: Assets/TextMesh Pro
  artifactKey: Guid(f54d1bd14bd3ca042bd867b519fee8cc) Importer(815301076,1909f56bfc062723c751e8b465ee728b)
Start importing Assets/TextMesh Pro using Guid(f54d1bd14bd3ca042bd867b519fee8cc) Importer(815301076,1909f56bfc062723c751e8b465ee728b)  -> (artifact id: 'f5648c5ef36b7beab651a001a8d08867') in 0.007359 seconds 
========================================================================
Received Import Request.
  Time since last request: 1.125497 seconds.
  path: Assets/LowPolyOfficeProps_LITE
  artifactKey: Guid(0e82c2097dd8d2049a3291c2232f624a) Importer(815301076,1909f56bfc062723c751e8b465ee728b)
Start importing Assets/LowPolyOfficeProps_LITE using Guid(0e82c2097dd8d2049a3291c2232f624a) Importer(815301076,1909f56bfc062723c751e8b465ee728b)  -> (artifact id: 'c2b9ff36a54cc55f751c0951abfcd9a8') in 0.007342 seconds 
========================================================================
Received Import Request.
  Time since last request: 3.460797 seconds.
  path: Assets/LowPolyOfficeProps_LITE/Meshes
  artifactKey: Guid(90afe3c9aa175af4baf36cbbee84b4d4) Importer(815301076,1909f56bfc062723c751e8b465ee728b)
Start importing Assets/LowPolyOfficeProps_LITE/Meshes using Guid(90afe3c9aa175af4baf36cbbee84b4d4) Importer(815301076,1909f56bfc062723c751e8b465ee728b)  -> (artifact id: '3ba99e539acaedb8c5ce2c8006ca3262') in 0.007138 seconds 
========================================================================
Received Import Request.
  Time since last request: 0.139394 seconds.
  path: Assets/LowPolyOfficeProps_LITE/Meshes/Briefcase.fbx
  artifactKey: Guid(fc010527ef171d14385afc57bd308878) Importer(815301076,1909f56bfc062723c751e8b465ee728b)
Start importing Assets/LowPolyOfficeProps_LITE/Meshes/Briefcase.fbx using Guid(fc010527ef171d14385afc57bd308878) Importer(815301076,1909f56bfc062723c751e8b465ee728b)  -> (artifact id: 'f45e1bd6d28d9d9c551d241b206e0a51') in 0.040655 seconds 
========================================================================
Received Import Request.
  Time since last request: 0.000030 seconds.
  path: Assets/LowPolyOfficeProps_LITE/Meshes/PlantPotLargeA.fbx
  artifactKey: Guid(5503963d1f47d1943b001878606790ba) Importer(815301076,1909f56bfc062723c751e8b465ee728b)
Start importing Assets/LowPolyOfficeProps_LITE/Meshes/PlantPotLargeA.fbx using Guid(5503963d1f47d1943b001878606790ba) Importer(815301076,1909f56bfc062723c751e8b465ee728b)  -> (artifact id: '6047801c17f90ef692aed6d55b66ee2b') in 0.076236 seconds 
========================================================================
Received Import Request.
  Time since last request: 0.000032 seconds.
  path: Assets/LowPolyOfficeProps_LITE/Meshes/Chair_Conference_Green.fbx
  artifactKey: Guid(361a346e5fbb4bd4395e265c6eeb4379) Importer(815301076,1909f56bfc062723c751e8b465ee728b)
Start importing Assets/LowPolyOfficeProps_LITE/Meshes/Chair_Conference_Green.fbx using Guid(361a346e5fbb4bd4395e265c6eeb4379) Importer(815301076,1909f56bfc062723c751e8b465ee728b)  -> (artifact id: '213aabca2adf0c09f46558897dff685b') in 0.020372 seconds 
========================================================================
Received Import Request.
  Time since last request: 0.000019 seconds.
  path: Assets/LowPolyOfficeProps_LITE/Meshes/Laptop_On.fbx
  artifactKey: Guid(76baa3562988f574695af0616b6c927d) Importer(815301076,1909f56bfc062723c751e8b465ee728b)
Start importing Assets/LowPolyOfficeProps_LITE/Meshes/Laptop_On.fbx using Guid(76baa3562988f574695af0616b6c927d) Importer(815301076,1909f56bfc062723c751e8b465ee728b)  -> (artifact id: '56343fee8a3d00bf8bd6b77a1707067c') in 0.020414 seconds 
========================================================================
Received Import Request.
  Time since last request: 0.000025 seconds.
  path: Assets/LowPolyOfficeProps_LITE/Meshes/PenClosed.fbx
  artifactKey: Guid(561bc2c9b2ca3584d91c6cdac16b7ad8) Importer(815301076,1909f56bfc062723c751e8b465ee728b)
Start importing Assets/LowPolyOfficeProps_LITE/Meshes/PenClosed.fbx using Guid(561bc2c9b2ca3584d91c6cdac16b7ad8) Importer(815301076,1909f56bfc062723c751e8b465ee728b)  -> (artifact id: '9f6667d0cc8d600af8a3ae98b2c1fea0') in 0.022724 seconds 
========================================================================
Received Import Request.
  Time since last request: 0.000023 seconds.
  path: Assets/LowPolyOfficeProps_LITE/Meshes/Chair_Office_Olive.fbx
  artifactKey: Guid(c54e958544e17304eba517c5336e21fa) Importer(815301076,1909f56bfc062723c751e8b465ee728b)
Start importing Assets/LowPolyOfficeProps_LITE/Meshes/Chair_Office_Olive.fbx using Guid(c54e958544e17304eba517c5336e21fa) Importer(815301076,1909f56bfc062723c751e8b465ee728b)  -> (artifact id: 'd5ef9aefdc6f578ec33df68a60a261cc') in 0.022719 seconds 
========================================================================
Received Import Request.
  Time since last request: 0.000023 seconds.
  path: Assets/LowPolyOfficeProps_LITE/Meshes/Chair_Office_Green.fbx
  artifactKey: Guid(094f527512019574f932c794903dddb1) Importer(815301076,1909f56bfc062723c751e8b465ee728b)
Start importing Assets/LowPolyOfficeProps_LITE/Meshes/Chair_Office_Green.fbx using Guid(094f527512019574f932c794903dddb1) Importer(815301076,1909f56bfc062723c751e8b465ee728b)  -> (artifact id: '33bfaa7955a41ac8688a42647df24f25') in 0.018914 seconds 
========================================================================
Received Import Request.
  Time since last request: 0.000023 seconds.
  path: Assets/LowPolyOfficeProps_LITE/Meshes/Chair_DeskChair_Turquoise.fbx
  artifactKey: Guid(a9edd674eaba05f429ec00cbffb2f451) Importer(815301076,1909f56bfc062723c751e8b465ee728b)
Start importing Assets/LowPolyOfficeProps_LITE/Meshes/Chair_DeskChair_Turquoise.fbx using Guid(a9edd674eaba05f429ec00cbffb2f451) Importer(815301076,1909f56bfc062723c751e8b465ee728b)  -> (artifact id: 'a3a8fc641c867632c9813384fddb821f') in 0.019032 seconds 
========================================================================
Received Import Request.
  Time since last request: 0.000024 seconds.
  path: Assets/LowPolyOfficeProps_LITE/Meshes/Chair_DeskChair_Green.fbx
  artifactKey: Guid(6d832bf52eee2ba45bcaa8a4d367f5a8) Importer(815301076,1909f56bfc062723c751e8b465ee728b)
Start importing Assets/LowPolyOfficeProps_LITE/Meshes/Chair_DeskChair_Green.fbx using Guid(6d832bf52eee2ba45bcaa8a4d367f5a8) Importer(815301076,1909f56bfc062723c751e8b465ee728b)  -> (artifact id: '4562c33a5f9e672301623e0f207424c6') in 0.018690 seconds 
========================================================================
Received Import Request.
  Time since last request: 0.000026 seconds.
  path: Assets/LowPolyOfficeProps_LITE/Meshes/Chair_Office_Turquoise.fbx
  artifactKey: Guid(342c39c21ed1cc04ba753e6c8956b102) Importer(815301076,1909f56bfc062723c751e8b465ee728b)
Start importing Assets/LowPolyOfficeProps_LITE/Meshes/Chair_Office_Turquoise.fbx using Guid(342c39c21ed1cc04ba753e6c8956b102) Importer(815301076,1909f56bfc062723c751e8b465ee728b)  -> (artifact id: '1f79b684e59d20e6854c0caebdb93694') in 0.021968 seconds 
========================================================================
Received Import Request.
  Time since last request: 0.000029 seconds.
  path: Assets/LowPolyOfficeProps_LITE/Meshes/FilingCabinet_Drawer.fbx
  artifactKey: Guid(480530870ee297245a6a5ce0f8259983) Importer(815301076,1909f56bfc062723c751e8b465ee728b)
Start importing Assets/LowPolyOfficeProps_LITE/Meshes/FilingCabinet_Drawer.fbx using Guid(480530870ee297245a6a5ce0f8259983) Importer(815301076,1909f56bfc062723c751e8b465ee728b)  -> (artifact id: 'c25265d2d2b53440b35d6778d5535c64') in 0.019317 seconds 
========================================================================
Received Import Request.
  Time since last request: 0.000051 seconds.
  path: Assets/LowPolyOfficeProps_LITE/Meshes/Chair_Conference_Teal.fbx
  artifactKey: Guid(ee2b7c002898934488c18ae79225b6b8) Importer(815301076,1909f56bfc062723c751e8b465ee728b)
Start importing Assets/LowPolyOfficeProps_LITE/Meshes/Chair_Conference_Teal.fbx using Guid(ee2b7c002898934488c18ae79225b6b8) Importer(815301076,1909f56bfc062723c751e8b465ee728b)  -> (artifact id: '0ecee0fcd8747ff4618765afdc9345c7') in 0.021059 seconds 
========================================================================
Received Import Request.
  Time since last request: 0.000038 seconds.
  path: Assets/LowPolyOfficeProps_LITE/Meshes/Chair_Conference.fbx
  artifactKey: Guid(32d2b5fb7e61de84195cafe92d39b3ad) Importer(815301076,1909f56bfc062723c751e8b465ee728b)
Start importing Assets/LowPolyOfficeProps_LITE/Meshes/Chair_Conference.fbx using Guid(32d2b5fb7e61de84195cafe92d39b3ad) Importer(815301076,1909f56bfc062723c751e8b465ee728b)  -> (artifact id: '0220ce171877480608473c13ed44739f') in 0.021895 seconds 
========================================================================
Received Import Request.
  Time since last request: 0.000024 seconds.
  path: Assets/LowPolyOfficeProps_LITE/Meshes/Chair_DeskChair_Olive.fbx
  artifactKey: Guid(d42579aeb015e0048a88c69cc6b88ec6) Importer(815301076,1909f56bfc062723c751e8b465ee728b)
Start importing Assets/LowPolyOfficeProps_LITE/Meshes/Chair_DeskChair_Olive.fbx using Guid(d42579aeb015e0048a88c69cc6b88ec6) Importer(815301076,1909f56bfc062723c751e8b465ee728b)  -> (artifact id: '6c03300b0281e255f693042800073535') in 0.027497 seconds 
========================================================================
Received Import Request.
  Time since last request: 0.000026 seconds.
  path: Assets/LowPolyOfficeProps_LITE/Meshes/Tablet.fbx
  artifactKey: Guid(b0e785b24d3dc2f46a3981184474a24e) Importer(815301076,1909f56bfc062723c751e8b465ee728b)
Start importing Assets/LowPolyOfficeProps_LITE/Meshes/Tablet.fbx using Guid(b0e785b24d3dc2f46a3981184474a24e) Importer(815301076,1909f56bfc062723c751e8b465ee728b)  -> (artifact id: '7469bae6988d298cea7b294cd9435730') in 0.023149 seconds 
========================================================================
Received Import Request.
  Time since last request: 0.000033 seconds.
  path: Assets/LowPolyOfficeProps_LITE/Meshes/PenLidTop.fbx
  artifactKey: Guid(cb6d8dfb89b89154cb28d2c78e341778) Importer(815301076,1909f56bfc062723c751e8b465ee728b)
Start importing Assets/LowPolyOfficeProps_LITE/Meshes/PenLidTop.fbx using Guid(cb6d8dfb89b89154cb28d2c78e341778) Importer(815301076,1909f56bfc062723c751e8b465ee728b)  -> (artifact id: '8a2eee89ebe2b57b35f45bd57db2709e') in 0.019320 seconds 
========================================================================
Received Import Request.
  Time since last request: 0.000017 seconds.
  path: Assets/LowPolyOfficeProps_LITE/Meshes/Chair_Conference_Olive.fbx
  artifactKey: Guid(539c862eca68e7944b36a400327dbdfe) Importer(815301076,1909f56bfc062723c751e8b465ee728b)
Start importing Assets/LowPolyOfficeProps_LITE/Meshes/Chair_Conference_Olive.fbx using Guid(539c862eca68e7944b36a400327dbdfe) Importer(815301076,1909f56bfc062723c751e8b465ee728b)  -> (artifact id: '991a747f16d65caa8a0f4e2ee4241072') in 0.019959 seconds 
========================================================================
Received Import Request.
  Time since last request: 0.000029 seconds.
  path: Assets/LowPolyOfficeProps_LITE/Meshes/Chair_DeskChair_Purple.fbx
  artifactKey: Guid(2550a28f8c08b40448be9fa292d18477) Importer(815301076,1909f56bfc062723c751e8b465ee728b)
Start importing Assets/LowPolyOfficeProps_LITE/Meshes/Chair_DeskChair_Purple.fbx using Guid(2550a28f8c08b40448be9fa292d18477) Importer(815301076,1909f56bfc062723c751e8b465ee728b)  -> (artifact id: '3fb8b10ad2636a8a62359d5ca74098e9') in 0.020720 seconds 
========================================================================
Received Import Request.
  Time since last request: 0.000028 seconds.
  path: Assets/LowPolyOfficeProps_LITE/Meshes/Chair_DeskChair_Red.fbx
  artifactKey: Guid(a87ea3574aa2f69489b8de266064eb54) Importer(815301076,1909f56bfc062723c751e8b465ee728b)
Start importing Assets/LowPolyOfficeProps_LITE/Meshes/Chair_DeskChair_Red.fbx using Guid(a87ea3574aa2f69489b8de266064eb54) Importer(815301076,1909f56bfc062723c751e8b465ee728b)  -> (artifact id: '57831bf77aaf4efd31d880b479abc70a') in 0.020369 seconds 
========================================================================
Received Import Request.
  Time since last request: 0.000046 seconds.
  path: Assets/LowPolyOfficeProps_LITE/Meshes/Chair_Conference_Purple.fbx
  artifactKey: Guid(8be606ea3a619eb4e9ebd68041a447e3) Importer(815301076,1909f56bfc062723c751e8b465ee728b)
Start importing Assets/LowPolyOfficeProps_LITE/Meshes/Chair_Conference_Purple.fbx using Guid(8be606ea3a619eb4e9ebd68041a447e3) Importer(815301076,1909f56bfc062723c751e8b465ee728b)  -> (artifact id: '908ad1431b7e1dee94c676fb5432ef2e') in 0.019856 seconds 
========================================================================
Received Import Request.
  Time since last request: 0.000047 seconds.
  path: Assets/LowPolyOfficeProps_LITE/Meshes/Laptop_Off.fbx
  artifactKey: Guid(330d79396317d234b8cb95659d768fac) Importer(815301076,1909f56bfc062723c751e8b465ee728b)
Start importing Assets/LowPolyOfficeProps_LITE/Meshes/Laptop_Off.fbx using Guid(330d79396317d234b8cb95659d768fac) Importer(815301076,1909f56bfc062723c751e8b465ee728b)  -> (artifact id: '02228d725b64670f2f7517117e0b031e') in 0.021176 seconds 
========================================================================
Received Import Request.
  Time since last request: 0.000035 seconds.
  path: Assets/LowPolyOfficeProps_LITE/Meshes/Chair_Conference_Violet.fbx
  artifactKey: Guid(cc2620a5f090c42479fe977fa2dbb164) Importer(815301076,1909f56bfc062723c751e8b465ee728b)
Start importing Assets/LowPolyOfficeProps_LITE/Meshes/Chair_Conference_Violet.fbx using Guid(cc2620a5f090c42479fe977fa2dbb164) Importer(815301076,1909f56bfc062723c751e8b465ee728b)  -> (artifact id: '6a30f6402998a7b447257257bc44c60e') in 0.021154 seconds 
========================================================================
Received Import Request.
  Time since last request: 0.000024 seconds.
  path: Assets/LowPolyOfficeProps_LITE/Meshes/Table_Conference.fbx
  artifactKey: Guid(a0da358f57ad496408245cd90454e81e) Importer(815301076,1909f56bfc062723c751e8b465ee728b)
Start importing Assets/LowPolyOfficeProps_LITE/Meshes/Table_Conference.fbx using Guid(a0da358f57ad496408245cd90454e81e) Importer(815301076,1909f56bfc062723c751e8b465ee728b)  -> (artifact id: 'c203b4870e61f92b5794795d9b447143') in 0.021186 seconds 
========================================================================
Received Import Request.
  Time since last request: 1.453922 seconds.
  path: Assets/LowPolyOfficeProps_LITE/Materials
  artifactKey: Guid(83a29df9bd0ff13479b20df2b453f820) Importer(815301076,1909f56bfc062723c751e8b465ee728b)
Start importing Assets/LowPolyOfficeProps_LITE/Materials using Guid(83a29df9bd0ff13479b20df2b453f820) Importer(815301076,1909f56bfc062723c751e8b465ee728b)  -> (artifact id: 'e6db0d5727f27b653fed9b76af42fff6') in 0.007407 seconds 
========================================================================
Received Import Request.
  Time since last request: 0.048541 seconds.
  path: Assets/LowPolyOfficeProps_LITE/Materials/EmissiveLight.mat
  artifactKey: Guid(d4947c064a3f1fc4795d4022a0623f15) Importer(815301076,1909f56bfc062723c751e8b465ee728b)
Start importing Assets/LowPolyOfficeProps_LITE/Materials/EmissiveLight.mat using Guid(d4947c064a3f1fc4795d4022a0623f15) Importer(815301076,1909f56bfc062723c751e8b465ee728b)  -> (artifact id: '4cae5048c6c1ba2ad4f3840e92cd7216') in 0.023393 seconds 
========================================================================
Received Import Request.
  Time since last request: 0.000040 seconds.
  path: Assets/LowPolyOfficeProps_LITE/Materials/PlainMaterial.mat
  artifactKey: Guid(6f8cb0cd933f38245891b18b44b6c61c) Importer(815301076,1909f56bfc062723c751e8b465ee728b)
Start importing Assets/LowPolyOfficeProps_LITE/Materials/PlainMaterial.mat using Guid(6f8cb0cd933f38245891b18b44b6c61c) Importer(815301076,1909f56bfc062723c751e8b465ee728b)  -> (artifact id: 'f3b10dc9e6697b6a851410facd2587fc') in 0.013883 seconds 
========================================================================
Received Import Request.
  Time since last request: 8.162623 seconds.
  path: Assets/LowPolyOfficeProps_LITE/LowPolyOfficeProps_LiteScene/Lightmap-0_comp_dir.png
  artifactKey: Guid(4456dead3ce367147a0180d8a88e6054) Importer(815301076,1909f56bfc062723c751e8b465ee728b)
Start importing Assets/LowPolyOfficeProps_LITE/LowPolyOfficeProps_LiteScene/Lightmap-0_comp_dir.png using Guid(4456dead3ce367147a0180d8a88e6054) Importer(815301076,1909f56bfc062723c751e8b465ee728b)  -> (artifact id: 'ae81e3dd37d34d91199233c59f9e945f') in 0.049893 seconds 
========================================================================
Received Import Request.
  Time since last request: 0.000033 seconds.
  path: Assets/LowPolyOfficeProps_LITE/LowPolyOfficeProps_LiteScene/ReflectionProbe-1.exr
  artifactKey: Guid(4bddac61ed374514b9f6db68630fa77c) Importer(815301076,1909f56bfc062723c751e8b465ee728b)
Start importing Assets/LowPolyOfficeProps_LITE/LowPolyOfficeProps_LiteScene/ReflectionProbe-1.exr using Guid(4bddac61ed374514b9f6db68630fa77c) Importer(815301076,1909f56bfc062723c751e8b465ee728b)  -> (artifact id: '66a88fdd9a377d153a299491fc9d6d13') in 0.039714 seconds 
========================================================================
Received Import Request.
  Time since last request: 22.403103 seconds.
  path: Assets/LowPolyOfficeProps_LITE/Prefabs/CellPhone.prefab
  artifactKey: Guid(bd7dac146a034144fb4a57250777c4d9) Importer(815301076,1909f56bfc062723c751e8b465ee728b)
Start importing Assets/LowPolyOfficeProps_LITE/Prefabs/CellPhone.prefab using Guid(bd7dac146a034144fb4a57250777c4d9) Importer(815301076,1909f56bfc062723c751e8b465ee728b)  -> (artifact id: 'b9fb99ca626c382f2502d1decc4b74a2') in 0.106507 seconds 
========================================================================
Received Import Request.
  Time since last request: 0.000047 seconds.
  path: Assets/LowPolyOfficeProps_LITE/Prefabs/PenLid.prefab
  artifactKey: Guid(95eea767e49458344b1f963160375d43) Importer(815301076,1909f56bfc062723c751e8b465ee728b)
Start importing Assets/LowPolyOfficeProps_LITE/Prefabs/PenLid.prefab using Guid(95eea767e49458344b1f963160375d43) Importer(815301076,1909f56bfc062723c751e8b465ee728b)  -> (artifact id: 'ce5bcf038fe9dec0907c38883bfd9e04') in 0.038703 seconds 
========================================================================
Received Import Request.
  Time since last request: 0.000030 seconds.
  path: Assets/LowPolyOfficeProps_LITE/Prefabs/Chair_Office_Turquoise.prefab
  artifactKey: Guid(4e57406919c506c42a59b989fd5d8c4d) Importer(815301076,1909f56bfc062723c751e8b465ee728b)
Start importing Assets/LowPolyOfficeProps_LITE/Prefabs/Chair_Office_Turquoise.prefab using Guid(4e57406919c506c42a59b989fd5d8c4d) Importer(815301076,1909f56bfc062723c751e8b465ee728b)  -> (artifact id: 'a578c6e87c27cf4cf659faeea1983d2b') in 0.040634 seconds 
========================================================================
Received Import Request.
  Time since last request: 0.000030 seconds.
  path: Assets/LowPolyOfficeProps_LITE/Prefabs/PlantPotLargeA.prefab
  artifactKey: Guid(5e6c0a296760d204c9e34091c18540fd) Importer(815301076,1909f56bfc062723c751e8b465ee728b)
Start importing Assets/LowPolyOfficeProps_LITE/Prefabs/PlantPotLargeA.prefab using Guid(5e6c0a296760d204c9e34091c18540fd) Importer(815301076,1909f56bfc062723c751e8b465ee728b)  -> (artifact id: 'e35ede1c93c8569524368eeed6e8a05e') in 0.046707 seconds 
========================================================================
Received Import Request.
  Time since last request: 0.000027 seconds.
  path: Assets/LowPolyOfficeProps_LITE/Prefabs/Chair_DeskChair_Olive.prefab
  artifactKey: Guid(4559f4ce49fdc20499383a1c582501e6) Importer(815301076,1909f56bfc062723c751e8b465ee728b)
Start importing Assets/LowPolyOfficeProps_LITE/Prefabs/Chair_DeskChair_Olive.prefab using Guid(4559f4ce49fdc20499383a1c582501e6) Importer(815301076,1909f56bfc062723c751e8b465ee728b)  -> (artifact id: '3480762234e29ca0cc6c854856267966') in 0.053705 seconds 
========================================================================
Received Import Request.
  Time since last request: 0.000022 seconds.
  path: Assets/LowPolyOfficeProps_LITE/Prefabs/Tablet.prefab
  artifactKey: Guid(a76d0962e5aaba2479107524e448f23d) Importer(815301076,1909f56bfc062723c751e8b465ee728b)
Start importing Assets/LowPolyOfficeProps_LITE/Prefabs/Tablet.prefab using Guid(a76d0962e5aaba2479107524e448f23d) Importer(815301076,1909f56bfc062723c751e8b465ee728b)  -> (artifact id: 'c599a035272de70b607df2e95dcd5aa3') in 0.045754 seconds 
========================================================================
Received Import Request.
  Time since last request: 0.000029 seconds.
  path: Assets/LowPolyOfficeProps_LITE/Prefabs/Chair_Conference_Violet.prefab
  artifactKey: Guid(a51df466658a0c44f9c9569a7834edc5) Importer(815301076,1909f56bfc062723c751e8b465ee728b)
Start importing Assets/LowPolyOfficeProps_LITE/Prefabs/Chair_Conference_Violet.prefab using Guid(a51df466658a0c44f9c9569a7834edc5) Importer(815301076,1909f56bfc062723c751e8b465ee728b)  -> (artifact id: 'e9583b9412cf437e2ee08d5a5f963de4') in 0.046780 seconds 
========================================================================
Received Import Request.
  Time since last request: 0.000040 seconds.
  path: Assets/LowPolyOfficeProps_LITE/Prefabs/Chair_DeskChair.prefab
  artifactKey: Guid(813aadab227158e46897ad49dc9b8dbd) Importer(815301076,1909f56bfc062723c751e8b465ee728b)
Start importing Assets/LowPolyOfficeProps_LITE/Prefabs/Chair_DeskChair.prefab using Guid(813aadab227158e46897ad49dc9b8dbd) Importer(815301076,1909f56bfc062723c751e8b465ee728b)  -> (artifact id: 'fb7af19e0ba57ea409d4543e66f5477d') in 0.045333 seconds 
========================================================================
Received Import Request.
  Time since last request: 0.000038 seconds.
  path: Assets/LowPolyOfficeProps_LITE/Prefabs/Laptop_On.prefab
  artifactKey: Guid(112cc81e36e745449bf229e4dbb3e073) Importer(815301076,1909f56bfc062723c751e8b465ee728b)
Start importing Assets/LowPolyOfficeProps_LITE/Prefabs/Laptop_On.prefab using Guid(112cc81e36e745449bf229e4dbb3e073) Importer(815301076,1909f56bfc062723c751e8b465ee728b)  -> (artifact id: 'c79f3bb4807482a6335a89c7e06324c4') in 0.043123 seconds 
========================================================================
Received Import Request.
  Time since last request: 0.000029 seconds.
  path: Assets/LowPolyOfficeProps_LITE/Prefabs/FilingCabinet_Drawer.prefab
  artifactKey: Guid(bf955aa6cf5b1774180125d6b6201b35) Importer(815301076,1909f56bfc062723c751e8b465ee728b)
Start importing Assets/LowPolyOfficeProps_LITE/Prefabs/FilingCabinet_Drawer.prefab using Guid(bf955aa6cf5b1774180125d6b6201b35) Importer(815301076,1909f56bfc062723c751e8b465ee728b)  -> (artifact id: 'eea188aadf06f03fcc508d94a02e2d93') in 0.050269 seconds 
========================================================================
Received Import Request.
  Time since last request: 0.000025 seconds.
  path: Assets/LowPolyOfficeProps_LITE/Prefabs/Table_Conference.prefab
  artifactKey: Guid(2e14b1c602571994f82e0f629cc6312f) Importer(815301076,1909f56bfc062723c751e8b465ee728b)
Start importing Assets/LowPolyOfficeProps_LITE/Prefabs/Table_Conference.prefab using Guid(2e14b1c602571994f82e0f629cc6312f) Importer(815301076,1909f56bfc062723c751e8b465ee728b)  -> (artifact id: '1cc6ca64b1e457ca434108d28a87dafb') in 0.046235 seconds 
========================================================================
Received Import Request.
  Time since last request: 0.000027 seconds.
  path: Assets/LowPolyOfficeProps_LITE/Prefabs/Chair_Office_Olive.prefab
  artifactKey: Guid(f14cbdd8ee1424e469bf00996f0eeaf1) Importer(815301076,1909f56bfc062723c751e8b465ee728b)
Start importing Assets/LowPolyOfficeProps_LITE/Prefabs/Chair_Office_Olive.prefab using Guid(f14cbdd8ee1424e469bf00996f0eeaf1) Importer(815301076,1909f56bfc062723c751e8b465ee728b)  -> (artifact id: '984db7379a5e24d97f7def9426b72140') in 0.026370 seconds 
========================================================================
Received Import Request.
  Time since last request: 1.292438 seconds.
  path: Assets/LowPolyOfficeProps_LITE/Textures/LPOP_TextureAtlas1_FULL-MetalGloss.png
  artifactKey: Guid(3b174108ff7dff440bb6783b5736b76e) Importer(815301076,1909f56bfc062723c751e8b465ee728b)
Start importing Assets/LowPolyOfficeProps_LITE/Textures/LPOP_TextureAtlas1_FULL-MetalGloss.png using Guid(3b174108ff7dff440bb6783b5736b76e) Importer(815301076,1909f56bfc062723c751e8b465ee728b)  -> (artifact id: '6e88d1d88df2717b43d18f06a37c8eb5') in 0.022425 seconds 
Editor requested this worker to shutdown with reason: Scaling down because of idle timeout
AssetImportWorker is now disconnected from the server
Process exiting
Exiting without the bug reporter. Application will terminate with return code 0