Using pre-set license
Built from '2021.3/staging' branch; Version is '2021.3.9f1 (ad3870b89536) revision 11352176'; Using compiler version '192829333'; Build Type 'Release'
OS: 'Windows 10  (10.0.19045) 64bit Core' Language: 'es' Physical Memory: 16180 MB
BatchMode: 1, IsHumanControllingUs: 0, StartBugReporterOnCrash: 0, Is64bit: 1, IsPro: 1

COMMAND LINE ARGUMENTS:
C:\Program Files\Unity\Hub\Editor\2021.3.9f1\Editor\Unity.exe
-adb2
-batchMode
-noUpm
-name
AssetImportWorker10
-projectPath
C:/Users/usuario/Documents/GitHub/TallerCochesVR
-logFile
Logs/AssetImportWorker10.log
-srvPort
50618
Successfully changed project path to: C:/Users/usuario/Documents/GitHub/TallerCochesVR
C:/Users/usuario/Documents/GitHub/TallerCochesVR
[UnityMemory] Configuration Parameters - Can be set up in boot.config
    "memorysetup-bucket-allocator-granularity=16"
    "memorysetup-bucket-allocator-bucket-count=8"
    "memorysetup-bucket-allocator-block-size=33554432"
    "memorysetup-bucket-allocator-block-count=8"
    "memorysetup-main-allocator-block-size=16777216"
    "memorysetup-thread-allocator-block-size=16777216"
    "memorysetup-gfx-main-allocator-block-size=16777216"
    "memorysetup-gfx-thread-allocator-block-size=16777216"
    "memorysetup-cache-allocator-block-size=4194304"
    "memorysetup-typetree-allocator-block-size=2097152"
    "memorysetup-profiler-bucket-allocator-granularity=16"
    "memorysetup-profiler-bucket-allocator-bucket-count=8"
    "memorysetup-profiler-bucket-allocator-block-size=33554432"
    "memorysetup-profiler-bucket-allocator-block-count=8"
    "memorysetup-profiler-allocator-block-size=16777216"
    "memorysetup-profiler-editor-allocator-block-size=1048576"
    "memorysetup-temp-allocator-size-main=16777216"
    "memorysetup-job-temp-allocator-block-size=2097152"
    "memorysetup-job-temp-allocator-block-size-background=1048576"
    "memorysetup-job-temp-allocator-reduction-small-platforms=262144"
    "memorysetup-temp-allocator-size-background-worker=32768"
    "memorysetup-temp-allocator-size-job-worker=262144"
    "memorysetup-temp-allocator-size-preload-manager=33554432"
    "memorysetup-temp-allocator-size-nav-mesh-worker=65536"
    "memorysetup-temp-allocator-size-audio-worker=65536"
    "memorysetup-temp-allocator-size-cloud-worker=32768"
    "memorysetup-temp-allocator-size-gi-baking-worker=262144"
    "memorysetup-temp-allocator-size-gfx=262144"
Refreshing native plugins compatible for Editor in 106.44 ms, found 11 plugins.
Preloading 1 native plugins for Editor in 0.79 ms.
Initialize engine version: 2021.3.9f1 (ad3870b89536)
[Subsystems] Discovering subsystems at path C:/Program Files/Unity/Hub/Editor/2021.3.9f1/Editor/Data/Resources/UnitySubsystems
[Subsystems] Discovering subsystems at path C:/Users/usuario/Documents/GitHub/TallerCochesVR/Assets
GfxDevice: creating device client; threaded=0; jobified=0
Direct3D:
    Version:  Direct3D 11.0 [level 11.1]
    Renderer: NVIDIA GeForce RTX 3060 (ID=0x2504)
    Vendor:   NVIDIA
    VRAM:     12129 MB
    Driver:   31.0.15.3623
Initialize mono
Mono path[0] = 'C:/Program Files/Unity/Hub/Editor/2021.3.9f1/Editor/Data/Managed'
Mono path[1] = 'C:/Program Files/Unity/Hub/Editor/2021.3.9f1/Editor/Data/MonoBleedingEdge/lib/mono/unityjit-win32'
Mono config path = 'C:/Program Files/Unity/Hub/Editor/2021.3.9f1/Editor/Data/MonoBleedingEdge/etc'
Using monoOptions --debugger-agent=transport=dt_socket,embedding=1,server=y,suspend=n,address=127.0.0.1:56868
Begin MonoManager ReloadAssembly
Registering precompiled unity dll's ...
Register platform support module: C:/Program Files/Unity/Hub/Editor/2021.3.9f1/Editor/Data/PlaybackEngines/AndroidPlayer/UnityEditor.Android.Extensions.dll
Register platform support module: C:/Program Files/Unity/Hub/Editor/2021.3.9f1/Editor/Data/PlaybackEngines/WindowsStandaloneSupport/UnityEditor.WindowsStandalone.Extensions.dll
Registered in 0.007976 seconds.
Native extension for WindowsStandalone target not found
Native extension for Android target not found
Refreshing native plugins compatible for Editor in 91.30 ms, found 11 plugins.
Preloading 1 native plugins for Editor in 0.17 ms.
Mono: successfully reloaded assembly
- Completed reload, in  0.536 seconds
Domain Reload Profiling:
	ReloadAssembly (536ms)
		BeginReloadAssembly (59ms)
			ExecutionOrderSort (0ms)
			DisableScriptedObjects (0ms)
			BackupInstance (0ms)
			ReleaseScriptingObjects (0ms)
			CreateAndSetChildDomain (1ms)
		EndReloadAssembly (381ms)
			LoadAssemblies (57ms)
			RebuildTransferFunctionScriptingTraits (0ms)
			SetupTypeCache (78ms)
			ReleaseScriptCaches (0ms)
			RebuildScriptCaches (18ms)
			SetupLoadedEditorAssemblies (242ms)
				LogAssemblyErrors (0ms)
				InitializePlatformSupportModulesInManaged (45ms)
				SetLoadedEditorAssemblies (0ms)
				RefreshPlugins (92ms)
				BeforeProcessingInitializeOnLoad (1ms)
				ProcessInitializeOnLoadAttributes (70ms)
				ProcessInitializeOnLoadMethodAttributes (33ms)
				AfterProcessingInitializeOnLoad (0ms)
				EditorAssembliesLoaded (0ms)
			ExecutionOrderSort2 (0ms)
			AwakeInstancesAfterBackupRestoration (0ms)
Platform modules already initialized, skipping
Registering precompiled user dll's ...
Registered in 0.011625 seconds.
Begin MonoManager ReloadAssembly
Symbol file LoadedFromMemory doesn't match image C:\Users\usuario\Documents\GitHub\TallerCochesVR\Library\PackageCache\com.unity.visualscripting@1.7.8\Editor\VisualScripting.Core\Dependencies\DotNetZip\Unity.VisualScripting.IonicZip.dll
Symbol file LoadedFromMemory doesn't match image C:\Users\usuario\Documents\GitHub\TallerCochesVR\Library\PackageCache\com.unity.visualscripting@1.7.8\Editor\VisualScripting.Core\Dependencies\YamlDotNet\Unity.VisualScripting.YamlDotNet.dll
Native extension for WindowsStandalone target not found
Native extension for Android target not found
Refreshing native plugins compatible for Editor in 92.46 ms, found 11 plugins.
Preloading 1 native plugins for Editor in 0.08 ms.
Package Manager log level set to [2]
System.Reflection.TargetInvocationException: Exception has been thrown by the target of an invocation. ---> System.NullReferenceException: Object reference not set to an instance of an object
  at Unity.XR.Oculus.OculusLoader.AssetPathToAbsolutePath (System.String assetPath) [0x0003d] in C:\Users\usuario\Documents\GitHub\TallerCochesVR\Library\PackageCache\com.unity.xr.oculus@3.0.2\Runtime\OculusLoader.cs:271 
  at Unity.XR.Oculus.OculusLoader.EditorLoadOVRPlugin () [0x0007b] in C:\Users\usuario\Documents\GitHub\TallerCochesVR\Library\PackageCache\com.unity.xr.oculus@3.0.2\Runtime\OculusLoader.cs:256 
  at (wrapper managed-to-native) System.Reflection.RuntimeMethodInfo.InternalInvoke(System.Reflection.RuntimeMethodInfo,object,object[],System.Exception&)
  at System.Reflection.RuntimeMethodInfo.Invoke (System.Object obj, System.Reflection.BindingFlags invokeAttr, System.Reflection.Binder binder, System.Object[] parameters, System.Globalization.CultureInfo culture) [0x0006a] in <9aad1b3a47484d63ba2b3985692d80e9>:0 
   --- End of inner exception stack trace ---
  at System.Reflection.RuntimeMethodInfo.Invoke (System.Object obj, System.Reflection.BindingFlags invokeAttr, System.Reflection.Binder binder, System.Object[] parameters, System.Globalization.CultureInfo culture) [0x00083] in <9aad1b3a47484d63ba2b3985692d80e9>:0 
  at System.Reflection.MethodBase.Invoke (System.Object obj, System.Object[] parameters) [0x00000] in <9aad1b3a47484d63ba2b3985692d80e9>:0 
  at UnityEditor.EditorAssemblies.ProcessInitializeOnLoadMethodAttributes () [0x000a5] in <0d6ce211ebbc47e1a35a84c3672ff58f>:0 
UnityEngine.StackTraceUtility:ExtractStackTrace ()
UnityEngine.DebugLogHandler:LogFormat (UnityEngine.LogType,UnityEngine.Object,string,object[])
UnityEngine.Logger:Log (UnityEngine.LogType,object)
UnityEngine.Debug:LogError (object)
UnityEditor.EditorAssemblies:ProcessInitializeOnLoadMethodAttributes ()

Mono: successfully reloaded assembly
- Completed reload, in  1.201 seconds
Domain Reload Profiling:
	ReloadAssembly (1201ms)
		BeginReloadAssembly (191ms)
			ExecutionOrderSort (0ms)
			DisableScriptedObjects (5ms)
			BackupInstance (0ms)
			ReleaseScriptingObjects (0ms)
			CreateAndSetChildDomain (119ms)
		EndReloadAssembly (919ms)
			LoadAssemblies (80ms)
			RebuildTransferFunctionScriptingTraits (0ms)
			SetupTypeCache (208ms)
			ReleaseScriptCaches (1ms)
			RebuildScriptCaches (49ms)
			SetupLoadedEditorAssemblies (546ms)
				LogAssemblyErrors (0ms)
				InitializePlatformSupportModulesInManaged (11ms)
				SetLoadedEditorAssemblies (0ms)
				RefreshPlugins (93ms)
				BeforeProcessingInitializeOnLoad (100ms)
				ProcessInitializeOnLoadAttributes (265ms)
				ProcessInitializeOnLoadMethodAttributes (70ms)
				AfterProcessingInitializeOnLoad (8ms)
				EditorAssembliesLoaded (0ms)
			ExecutionOrderSort2 (0ms)
			AwakeInstancesAfterBackupRestoration (4ms)
Platform modules already initialized, skipping
========================================================================
Worker process is ready to serve import requests
Launched and connected shader compiler UnityShaderCompiler.exe after 0.03 seconds
Refreshing native plugins compatible for Editor in 1.10 ms, found 11 plugins.
Preloading 1 native plugins for Editor in 0.08 ms.
Unloading 5924 Unused Serialized files (Serialized files now loaded: 0)
Unloading 67 unused Assets / (1.1 MB). Loaded Objects now: 6359.
Memory consumption went from 240.5 MB to 239.4 MB.
Total: 3.505100 ms (FindLiveObjects: 0.394800 ms CreateObjectMapping: 0.225900 ms MarkObjects: 2.497600 ms  DeleteObjects: 0.386200 ms)

AssetImportParameters requested are different than current active one (requested -> active):
  custom:video-decoder-ogg-theora: a1e56fd34408186e4bbccfd4996cb3dc -> 
  custom:container-muxer-webm: aa71ff27fc2769a1b78a27578f13a17b -> 
  custom:container-demuxer-webm: 4f35f7cbe854078d1ac9338744f61a02 -> 
  custom:video-encoder-webm-vp8: eb34c28f22e8b96e1ab97ce403110664 -> 
  custom:audio-encoder-webm-vorbis: bf7c407c2cedff20999df2af8eb42d56 -> 
  custom:framework-win-MediaFoundation: 216162199b28c13a410421893ffa2e32 -> 
  custom:container-demuxer-ogg: 62fdf1f143b41e24485cea50d1cbac27 -> 
  custom:video-decoder-webm-vp8: 9c59270c3fd7afecdb556c50c9e8de78 -> 
  custom:audio-decoder-ogg-vorbis: bf7c407c2cedff20999df2af8eb42d56 -> 
========================================================================
Received Import Request.
  Time since last request: 55148.077998 seconds.
  path: Assets/@MyAssets/Prefabs/Piezas/Volantes/SteeringWheel_Original.prefab
  artifactKey: Guid(b58805dfd3859cc4686de1378ece8605) Importer(815301076,1909f56bfc062723c751e8b465ee728b)
Start importing Assets/@MyAssets/Prefabs/Piezas/Volantes/SteeringWheel_Original.prefab using Guid(b58805dfd3859cc4686de1378ece8605) Importer(815301076,1909f56bfc062723c751e8b465ee728b)  -> (artifact id: '67e9a14be67424876b626bc6d4632538') in 0.205860 seconds 
========================================================================
Received Import Request.
  Time since last request: 144.054105 seconds.
  path: Assets/@MyAssets/Prefabs/Piezas/Asientos/Seat_Original.prefab
  artifactKey: Guid(8fd03aee8193d89409e9d00c731df2c3) Importer(815301076,1909f56bfc062723c751e8b465ee728b)
Start importing Assets/@MyAssets/Prefabs/Piezas/Asientos/Seat_Original.prefab using Guid(8fd03aee8193d89409e9d00c731df2c3) Importer(815301076,1909f56bfc062723c751e8b465ee728b)  -> (artifact id: '874cc6931490dc9e4580b369d9e2e57d') in 0.015417 seconds 
========================================================================
Received Prepare
Registering precompiled user dll's ...
Registered in 0.010873 seconds.
Begin MonoManager ReloadAssembly
Symbol file LoadedFromMemory doesn't match image C:\Users\usuario\Documents\GitHub\TallerCochesVR\Library\PackageCache\com.unity.visualscripting@1.7.8\Editor\VisualScripting.Core\Dependencies\DotNetZip\Unity.VisualScripting.IonicZip.dll
Symbol file LoadedFromMemory doesn't match image C:\Users\usuario\Documents\GitHub\TallerCochesVR\Library\PackageCache\com.unity.visualscripting@1.7.8\Editor\VisualScripting.Core\Dependencies\YamlDotNet\Unity.VisualScripting.YamlDotNet.dll
Native extension for WindowsStandalone target not found
Native extension for Android target not found
Refreshing native plugins compatible for Editor in 1.17 ms, found 11 plugins.
Preloading 1 native plugins for Editor in 0.12 ms.
System.Reflection.TargetInvocationException: Exception has been thrown by the target of an invocation. ---> System.NullReferenceException: Object reference not set to an instance of an object
  at Unity.XR.Oculus.OculusLoader.AssetPathToAbsolutePath (System.String assetPath) [0x0003d] in C:\Users\usuario\Documents\GitHub\TallerCochesVR\Library\PackageCache\com.unity.xr.oculus@3.0.2\Runtime\OculusLoader.cs:271 
  at Unity.XR.Oculus.OculusLoader.EditorLoadOVRPlugin () [0x0007b] in C:\Users\usuario\Documents\GitHub\TallerCochesVR\Library\PackageCache\com.unity.xr.oculus@3.0.2\Runtime\OculusLoader.cs:256 
  at (wrapper managed-to-native) System.Reflection.RuntimeMethodInfo.InternalInvoke(System.Reflection.RuntimeMethodInfo,object,object[],System.Exception&)
  at System.Reflection.RuntimeMethodInfo.Invoke (System.Object obj, System.Reflection.BindingFlags invokeAttr, System.Reflection.Binder binder, System.Object[] parameters, System.Globalization.CultureInfo culture) [0x0006a] in <9aad1b3a47484d63ba2b3985692d80e9>:0 
   --- End of inner exception stack trace ---
  at System.Reflection.RuntimeMethodInfo.Invoke (System.Object obj, System.Reflection.BindingFlags invokeAttr, System.Reflection.Binder binder, System.Object[] parameters, System.Globalization.CultureInfo culture) [0x00083] in <9aad1b3a47484d63ba2b3985692d80e9>:0 
  at System.Reflection.MethodBase.Invoke (System.Object obj, System.Object[] parameters) [0x00000] in <9aad1b3a47484d63ba2b3985692d80e9>:0 
  at UnityEditor.EditorAssemblies.ProcessInitializeOnLoadMethodAttributes () [0x000a5] in <0d6ce211ebbc47e1a35a84c3672ff58f>:0 
UnityEngine.StackTraceUtility:ExtractStackTrace ()
UnityEngine.DebugLogHandler:LogFormat (UnityEngine.LogType,UnityEngine.Object,string,object[])
UnityEngine.Logger:Log (UnityEngine.LogType,object)
UnityEngine.Debug:LogError (object)
UnityEditor.EditorAssemblies:ProcessInitializeOnLoadMethodAttributes ()

Mono: successfully reloaded assembly
- Completed reload, in  1.018 seconds
Domain Reload Profiling:
	ReloadAssembly (1018ms)
		BeginReloadAssembly (119ms)
			ExecutionOrderSort (0ms)
			DisableScriptedObjects (6ms)
			BackupInstance (0ms)
			ReleaseScriptingObjects (0ms)
			CreateAndSetChildDomain (38ms)
		EndReloadAssembly (815ms)
			LoadAssemblies (78ms)
			RebuildTransferFunctionScriptingTraits (0ms)
			SetupTypeCache (222ms)
			ReleaseScriptCaches (2ms)
			RebuildScriptCaches (36ms)
			SetupLoadedEditorAssemblies (404ms)
				LogAssemblyErrors (0ms)
				InitializePlatformSupportModulesInManaged (18ms)
				SetLoadedEditorAssemblies (0ms)
				RefreshPlugins (1ms)
				BeforeProcessingInitializeOnLoad (76ms)
				ProcessInitializeOnLoadAttributes (229ms)
				ProcessInitializeOnLoadMethodAttributes (70ms)
				AfterProcessingInitializeOnLoad (9ms)
				EditorAssembliesLoaded (0ms)
			ExecutionOrderSort2 (0ms)
			AwakeInstancesAfterBackupRestoration (21ms)
Platform modules already initialized, skipping
Refreshing native plugins compatible for Editor in 4.98 ms, found 11 plugins.
Preloading 1 native plugins for Editor in 0.10 ms.
Unloading 5786 Unused Serialized files (Serialized files now loaded: 0)
Unloading 57 unused Assets / (1.1 MB). Loaded Objects now: 6421.
Memory consumption went from 247.2 MB to 246.1 MB.
Total: 3.379100 ms (FindLiveObjects: 0.328500 ms CreateObjectMapping: 0.130400 ms MarkObjects: 2.549900 ms  DeleteObjects: 0.369800 ms)

AssetImportParameters requested are different than current active one (requested -> active):
  custom:video-decoder-ogg-theora: a1e56fd34408186e4bbccfd4996cb3dc -> 
  custom:container-muxer-webm: aa71ff27fc2769a1b78a27578f13a17b -> 
  custom:container-demuxer-webm: 4f35f7cbe854078d1ac9338744f61a02 -> 
  custom:video-encoder-webm-vp8: eb34c28f22e8b96e1ab97ce403110664 -> 
  custom:audio-encoder-webm-vorbis: bf7c407c2cedff20999df2af8eb42d56 -> 
  custom:framework-win-MediaFoundation: 216162199b28c13a410421893ffa2e32 -> 
  custom:container-demuxer-ogg: 62fdf1f143b41e24485cea50d1cbac27 -> 
  custom:video-decoder-webm-vp8: 9c59270c3fd7afecdb556c50c9e8de78 -> 
  custom:audio-decoder-ogg-vorbis: bf7c407c2cedff20999df2af8eb42d56 -> 
========================================================================
Received Prepare
Registering precompiled user dll's ...
Registered in 0.011029 seconds.
Begin MonoManager ReloadAssembly
Symbol file LoadedFromMemory doesn't match image C:\Users\usuario\Documents\GitHub\TallerCochesVR\Library\PackageCache\com.unity.visualscripting@1.7.8\Editor\VisualScripting.Core\Dependencies\DotNetZip\Unity.VisualScripting.IonicZip.dll
Symbol file LoadedFromMemory doesn't match image C:\Users\usuario\Documents\GitHub\TallerCochesVR\Library\PackageCache\com.unity.visualscripting@1.7.8\Editor\VisualScripting.Core\Dependencies\YamlDotNet\Unity.VisualScripting.YamlDotNet.dll
Native extension for WindowsStandalone target not found
Native extension for Android target not found
Refreshing native plugins compatible for Editor in 1.30 ms, found 11 plugins.
Preloading 1 native plugins for Editor in 0.11 ms.
System.Reflection.TargetInvocationException: Exception has been thrown by the target of an invocation. ---> System.NullReferenceException: Object reference not set to an instance of an object
  at Unity.XR.Oculus.OculusLoader.AssetPathToAbsolutePath (System.String assetPath) [0x0003d] in C:\Users\usuario\Documents\GitHub\TallerCochesVR\Library\PackageCache\com.unity.xr.oculus@3.0.2\Runtime\OculusLoader.cs:271 
  at Unity.XR.Oculus.OculusLoader.EditorLoadOVRPlugin () [0x0007b] in C:\Users\usuario\Documents\GitHub\TallerCochesVR\Library\PackageCache\com.unity.xr.oculus@3.0.2\Runtime\OculusLoader.cs:256 
  at (wrapper managed-to-native) System.Reflection.RuntimeMethodInfo.InternalInvoke(System.Reflection.RuntimeMethodInfo,object,object[],System.Exception&)
  at System.Reflection.RuntimeMethodInfo.Invoke (System.Object obj, System.Reflection.BindingFlags invokeAttr, System.Reflection.Binder binder, System.Object[] parameters, System.Globalization.CultureInfo culture) [0x0006a] in <9aad1b3a47484d63ba2b3985692d80e9>:0 
   --- End of inner exception stack trace ---
  at System.Reflection.RuntimeMethodInfo.Invoke (System.Object obj, System.Reflection.BindingFlags invokeAttr, System.Reflection.Binder binder, System.Object[] parameters, System.Globalization.CultureInfo culture) [0x00083] in <9aad1b3a47484d63ba2b3985692d80e9>:0 
  at System.Reflection.MethodBase.Invoke (System.Object obj, System.Object[] parameters) [0x00000] in <9aad1b3a47484d63ba2b3985692d80e9>:0 
  at UnityEditor.EditorAssemblies.ProcessInitializeOnLoadMethodAttributes () [0x000a5] in <0d6ce211ebbc47e1a35a84c3672ff58f>:0 
UnityEngine.StackTraceUtility:ExtractStackTrace ()
UnityEngine.DebugLogHandler:LogFormat (UnityEngine.LogType,UnityEngine.Object,string,object[])
UnityEngine.Logger:Log (UnityEngine.LogType,object)
UnityEngine.Debug:LogError (object)
UnityEditor.EditorAssemblies:ProcessInitializeOnLoadMethodAttributes ()

Mono: successfully reloaded assembly
- Completed reload, in  1.033 seconds
Domain Reload Profiling:
	ReloadAssembly (1033ms)
		BeginReloadAssembly (116ms)
			ExecutionOrderSort (0ms)
			DisableScriptedObjects (4ms)
			BackupInstance (0ms)
			ReleaseScriptingObjects (0ms)
			CreateAndSetChildDomain (36ms)
		EndReloadAssembly (830ms)
			LoadAssemblies (78ms)
			RebuildTransferFunctionScriptingTraits (0ms)
			SetupTypeCache (212ms)
			ReleaseScriptCaches (1ms)
			RebuildScriptCaches (32ms)
			SetupLoadedEditorAssemblies (434ms)
				LogAssemblyErrors (0ms)
				InitializePlatformSupportModulesInManaged (18ms)
				SetLoadedEditorAssemblies (0ms)
				RefreshPlugins (1ms)
				BeforeProcessingInitializeOnLoad (76ms)
				ProcessInitializeOnLoadAttributes (246ms)
				ProcessInitializeOnLoadMethodAttributes (84ms)
				AfterProcessingInitializeOnLoad (8ms)
				EditorAssembliesLoaded (0ms)
			ExecutionOrderSort2 (0ms)
			AwakeInstancesAfterBackupRestoration (12ms)
Platform modules already initialized, skipping
Refreshing native plugins compatible for Editor in 6.19 ms, found 11 plugins.
Preloading 1 native plugins for Editor in 0.08 ms.
Unloading 5787 Unused Serialized files (Serialized files now loaded: 0)
Unloading 57 unused Assets / (1.1 MB). Loaded Objects now: 6425.
Memory consumption went from 247.3 MB to 246.2 MB.
Total: 4.027700 ms (FindLiveObjects: 0.407400 ms CreateObjectMapping: 0.215100 ms MarkObjects: 2.832800 ms  DeleteObjects: 0.571400 ms)

AssetImportParameters requested are different than current active one (requested -> active):
  custom:video-decoder-ogg-theora: a1e56fd34408186e4bbccfd4996cb3dc -> 
  custom:container-muxer-webm: aa71ff27fc2769a1b78a27578f13a17b -> 
  custom:container-demuxer-webm: 4f35f7cbe854078d1ac9338744f61a02 -> 
  custom:video-encoder-webm-vp8: eb34c28f22e8b96e1ab97ce403110664 -> 
  custom:audio-encoder-webm-vorbis: bf7c407c2cedff20999df2af8eb42d56 -> 
  custom:framework-win-MediaFoundation: 216162199b28c13a410421893ffa2e32 -> 
  custom:container-demuxer-ogg: 62fdf1f143b41e24485cea50d1cbac27 -> 
  custom:video-decoder-webm-vp8: 9c59270c3fd7afecdb556c50c9e8de78 -> 
  custom:audio-decoder-ogg-vorbis: bf7c407c2cedff20999df2af8eb42d56 -> 
========================================================================
Received Import Request.
  Time since last request: 753.117682 seconds.
  path: Assets/@MyAssets/Prefabs/Piezas/Chasis/Body_Car2Original.prefab
  artifactKey: Guid(92c55f0a29f853843963593148d0e703) Importer(815301076,1909f56bfc062723c751e8b465ee728b)
Start importing Assets/@MyAssets/Prefabs/Piezas/Chasis/Body_Car2Original.prefab using Guid(92c55f0a29f853843963593148d0e703) Importer(815301076,1909f56bfc062723c751e8b465ee728b)  -> (artifact id: 'c7b8573893d7ab2e5f9e8a1484099bef') in 0.261807 seconds 
========================================================================
Received Import Request.
  Time since last request: 6.950599 seconds.
  path: Assets/@MyAssets/Prefabs/Piezas/Chasis/Body_Car2Original.prefab
  artifactKey: Guid(92c55f0a29f853843963593148d0e703) Importer(815301076,1909f56bfc062723c751e8b465ee728b)
Start importing Assets/@MyAssets/Prefabs/Piezas/Chasis/Body_Car2Original.prefab using Guid(92c55f0a29f853843963593148d0e703) Importer(815301076,1909f56bfc062723c751e8b465ee728b)  -> (artifact id: '3dd0baea24c6f089d0dca784864674d8') in 0.075502 seconds 
========================================================================
Received Import Request.
  Time since last request: 4.488279 seconds.
  path: Assets/@MyAssets/Prefabs/Piezas/Chasis/Body_Car2Original.prefab
  artifactKey: Guid(92c55f0a29f853843963593148d0e703) Importer(815301076,1909f56bfc062723c751e8b465ee728b)
Start importing Assets/@MyAssets/Prefabs/Piezas/Chasis/Body_Car2Original.prefab using Guid(92c55f0a29f853843963593148d0e703) Importer(815301076,1909f56bfc062723c751e8b465ee728b)  -> (artifact id: '56d54e94d9c76973c8a5a9dc2ca17253') in 0.085256 seconds 
========================================================================
Received Import Request.
  Time since last request: 8.398715 seconds.
  path: Assets/@MyAssets/Prefabs/Piezas/Chasis/Body_Car2Original.prefab
  artifactKey: Guid(92c55f0a29f853843963593148d0e703) Importer(815301076,1909f56bfc062723c751e8b465ee728b)
Start importing Assets/@MyAssets/Prefabs/Piezas/Chasis/Body_Car2Original.prefab using Guid(92c55f0a29f853843963593148d0e703) Importer(815301076,1909f56bfc062723c751e8b465ee728b)  -> (artifact id: 'aa735cec9ae6c3633b858a3575d5d423') in 0.081018 seconds 
========================================================================
Received Import Request.
  Time since last request: 2.713614 seconds.
  path: Assets/@MyAssets/Prefabs/Piezas/Chasis/Body_Car2Original.prefab
  artifactKey: Guid(92c55f0a29f853843963593148d0e703) Importer(815301076,1909f56bfc062723c751e8b465ee728b)
Start importing Assets/@MyAssets/Prefabs/Piezas/Chasis/Body_Car2Original.prefab using Guid(92c55f0a29f853843963593148d0e703) Importer(815301076,1909f56bfc062723c751e8b465ee728b)  -> (artifact id: 'ebcef48551c9307076cbaabff6c5e1c8') in 0.078584 seconds 
========================================================================
Received Import Request.
  Time since last request: 20.137356 seconds.
  path: Assets/@MyAssets/Prefabs/Piezas/Puertas/DoorL_Car2Original.prefab
  artifactKey: Guid(ce31bfa6e500c694d93d75b259d6f53a) Importer(815301076,1909f56bfc062723c751e8b465ee728b)
Start importing Assets/@MyAssets/Prefabs/Piezas/Puertas/DoorL_Car2Original.prefab using Guid(ce31bfa6e500c694d93d75b259d6f53a) Importer(815301076,1909f56bfc062723c751e8b465ee728b)  -> (artifact id: 'c131d0a448bd7f8b4a5beb93ab10fc06') in 0.082995 seconds 
========================================================================
Received Import Request.
  Time since last request: 0.000025 seconds.
  path: Assets/@MyAssets/Prefabs/Piezas/Puertas/DoorR_Car1Original.prefab
  artifactKey: Guid(79d302d34ec103c43a68879b7bf90758) Importer(815301076,1909f56bfc062723c751e8b465ee728b)
Start importing Assets/@MyAssets/Prefabs/Piezas/Puertas/DoorR_Car1Original.prefab using Guid(79d302d34ec103c43a68879b7bf90758) Importer(815301076,1909f56bfc062723c751e8b465ee728b)  -> (artifact id: '06e57ade352f6454984b124194ed27bf') in 0.078350 seconds 
========================================================================
Received Import Request.
  Time since last request: 8.229574 seconds.
  path: Assets/@MyAssets/Prefabs/Piezas/Puertas/DoorL_Car2Original.prefab
  artifactKey: Guid(ce31bfa6e500c694d93d75b259d6f53a) Importer(815301076,1909f56bfc062723c751e8b465ee728b)
Start importing Assets/@MyAssets/Prefabs/Piezas/Puertas/DoorL_Car2Original.prefab using Guid(ce31bfa6e500c694d93d75b259d6f53a) Importer(815301076,1909f56bfc062723c751e8b465ee728b)  -> (artifact id: 'effac1276e8b5d8ef0094ab37275cb23') in 0.074173 seconds 
========================================================================
Received Import Request.
  Time since last request: 0.000025 seconds.
  path: Assets/@MyAssets/Prefabs/Piezas/Puertas/DoorR_Car1Original.prefab
  artifactKey: Guid(79d302d34ec103c43a68879b7bf90758) Importer(815301076,1909f56bfc062723c751e8b465ee728b)
Start importing Assets/@MyAssets/Prefabs/Piezas/Puertas/DoorR_Car1Original.prefab using Guid(79d302d34ec103c43a68879b7bf90758) Importer(815301076,1909f56bfc062723c751e8b465ee728b)  -> (artifact id: '8a7ace109c615aaab468f30c0489c455') in 0.077823 seconds 
========================================================================
Received Import Request.
  Time since last request: 1.765883 seconds.
  path: Assets/@MyAssets/Prefabs/Piezas/Puertas/DoorL_Car2Original.prefab
  artifactKey: Guid(ce31bfa6e500c694d93d75b259d6f53a) Importer(815301076,1909f56bfc062723c751e8b465ee728b)
Start importing Assets/@MyAssets/Prefabs/Piezas/Puertas/DoorL_Car2Original.prefab using Guid(ce31bfa6e500c694d93d75b259d6f53a) Importer(815301076,1909f56bfc062723c751e8b465ee728b)  -> (artifact id: '3fa481808849654230f13752be20e391') in 0.083868 seconds 
========================================================================
Received Import Request.
  Time since last request: 0.000026 seconds.
  path: Assets/@MyAssets/Prefabs/Piezas/Puertas/DoorR_Car1Original.prefab
  artifactKey: Guid(79d302d34ec103c43a68879b7bf90758) Importer(815301076,1909f56bfc062723c751e8b465ee728b)
Start importing Assets/@MyAssets/Prefabs/Piezas/Puertas/DoorR_Car1Original.prefab using Guid(79d302d34ec103c43a68879b7bf90758) Importer(815301076,1909f56bfc062723c751e8b465ee728b)  -> (artifact id: '11004915cb9b14d9c75754412219c2a6') in 0.079646 seconds 
========================================================================
Received Import Request.
  Time since last request: 6.004999 seconds.
  path: Assets/@MyAssets/Prefabs/Piezas/Puertas/DoorL_Car1Original.prefab
  artifactKey: Guid(cce41fbb41482184085f71b24207f649) Importer(815301076,1909f56bfc062723c751e8b465ee728b)
Start importing Assets/@MyAssets/Prefabs/Piezas/Puertas/DoorL_Car1Original.prefab using Guid(cce41fbb41482184085f71b24207f649) Importer(815301076,1909f56bfc062723c751e8b465ee728b)  -> (artifact id: 'a3d5d599d16e7a9ea3a48fcb5a6a315c') in 0.076923 seconds 
========================================================================
Received Import Request.
  Time since last request: 0.000028 seconds.
  path: Assets/@MyAssets/Prefabs/Piezas/Puertas/DoorR_Car2Original.prefab
  artifactKey: Guid(3fd66c953c34aae45aaa5648ae69e419) Importer(815301076,1909f56bfc062723c751e8b465ee728b)
Start importing Assets/@MyAssets/Prefabs/Piezas/Puertas/DoorR_Car2Original.prefab using Guid(3fd66c953c34aae45aaa5648ae69e419) Importer(815301076,1909f56bfc062723c751e8b465ee728b)  -> (artifact id: 'f880dd4b194ed57dfb1677f0507a6ac2') in 0.075535 seconds 
========================================================================
Received Import Request.
  Time since last request: 3.207475 seconds.
  path: Assets/@MyAssets/Prefabs/Piezas/Puertas/DoorL_Car2Original.prefab
  artifactKey: Guid(ce31bfa6e500c694d93d75b259d6f53a) Importer(815301076,1909f56bfc062723c751e8b465ee728b)
Start importing Assets/@MyAssets/Prefabs/Piezas/Puertas/DoorL_Car2Original.prefab using Guid(ce31bfa6e500c694d93d75b259d6f53a) Importer(815301076,1909f56bfc062723c751e8b465ee728b)  -> (artifact id: 'e928c9f1c699825b4e06671ed9d0b808') in 0.078433 seconds 
========================================================================
Received Import Request.
  Time since last request: 0.000025 seconds.
  path: Assets/@MyAssets/Prefabs/Piezas/Puertas/DoorR_Car1Original.prefab
  artifactKey: Guid(79d302d34ec103c43a68879b7bf90758) Importer(815301076,1909f56bfc062723c751e8b465ee728b)
Start importing Assets/@MyAssets/Prefabs/Piezas/Puertas/DoorR_Car1Original.prefab using Guid(79d302d34ec103c43a68879b7bf90758) Importer(815301076,1909f56bfc062723c751e8b465ee728b)  -> (artifact id: '5b06d9adbe7065039b97f358f2eb93aa') in 0.072680 seconds 
========================================================================
Received Import Request.
  Time since last request: 2.060870 seconds.
  path: Assets/@MyAssets/Prefabs/Piezas/Puertas/DoorL_Car2Original.prefab
  artifactKey: Guid(ce31bfa6e500c694d93d75b259d6f53a) Importer(815301076,1909f56bfc062723c751e8b465ee728b)
Start importing Assets/@MyAssets/Prefabs/Piezas/Puertas/DoorL_Car2Original.prefab using Guid(ce31bfa6e500c694d93d75b259d6f53a) Importer(815301076,1909f56bfc062723c751e8b465ee728b)  -> (artifact id: '81d187da082d07d4f2438936d4f21856') in 0.079161 seconds 
========================================================================
Received Import Request.
  Time since last request: 0.000026 seconds.
  path: Assets/@MyAssets/Prefabs/Piezas/Puertas/DoorR_Car1Original.prefab
  artifactKey: Guid(79d302d34ec103c43a68879b7bf90758) Importer(815301076,1909f56bfc062723c751e8b465ee728b)
Start importing Assets/@MyAssets/Prefabs/Piezas/Puertas/DoorR_Car1Original.prefab using Guid(79d302d34ec103c43a68879b7bf90758) Importer(815301076,1909f56bfc062723c751e8b465ee728b)  -> (artifact id: 'e74937bebff5fe32846dfeac2381346d') in 0.074724 seconds 
========================================================================
Received Import Request.
  Time since last request: 1.849961 seconds.
  path: Assets/@MyAssets/Prefabs/Piezas/Puertas/DoorL_Car2Original.prefab
  artifactKey: Guid(ce31bfa6e500c694d93d75b259d6f53a) Importer(815301076,1909f56bfc062723c751e8b465ee728b)
Start importing Assets/@MyAssets/Prefabs/Piezas/Puertas/DoorL_Car2Original.prefab using Guid(ce31bfa6e500c694d93d75b259d6f53a) Importer(815301076,1909f56bfc062723c751e8b465ee728b)  -> (artifact id: '2390930b3d0271c7d3236066cc673d54') in 0.081019 seconds 
========================================================================
Received Import Request.
  Time since last request: 7.682236 seconds.
  path: Assets/@MyAssets/Prefabs/Piezas/Ruedas/Wheel_HexaEco.prefab
  artifactKey: Guid(32f1bf9d714ff624bb125a2c9cff06c4) Importer(815301076,1909f56bfc062723c751e8b465ee728b)
Start importing Assets/@MyAssets/Prefabs/Piezas/Ruedas/Wheel_HexaEco.prefab using Guid(32f1bf9d714ff624bb125a2c9cff06c4) Importer(815301076,1909f56bfc062723c751e8b465ee728b)  -> (artifact id: '17895f9e0338c8e233d27ea065b92f2b') in 0.017493 seconds 
========================================================================
Received Import Request.
  Time since last request: 0.000022 seconds.
  path: Assets/@MyAssets/Prefabs/Piezas/Ruedas/Wheel_Original.prefab
  artifactKey: Guid(b16f2f189a8b24b419a2e1214d6417f4) Importer(815301076,1909f56bfc062723c751e8b465ee728b)
Start importing Assets/@MyAssets/Prefabs/Piezas/Ruedas/Wheel_Original.prefab using Guid(b16f2f189a8b24b419a2e1214d6417f4) Importer(815301076,1909f56bfc062723c751e8b465ee728b)  -> (artifact id: 'bdc8cda9a0eae5bbecca4b7cd985547f') in 0.016118 seconds 
========================================================================
Received Import Request.
  Time since last request: 0.000030 seconds.
  path: Assets/@MyAssets/Prefabs/Piezas/Ruedas/Wheel_WindBlow.prefab
  artifactKey: Guid(9ef811acfeaed3749a2666dbf1b96cb8) Importer(815301076,1909f56bfc062723c751e8b465ee728b)
Start importing Assets/@MyAssets/Prefabs/Piezas/Ruedas/Wheel_WindBlow.prefab using Guid(9ef811acfeaed3749a2666dbf1b96cb8) Importer(815301076,1909f56bfc062723c751e8b465ee728b)  -> (artifact id: 'c30a81761d88bba07f7e602d275b2c8e') in 0.013461 seconds 
========================================================================
Received Import Request.
  Time since last request: 0.000023 seconds.
  path: Assets/@MyAssets/Prefabs/Piezas/Ruedas/Wheel_HyperPower.prefab
  artifactKey: Guid(7d94b032dc071f5469aaef260bfd98ae) Importer(815301076,1909f56bfc062723c751e8b465ee728b)
Start importing Assets/@MyAssets/Prefabs/Piezas/Ruedas/Wheel_HyperPower.prefab using Guid(7d94b032dc071f5469aaef260bfd98ae) Importer(815301076,1909f56bfc062723c751e8b465ee728b)  -> (artifact id: 'd058091462287a4a85b6d5958546eccf') in 0.016028 seconds 
========================================================================
Received Import Request.
  Time since last request: 20.764204 seconds.
  path: Assets/@MyAssets/Prefabs/Piezas/Ventanas/SideWindow_Car1Original.prefab
  artifactKey: Guid(5c1250e45c4c7414e8267e02e73f230a) Importer(815301076,1909f56bfc062723c751e8b465ee728b)
Start importing Assets/@MyAssets/Prefabs/Piezas/Ventanas/SideWindow_Car1Original.prefab using Guid(5c1250e45c4c7414e8267e02e73f230a) Importer(815301076,1909f56bfc062723c751e8b465ee728b)  -> (artifact id: '4e0d2b1a2d5789b4d6c6e8db48fa1071') in 0.089533 seconds 
========================================================================
Received Import Request.
  Time since last request: 0.000025 seconds.
  path: Assets/@MyAssets/Prefabs/Piezas/Ventanas/Windshield_Car1Original.prefab
  artifactKey: Guid(3ba2da46444dcc74a8fc2e1051a8caa9) Importer(815301076,1909f56bfc062723c751e8b465ee728b)
Start importing Assets/@MyAssets/Prefabs/Piezas/Ventanas/Windshield_Car1Original.prefab using Guid(3ba2da46444dcc74a8fc2e1051a8caa9) Importer(815301076,1909f56bfc062723c751e8b465ee728b)  -> (artifact id: 'e2cbe0c290335f1a132f7b64fd91fa5d') in 0.085020 seconds 
========================================================================
Received Import Request.
  Time since last request: 8.206223 seconds.
  path: Assets/@MyAssets/Prefabs/Piezas/Ventanas/SideWindow_Car1Original.prefab
  artifactKey: Guid(5c1250e45c4c7414e8267e02e73f230a) Importer(815301076,1909f56bfc062723c751e8b465ee728b)
Start importing Assets/@MyAssets/Prefabs/Piezas/Ventanas/SideWindow_Car1Original.prefab using Guid(5c1250e45c4c7414e8267e02e73f230a) Importer(815301076,1909f56bfc062723c751e8b465ee728b)  -> (artifact id: '56d510f67fa00819e62ebd4dfa3d5ede') in 0.104401 seconds 
========================================================================
Received Import Request.
  Time since last request: 2.077976 seconds.
  path: Assets/@MyAssets/Prefabs/Piezas/Ventanas/SideWindow_Car1Original.prefab
  artifactKey: Guid(5c1250e45c4c7414e8267e02e73f230a) Importer(815301076,1909f56bfc062723c751e8b465ee728b)
Start importing Assets/@MyAssets/Prefabs/Piezas/Ventanas/SideWindow_Car1Original.prefab using Guid(5c1250e45c4c7414e8267e02e73f230a) Importer(815301076,1909f56bfc062723c751e8b465ee728b)  -> (artifact id: 'ffb5a432f7e296bc0be73dfefbfc9033') in 0.086607 seconds 
========================================================================
Received Import Request.
  Time since last request: 0.000032 seconds.
  path: Assets/@MyAssets/Prefabs/Piezas/Ventanas/Windshield_Car2Original.prefab
  artifactKey: Guid(f62698a456b477147b106916b4954a25) Importer(815301076,1909f56bfc062723c751e8b465ee728b)
Start importing Assets/@MyAssets/Prefabs/Piezas/Ventanas/Windshield_Car2Original.prefab using Guid(f62698a456b477147b106916b4954a25) Importer(815301076,1909f56bfc062723c751e8b465ee728b)  -> (artifact id: '6f357d2ac80d249014059e9fb1eb8b56') in 0.078420 seconds 
========================================================================
Received Import Request.
  Time since last request: 23.226037 seconds.
  path: Assets/@MyAssets/Prefabs/Piezas/Ventanas/SideWindow_Car1Original.prefab
  artifactKey: Guid(5c1250e45c4c7414e8267e02e73f230a) Importer(815301076,1909f56bfc062723c751e8b465ee728b)
Start importing Assets/@MyAssets/Prefabs/Piezas/Ventanas/SideWindow_Car1Original.prefab using Guid(5c1250e45c4c7414e8267e02e73f230a) Importer(815301076,1909f56bfc062723c751e8b465ee728b)  -> (artifact id: 'd2ea07b32c952d4147344da7c13ab35a') in 0.084730 seconds 
========================================================================
Received Import Request.
  Time since last request: 2.288495 seconds.
  path: Assets/@MyAssets/Prefabs/Piezas/Ventanas/SideWindow_Car1Original.prefab
  artifactKey: Guid(5c1250e45c4c7414e8267e02e73f230a) Importer(815301076,1909f56bfc062723c751e8b465ee728b)
Start importing Assets/@MyAssets/Prefabs/Piezas/Ventanas/SideWindow_Car1Original.prefab using Guid(5c1250e45c4c7414e8267e02e73f230a) Importer(815301076,1909f56bfc062723c751e8b465ee728b)  -> (artifact id: '5805037043c6a389bd2451f37ed252ea') in 0.084697 seconds 
========================================================================
Received Import Request.
  Time since last request: 2.546926 seconds.
  path: Assets/@MyAssets/Prefabs/Piezas/Ventanas/SideWindow_Car1Original.prefab
  artifactKey: Guid(5c1250e45c4c7414e8267e02e73f230a) Importer(815301076,1909f56bfc062723c751e8b465ee728b)
Start importing Assets/@MyAssets/Prefabs/Piezas/Ventanas/SideWindow_Car1Original.prefab using Guid(5c1250e45c4c7414e8267e02e73f230a) Importer(815301076,1909f56bfc062723c751e8b465ee728b)  -> (artifact id: 'fc2d90cf4d08511742c06c1771679dfe') in 0.087090 seconds 
========================================================================
Received Import Request.
  Time since last request: 0.000028 seconds.
  path: Assets/@MyAssets/Prefabs/Piezas/Ventanas/Windshield_Car1Original.prefab
  artifactKey: Guid(3ba2da46444dcc74a8fc2e1051a8caa9) Importer(815301076,1909f56bfc062723c751e8b465ee728b)
Start importing Assets/@MyAssets/Prefabs/Piezas/Ventanas/Windshield_Car1Original.prefab using Guid(3ba2da46444dcc74a8fc2e1051a8caa9) Importer(815301076,1909f56bfc062723c751e8b465ee728b)  -> (artifact id: 'a885aff3626e38ae607d70665231946f') in 0.078296 seconds 
========================================================================
Received Import Request.
  Time since last request: 1.201447 seconds.
  path: Assets/@MyAssets/Prefabs/Piezas/Ventanas/SideWindow_Car1Original.prefab
  artifactKey: Guid(5c1250e45c4c7414e8267e02e73f230a) Importer(815301076,1909f56bfc062723c751e8b465ee728b)
Start importing Assets/@MyAssets/Prefabs/Piezas/Ventanas/SideWindow_Car1Original.prefab using Guid(5c1250e45c4c7414e8267e02e73f230a) Importer(815301076,1909f56bfc062723c751e8b465ee728b)  -> (artifact id: '1234a9dfbb2dc6691450715e3070026a') in 0.085954 seconds 
========================================================================
Received Import Request.
  Time since last request: 4.343910 seconds.
  path: Assets/@MyAssets/Prefabs/Piezas/Ventanas/SideWindow_Car1Original.prefab
  artifactKey: Guid(5c1250e45c4c7414e8267e02e73f230a) Importer(815301076,1909f56bfc062723c751e8b465ee728b)
Start importing Assets/@MyAssets/Prefabs/Piezas/Ventanas/SideWindow_Car1Original.prefab using Guid(5c1250e45c4c7414e8267e02e73f230a) Importer(815301076,1909f56bfc062723c751e8b465ee728b)  -> (artifact id: '064d884b2e2d03f7a28cfb23c92d2cad') in 0.085632 seconds 
========================================================================
Received Import Request.
  Time since last request: 0.000024 seconds.
  path: Assets/@MyAssets/Prefabs/Piezas/Ventanas/Windshield_Car2Original.prefab
  artifactKey: Guid(f62698a456b477147b106916b4954a25) Importer(815301076,1909f56bfc062723c751e8b465ee728b)
Start importing Assets/@MyAssets/Prefabs/Piezas/Ventanas/Windshield_Car2Original.prefab using Guid(f62698a456b477147b106916b4954a25) Importer(815301076,1909f56bfc062723c751e8b465ee728b)  -> (artifact id: 'f6805eba30976a3607755174840892ba') in 0.080090 seconds 
========================================================================
Received Import Request.
  Time since last request: 3.614572 seconds.
  path: Assets/@MyAssets/Prefabs/Piezas/Ventanas/SideWindow_Car1Original.prefab
  artifactKey: Guid(5c1250e45c4c7414e8267e02e73f230a) Importer(815301076,1909f56bfc062723c751e8b465ee728b)
Start importing Assets/@MyAssets/Prefabs/Piezas/Ventanas/SideWindow_Car1Original.prefab using Guid(5c1250e45c4c7414e8267e02e73f230a) Importer(815301076,1909f56bfc062723c751e8b465ee728b)  -> (artifact id: '435a4dbdded8419b5bc04c6ad1685c2b') in 0.082475 seconds 
========================================================================
Received Import Request.
  Time since last request: 0.000028 seconds.
  path: Assets/@MyAssets/Prefabs/Piezas/Ventanas/Windshield_Car2Original.prefab
  artifactKey: Guid(f62698a456b477147b106916b4954a25) Importer(815301076,1909f56bfc062723c751e8b465ee728b)
Start importing Assets/@MyAssets/Prefabs/Piezas/Ventanas/Windshield_Car2Original.prefab using Guid(f62698a456b477147b106916b4954a25) Importer(815301076,1909f56bfc062723c751e8b465ee728b)  -> (artifact id: '63b005fdfd7fdb655a4ecffda16e07c8') in 0.075340 seconds 
========================================================================
Received Import Request.
  Time since last request: 3.057872 seconds.
  path: Assets/@MyAssets/Prefabs/Piezas/Ventanas/SideWindow_Car1Original.prefab
  artifactKey: Guid(5c1250e45c4c7414e8267e02e73f230a) Importer(815301076,1909f56bfc062723c751e8b465ee728b)
Start importing Assets/@MyAssets/Prefabs/Piezas/Ventanas/SideWindow_Car1Original.prefab using Guid(5c1250e45c4c7414e8267e02e73f230a) Importer(815301076,1909f56bfc062723c751e8b465ee728b)  -> (artifact id: '6fb3219258169f4014aa32e9545c0779') in 0.117246 seconds 
========================================================================
Received Import Request.
  Time since last request: 0.857490 seconds.
  path: Assets/@MyAssets/Prefabs/Piezas/Ventanas/SideWindow_Car1Original.prefab
  artifactKey: Guid(5c1250e45c4c7414e8267e02e73f230a) Importer(815301076,1909f56bfc062723c751e8b465ee728b)
Start importing Assets/@MyAssets/Prefabs/Piezas/Ventanas/SideWindow_Car1Original.prefab using Guid(5c1250e45c4c7414e8267e02e73f230a) Importer(815301076,1909f56bfc062723c751e8b465ee728b)  -> (artifact id: '4d63ed0933e9117aa55eda66a5a7edae') in 0.093108 seconds 
========================================================================
Received Import Request.
  Time since last request: 0.000028 seconds.
  path: Assets/@MyAssets/Prefabs/Piezas/Ventanas/Windshield_Car1Original.prefab
  artifactKey: Guid(3ba2da46444dcc74a8fc2e1051a8caa9) Importer(815301076,1909f56bfc062723c751e8b465ee728b)
Start importing Assets/@MyAssets/Prefabs/Piezas/Ventanas/Windshield_Car1Original.prefab using Guid(3ba2da46444dcc74a8fc2e1051a8caa9) Importer(815301076,1909f56bfc062723c751e8b465ee728b)  -> (artifact id: '53e6ea0eb09a79affc06ccdbe6dc86b0') in 0.080587 seconds 
Editor requested this worker to shutdown with reason: Scaling down because of idle timeout
AssetImportWorker is now disconnected from the server
Process exiting
Exiting without the bug reporter. Application will terminate with return code 0