Using pre-set license
Built from '2021.3/staging' branch; Version is '2021.3.9f1 (ad3870b89536) revision 11352176'; Using compiler version '192829333'; Build Type 'Release'
OS: 'Windows 10  (10.0.19045) 64bit Core' Language: 'es' Physical Memory: 16180 MB
BatchMode: 1, IsHumanControllingUs: 0, StartBugReporterOnCrash: 0, Is64bit: 1, IsPro: 1

COMMAND LINE ARGUMENTS:
C:\Program Files\Unity\Hub\Editor\2021.3.9f1\Editor\Unity.exe
-adb2
-batchMode
-noUpm
-name
AssetImportWorker0
-projectPath
C:/Users/usuario/Documents/GitHub/TallerCochesVR
-logFile
Logs/AssetImportWorker0.log
-srvPort
50618
Successfully changed project path to: C:/Users/usuario/Documents/GitHub/TallerCochesVR
C:/Users/usuario/Documents/GitHub/TallerCochesVR
[UnityMemory] Configuration Parameters - Can be set up in boot.config
    "memorysetup-bucket-allocator-granularity=16"
    "memorysetup-bucket-allocator-bucket-count=8"
    "memorysetup-bucket-allocator-block-size=33554432"
    "memorysetup-bucket-allocator-block-count=8"
    "memorysetup-main-allocator-block-size=16777216"
    "memorysetup-thread-allocator-block-size=16777216"
    "memorysetup-gfx-main-allocator-block-size=16777216"
    "memorysetup-gfx-thread-allocator-block-size=16777216"
    "memorysetup-cache-allocator-block-size=4194304"
    "memorysetup-typetree-allocator-block-size=2097152"
    "memorysetup-profiler-bucket-allocator-granularity=16"
    "memorysetup-profiler-bucket-allocator-bucket-count=8"
    "memorysetup-profiler-bucket-allocator-block-size=33554432"
    "memorysetup-profiler-bucket-allocator-block-count=8"
    "memorysetup-profiler-allocator-block-size=16777216"
    "memorysetup-profiler-editor-allocator-block-size=1048576"
    "memorysetup-temp-allocator-size-main=16777216"
    "memorysetup-job-temp-allocator-block-size=2097152"
    "memorysetup-job-temp-allocator-block-size-background=1048576"
    "memorysetup-job-temp-allocator-reduction-small-platforms=262144"
    "memorysetup-temp-allocator-size-background-worker=32768"
    "memorysetup-temp-allocator-size-job-worker=262144"
    "memorysetup-temp-allocator-size-preload-manager=33554432"
    "memorysetup-temp-allocator-size-nav-mesh-worker=65536"
    "memorysetup-temp-allocator-size-audio-worker=65536"
    "memorysetup-temp-allocator-size-cloud-worker=32768"
    "memorysetup-temp-allocator-size-gi-baking-worker=262144"
    "memorysetup-temp-allocator-size-gfx=262144"
Refreshing native plugins compatible for Editor in 99.57 ms, found 11 plugins.
Preloading 1 native plugins for Editor in 0.75 ms.
Initialize engine version: 2021.3.9f1 (ad3870b89536)
[Subsystems] Discovering subsystems at path C:/Program Files/Unity/Hub/Editor/2021.3.9f1/Editor/Data/Resources/UnitySubsystems
[Subsystems] Discovering subsystems at path C:/Users/usuario/Documents/GitHub/TallerCochesVR/Assets
GfxDevice: creating device client; threaded=0; jobified=0
Direct3D:
    Version:  Direct3D 11.0 [level 11.1]
    Renderer: NVIDIA GeForce RTX 3060 (ID=0x2504)
    Vendor:   NVIDIA
    VRAM:     12129 MB
    Driver:   31.0.15.3623
Initialize mono
Mono path[0] = 'C:/Program Files/Unity/Hub/Editor/2021.3.9f1/Editor/Data/Managed'
Mono path[1] = 'C:/Program Files/Unity/Hub/Editor/2021.3.9f1/Editor/Data/MonoBleedingEdge/lib/mono/unityjit-win32'
Mono config path = 'C:/Program Files/Unity/Hub/Editor/2021.3.9f1/Editor/Data/MonoBleedingEdge/etc'
Using monoOptions --debugger-agent=transport=dt_socket,embedding=1,server=y,suspend=n,address=127.0.0.1:56656
Begin MonoManager ReloadAssembly
Registering precompiled unity dll's ...
Register platform support module: C:/Program Files/Unity/Hub/Editor/2021.3.9f1/Editor/Data/PlaybackEngines/AndroidPlayer/UnityEditor.Android.Extensions.dll
Register platform support module: C:/Program Files/Unity/Hub/Editor/2021.3.9f1/Editor/Data/PlaybackEngines/WindowsStandaloneSupport/UnityEditor.WindowsStandalone.Extensions.dll
Registered in 0.007667 seconds.
Native extension for WindowsStandalone target not found
Native extension for Android target not found
Refreshing native plugins compatible for Editor in 98.36 ms, found 11 plugins.
Preloading 1 native plugins for Editor in 0.15 ms.
Mono: successfully reloaded assembly
- Completed reload, in  0.536 seconds
Domain Reload Profiling:
	ReloadAssembly (537ms)
		BeginReloadAssembly (60ms)
			ExecutionOrderSort (0ms)
			DisableScriptedObjects (0ms)
			BackupInstance (0ms)
			ReleaseScriptingObjects (0ms)
			CreateAndSetChildDomain (1ms)
		EndReloadAssembly (386ms)
			LoadAssemblies (58ms)
			RebuildTransferFunctionScriptingTraits (0ms)
			SetupTypeCache (76ms)
			ReleaseScriptCaches (0ms)
			RebuildScriptCaches (18ms)
			SetupLoadedEditorAssemblies (249ms)
				LogAssemblyErrors (0ms)
				InitializePlatformSupportModulesInManaged (45ms)
				SetLoadedEditorAssemblies (0ms)
				RefreshPlugins (99ms)
				BeforeProcessingInitializeOnLoad (1ms)
				ProcessInitializeOnLoadAttributes (70ms)
				ProcessInitializeOnLoadMethodAttributes (33ms)
				AfterProcessingInitializeOnLoad (0ms)
				EditorAssembliesLoaded (0ms)
			ExecutionOrderSort2 (0ms)
			AwakeInstancesAfterBackupRestoration (0ms)
Platform modules already initialized, skipping
Registering precompiled user dll's ...
Registered in 0.012099 seconds.
Begin MonoManager ReloadAssembly
Symbol file LoadedFromMemory doesn't match image C:\Users\usuario\Documents\GitHub\TallerCochesVR\Library\PackageCache\com.unity.visualscripting@1.7.8\Editor\VisualScripting.Core\Dependencies\DotNetZip\Unity.VisualScripting.IonicZip.dll
Symbol file LoadedFromMemory doesn't match image C:\Users\usuario\Documents\GitHub\TallerCochesVR\Library\PackageCache\com.unity.visualscripting@1.7.8\Editor\VisualScripting.Core\Dependencies\YamlDotNet\Unity.VisualScripting.YamlDotNet.dll
Native extension for WindowsStandalone target not found
Native extension for Android target not found
Refreshing native plugins compatible for Editor in 95.61 ms, found 11 plugins.
Preloading 1 native plugins for Editor in 0.07 ms.
Package Manager log level set to [2]
System.Reflection.TargetInvocationException: Exception has been thrown by the target of an invocation. ---> System.NullReferenceException: Object reference not set to an instance of an object
  at Unity.XR.Oculus.OculusLoader.AssetPathToAbsolutePath (System.String assetPath) [0x0003d] in C:\Users\usuario\Documents\GitHub\TallerCochesVR\Library\PackageCache\com.unity.xr.oculus@3.0.2\Runtime\OculusLoader.cs:271 
  at Unity.XR.Oculus.OculusLoader.EditorLoadOVRPlugin () [0x0007b] in C:\Users\usuario\Documents\GitHub\TallerCochesVR\Library\PackageCache\com.unity.xr.oculus@3.0.2\Runtime\OculusLoader.cs:256 
  at (wrapper managed-to-native) System.Reflection.RuntimeMethodInfo.InternalInvoke(System.Reflection.RuntimeMethodInfo,object,object[],System.Exception&)
  at System.Reflection.RuntimeMethodInfo.Invoke (System.Object obj, System.Reflection.BindingFlags invokeAttr, System.Reflection.Binder binder, System.Object[] parameters, System.Globalization.CultureInfo culture) [0x0006a] in <9aad1b3a47484d63ba2b3985692d80e9>:0 
   --- End of inner exception stack trace ---
  at System.Reflection.RuntimeMethodInfo.Invoke (System.Object obj, System.Reflection.BindingFlags invokeAttr, System.Reflection.Binder binder, System.Object[] parameters, System.Globalization.CultureInfo culture) [0x00083] in <9aad1b3a47484d63ba2b3985692d80e9>:0 
  at System.Reflection.MethodBase.Invoke (System.Object obj, System.Object[] parameters) [0x00000] in <9aad1b3a47484d63ba2b3985692d80e9>:0 
  at UnityEditor.EditorAssemblies.ProcessInitializeOnLoadMethodAttributes () [0x000a5] in <0d6ce211ebbc47e1a35a84c3672ff58f>:0 
UnityEngine.StackTraceUtility:ExtractStackTrace ()
UnityEngine.DebugLogHandler:LogFormat (UnityEngine.LogType,UnityEngine.Object,string,object[])
UnityEngine.Logger:Log (UnityEngine.LogType,object)
UnityEngine.Debug:LogError (object)
UnityEditor.EditorAssemblies:ProcessInitializeOnLoadMethodAttributes ()

Mono: successfully reloaded assembly
- Completed reload, in  1.248 seconds
Domain Reload Profiling:
	ReloadAssembly (1248ms)
		BeginReloadAssembly (202ms)
			ExecutionOrderSort (0ms)
			DisableScriptedObjects (4ms)
			BackupInstance (0ms)
			ReleaseScriptingObjects (0ms)
			CreateAndSetChildDomain (131ms)
		EndReloadAssembly (953ms)
			LoadAssemblies (81ms)
			RebuildTransferFunctionScriptingTraits (0ms)
			SetupTypeCache (218ms)
			ReleaseScriptCaches (1ms)
			RebuildScriptCaches (47ms)
			SetupLoadedEditorAssemblies (567ms)
				LogAssemblyErrors (0ms)
				InitializePlatformSupportModulesInManaged (11ms)
				SetLoadedEditorAssemblies (0ms)
				RefreshPlugins (96ms)
				BeforeProcessingInitializeOnLoad (107ms)
				ProcessInitializeOnLoadAttributes (274ms)
				ProcessInitializeOnLoadMethodAttributes (71ms)
				AfterProcessingInitializeOnLoad (8ms)
				EditorAssembliesLoaded (0ms)
			ExecutionOrderSort2 (0ms)
			AwakeInstancesAfterBackupRestoration (4ms)
Platform modules already initialized, skipping
========================================================================
Worker process is ready to serve import requests
Launched and connected shader compiler UnityShaderCompiler.exe after 0.03 seconds
Refreshing native plugins compatible for Editor in 1.33 ms, found 11 plugins.
Preloading 1 native plugins for Editor in 0.09 ms.
Unloading 5924 Unused Serialized files (Serialized files now loaded: 0)
Unloading 67 unused Assets / (1.1 MB). Loaded Objects now: 6359.
Memory consumption went from 240.4 MB to 239.3 MB.
Total: 3.670500 ms (FindLiveObjects: 0.385800 ms CreateObjectMapping: 0.146900 ms MarkObjects: 2.710100 ms  DeleteObjects: 0.426800 ms)

AssetImportParameters requested are different than current active one (requested -> active):
  custom:video-decoder-ogg-theora: a1e56fd34408186e4bbccfd4996cb3dc -> 
  custom:container-muxer-webm: aa71ff27fc2769a1b78a27578f13a17b -> 
  custom:container-demuxer-webm: 4f35f7cbe854078d1ac9338744f61a02 -> 
  custom:video-encoder-webm-vp8: eb34c28f22e8b96e1ab97ce403110664 -> 
  custom:audio-encoder-webm-vorbis: bf7c407c2cedff20999df2af8eb42d56 -> 
  custom:framework-win-MediaFoundation: 216162199b28c13a410421893ffa2e32 -> 
  custom:container-demuxer-ogg: 62fdf1f143b41e24485cea50d1cbac27 -> 
  custom:video-decoder-webm-vp8: 9c59270c3fd7afecdb556c50c9e8de78 -> 
  custom:audio-decoder-ogg-vorbis: bf7c407c2cedff20999df2af8eb42d56 -> 
========================================================================
Received Import Request.
  Time since last request: 33052.527168 seconds.
  path: Assets/@MyAssets/Prefabs/Piezas/Asientos
  artifactKey: Guid(db5e21b9f37572f41af978b8d0ac238d) Importer(815301076,1909f56bfc062723c751e8b465ee728b)
Start importing Assets/@MyAssets/Prefabs/Piezas/Asientos using Guid(db5e21b9f37572f41af978b8d0ac238d) Importer(815301076,1909f56bfc062723c751e8b465ee728b)  -> (artifact id: 'aafa283015426e24e2d4284ef42e3670') in 0.015111 seconds 
========================================================================
Received Import Request.
  Time since last request: 0.059675 seconds.
  path: Assets/@MyAssets/Prefabs/Piezas/Asientos/Asiento_1.fbx
  artifactKey: Guid(881c1850d6808cd4293e0bca6cbb8421) Importer(815301076,1909f56bfc062723c751e8b465ee728b)
Start importing Assets/@MyAssets/Prefabs/Piezas/Asientos/Asiento_1.fbx using Guid(881c1850d6808cd4293e0bca6cbb8421) Importer(815301076,1909f56bfc062723c751e8b465ee728b)  -> (artifact id: '25a8c4b6904ff999d0613eb6293f85d1') in 0.288910 seconds 
========================================================================
Received Import Request.
  Time since last request: 0.000029 seconds.
  path: Assets/@MyAssets/Prefabs/Piezas/Asientos/Asiento_3.fbx
  artifactKey: Guid(f0e4d7a93b3ea0944903f3e9c799dca4) Importer(815301076,1909f56bfc062723c751e8b465ee728b)
Start importing Assets/@MyAssets/Prefabs/Piezas/Asientos/Asiento_3.fbx using Guid(f0e4d7a93b3ea0944903f3e9c799dca4) Importer(815301076,1909f56bfc062723c751e8b465ee728b)  -> (artifact id: 'd7676128ce633618304b528474e38691') in 0.028601 seconds 
========================================================================
Received Import Request.
  Time since last request: 13.726436 seconds.
  path: Assets/@MyAssets/Prefabs/Piezas/Asientos/Asientos.ma
  artifactKey: Guid(671caa0ec61d9c64c96af1f7b9c5694c) Importer(815301076,1909f56bfc062723c751e8b465ee728b)
Start importing Assets/@MyAssets/Prefabs/Piezas/Asientos/Asientos.ma using Guid(671caa0ec61d9c64c96af1f7b9c5694c) Importer(815301076,1909f56bfc062723c751e8b465ee728b)  -> (artifact id: 'e85341b9145d6b891479ae58fd545c8c') in 0.004996 seconds 
========================================================================
Received Import Request.
  Time since last request: 6.705385 seconds.
  path: Assets/@MyAssets/Prefabs/Piezas/Ruedas
  artifactKey: Guid(5aa7a673afc1c054aa322559d43547a1) Importer(815301076,1909f56bfc062723c751e8b465ee728b)
Start importing Assets/@MyAssets/Prefabs/Piezas/Ruedas using Guid(5aa7a673afc1c054aa322559d43547a1) Importer(815301076,1909f56bfc062723c751e8b465ee728b)  -> (artifact id: '787d5cea445e478a8af257febab62c01') in 0.007551 seconds 
========================================================================
Received Import Request.
  Time since last request: 0.054229 seconds.
  path: Assets/@MyAssets/Prefabs/Piezas/Ruedas/Rueda_1.fbx
  artifactKey: Guid(c727ac27548002641a50c37e86eed406) Importer(815301076,1909f56bfc062723c751e8b465ee728b)
Start importing Assets/@MyAssets/Prefabs/Piezas/Ruedas/Rueda_1.fbx using Guid(c727ac27548002641a50c37e86eed406) Importer(815301076,1909f56bfc062723c751e8b465ee728b)  -> (artifact id: 'b7ff1d7efef730115e5c373459163b91') in 0.027855 seconds 
========================================================================
Received Import Request.
  Time since last request: 0.000031 seconds.
  path: Assets/@MyAssets/Prefabs/Piezas/Ruedas/Rueda_base.fbx
  artifactKey: Guid(66394fe55c452344f8443d4520fc56a6) Importer(815301076,1909f56bfc062723c751e8b465ee728b)
Start importing Assets/@MyAssets/Prefabs/Piezas/Ruedas/Rueda_base.fbx using Guid(66394fe55c452344f8443d4520fc56a6) Importer(815301076,1909f56bfc062723c751e8b465ee728b)  -> (artifact id: 'c88c243d4f67e35b702ba1bc921c0be8') in 0.027028 seconds 
========================================================================
Received Import Request.
  Time since last request: 0.000022 seconds.
  path: Assets/@MyAssets/Prefabs/Piezas/Ruedas/Rueda_4.fbx
  artifactKey: Guid(b568635cd6942f940882426018a7b324) Importer(815301076,1909f56bfc062723c751e8b465ee728b)
Start importing Assets/@MyAssets/Prefabs/Piezas/Ruedas/Rueda_4.fbx using Guid(b568635cd6942f940882426018a7b324) Importer(815301076,1909f56bfc062723c751e8b465ee728b)  -> (artifact id: 'fe7567547eeee7a6c181e02da23cf98f') in 0.022015 seconds 
========================================================================
Received Import Request.
  Time since last request: 0.609906 seconds.
  path: Assets/@MyAssets/Prefabs/Piezas/Ruedas/ruedas.ma
  artifactKey: Guid(1d73facd7a2da514b88921dbb90bb9cf) Importer(815301076,1909f56bfc062723c751e8b465ee728b)
Start importing Assets/@MyAssets/Prefabs/Piezas/Ruedas/ruedas.ma using Guid(1d73facd7a2da514b88921dbb90bb9cf) Importer(815301076,1909f56bfc062723c751e8b465ee728b)  -> (artifact id: 'f4cd833f08734c03613e8efb702eabcf') in 0.007743 seconds 
========================================================================
Received Import Request.
  Time since last request: 2.719044 seconds.
  path: Assets/@MyAssets/Prefabs/Piezas/Volantes
  artifactKey: Guid(b549dbd095dcd2546bab7e7c386b3758) Importer(815301076,1909f56bfc062723c751e8b465ee728b)
Start importing Assets/@MyAssets/Prefabs/Piezas/Volantes using Guid(b549dbd095dcd2546bab7e7c386b3758) Importer(815301076,1909f56bfc062723c751e8b465ee728b)  -> (artifact id: '87c89066bf7233e38d1a2c9de9bf64fd') in 0.006819 seconds 
========================================================================
Received Import Request.
  Time since last request: 0.179787 seconds.
  path: Assets/@MyAssets/Prefabs/Piezas/Volantes/Volante_1.fbx
  artifactKey: Guid(2da8abd13c2dd9e4b9de0095e98d9fc0) Importer(815301076,1909f56bfc062723c751e8b465ee728b)
Start importing Assets/@MyAssets/Prefabs/Piezas/Volantes/Volante_1.fbx using Guid(2da8abd13c2dd9e4b9de0095e98d9fc0) Importer(815301076,1909f56bfc062723c751e8b465ee728b)  -> (artifact id: 'aad8d3bdcf4136482ef3d44cdcf47be6') in 0.027037 seconds 
========================================================================
Received Import Request.
  Time since last request: 0.000036 seconds.
  path: Assets/@MyAssets/Prefabs/Piezas/Volantes/Volante_Base.fbx
  artifactKey: Guid(9e31486594193a949b820dcae4b226fb) Importer(815301076,1909f56bfc062723c751e8b465ee728b)
Start importing Assets/@MyAssets/Prefabs/Piezas/Volantes/Volante_Base.fbx using Guid(9e31486594193a949b820dcae4b226fb) Importer(815301076,1909f56bfc062723c751e8b465ee728b)  -> (artifact id: 'df9a298720393c3648288d8a90edd772') in 0.041314 seconds 
Editor requested this worker to shutdown with reason: Scaling down because of idle timeout
AssetImportWorker is now disconnected from the server
Process exiting
Exiting without the bug reporter. Application will terminate with return code 0