Using pre-set license
Built from '2021.3/staging' branch; Version is '2021.3.9f1 (ad3870b89536) revision 11352176'; Using compiler version '192829333'; Build Type 'Release'
OS: 'Windows 10  (10.0.19045) 64bit Core' Language: 'es' Physical Memory: 16180 MB
BatchMode: 1, IsHumanControllingUs: 0, StartBugReporterOnCrash: 0, Is64bit: 1, IsPro: 1

COMMAND LINE ARGUMENTS:
C:\Program Files\Unity\Hub\Editor\2021.3.9f1\Editor\Unity.exe
-adb2
-batchMode
-noUpm
-name
AssetImportWorker7
-projectPath
C:/Users/usuario/Documents/GitHub/TallerCochesVR
-logFile
Logs/AssetImportWorker7.log
-srvPort
50618
Successfully changed project path to: C:/Users/usuario/Documents/GitHub/TallerCochesVR
C:/Users/usuario/Documents/GitHub/TallerCochesVR
[UnityMemory] Configuration Parameters - Can be set up in boot.config
    "memorysetup-bucket-allocator-granularity=16"
    "memorysetup-bucket-allocator-bucket-count=8"
    "memorysetup-bucket-allocator-block-size=33554432"
    "memorysetup-bucket-allocator-block-count=8"
    "memorysetup-main-allocator-block-size=16777216"
    "memorysetup-thread-allocator-block-size=16777216"
    "memorysetup-gfx-main-allocator-block-size=16777216"
    "memorysetup-gfx-thread-allocator-block-size=16777216"
    "memorysetup-cache-allocator-block-size=4194304"
    "memorysetup-typetree-allocator-block-size=2097152"
    "memorysetup-profiler-bucket-allocator-granularity=16"
    "memorysetup-profiler-bucket-allocator-bucket-count=8"
    "memorysetup-profiler-bucket-allocator-block-size=33554432"
    "memorysetup-profiler-bucket-allocator-block-count=8"
    "memorysetup-profiler-allocator-block-size=16777216"
    "memorysetup-profiler-editor-allocator-block-size=1048576"
    "memorysetup-temp-allocator-size-main=16777216"
    "memorysetup-job-temp-allocator-block-size=2097152"
    "memorysetup-job-temp-allocator-block-size-background=1048576"
    "memorysetup-job-temp-allocator-reduction-small-platforms=262144"
    "memorysetup-temp-allocator-size-background-worker=32768"
    "memorysetup-temp-allocator-size-job-worker=262144"
    "memorysetup-temp-allocator-size-preload-manager=33554432"
    "memorysetup-temp-allocator-size-nav-mesh-worker=65536"
    "memorysetup-temp-allocator-size-audio-worker=65536"
    "memorysetup-temp-allocator-size-cloud-worker=32768"
    "memorysetup-temp-allocator-size-gi-baking-worker=262144"
    "memorysetup-temp-allocator-size-gfx=262144"
Refreshing native plugins compatible for Editor in 104.69 ms, found 11 plugins.
Preloading 1 native plugins for Editor in 0.74 ms.
Initialize engine version: 2021.3.9f1 (ad3870b89536)
[Subsystems] Discovering subsystems at path C:/Program Files/Unity/Hub/Editor/2021.3.9f1/Editor/Data/Resources/UnitySubsystems
[Subsystems] Discovering subsystems at path C:/Users/usuario/Documents/GitHub/TallerCochesVR/Assets
GfxDevice: creating device client; threaded=0; jobified=0
Direct3D:
    Version:  Direct3D 11.0 [level 11.1]
    Renderer: NVIDIA GeForce RTX 3060 (ID=0x2504)
    Vendor:   NVIDIA
    VRAM:     12129 MB
    Driver:   31.0.15.3623
Initialize mono
Mono path[0] = 'C:/Program Files/Unity/Hub/Editor/2021.3.9f1/Editor/Data/Managed'
Mono path[1] = 'C:/Program Files/Unity/Hub/Editor/2021.3.9f1/Editor/Data/MonoBleedingEdge/lib/mono/unityjit-win32'
Mono config path = 'C:/Program Files/Unity/Hub/Editor/2021.3.9f1/Editor/Data/MonoBleedingEdge/etc'
Using monoOptions --debugger-agent=transport=dt_socket,embedding=1,server=y,suspend=n,address=127.0.0.1:56068
Begin MonoManager ReloadAssembly
Registering precompiled unity dll's ...
Register platform support module: C:/Program Files/Unity/Hub/Editor/2021.3.9f1/Editor/Data/PlaybackEngines/AndroidPlayer/UnityEditor.Android.Extensions.dll
Register platform support module: C:/Program Files/Unity/Hub/Editor/2021.3.9f1/Editor/Data/PlaybackEngines/WindowsStandaloneSupport/UnityEditor.WindowsStandalone.Extensions.dll
Registered in 0.007538 seconds.
Native extension for WindowsStandalone target not found
Native extension for Android target not found
Refreshing native plugins compatible for Editor in 93.70 ms, found 11 plugins.
Preloading 1 native plugins for Editor in 0.13 ms.
Mono: successfully reloaded assembly
- Completed reload, in  0.534 seconds
Domain Reload Profiling:
	ReloadAssembly (534ms)
		BeginReloadAssembly (57ms)
			ExecutionOrderSort (0ms)
			DisableScriptedObjects (0ms)
			BackupInstance (0ms)
			ReleaseScriptingObjects (0ms)
			CreateAndSetChildDomain (1ms)
		EndReloadAssembly (387ms)
			LoadAssemblies (56ms)
			RebuildTransferFunctionScriptingTraits (0ms)
			SetupTypeCache (77ms)
			ReleaseScriptCaches (0ms)
			RebuildScriptCaches (17ms)
			SetupLoadedEditorAssemblies (249ms)
				LogAssemblyErrors (0ms)
				InitializePlatformSupportModulesInManaged (47ms)
				SetLoadedEditorAssemblies (0ms)
				RefreshPlugins (94ms)
				BeforeProcessingInitializeOnLoad (1ms)
				ProcessInitializeOnLoadAttributes (73ms)
				ProcessInitializeOnLoadMethodAttributes (35ms)
				AfterProcessingInitializeOnLoad (0ms)
				EditorAssembliesLoaded (0ms)
			ExecutionOrderSort2 (0ms)
			AwakeInstancesAfterBackupRestoration (0ms)
Platform modules already initialized, skipping
Registering precompiled user dll's ...
Registered in 0.011600 seconds.
Begin MonoManager ReloadAssembly
Symbol file LoadedFromMemory doesn't match image C:\Users\usuario\Documents\GitHub\TallerCochesVR\Library\PackageCache\com.unity.visualscripting@1.7.8\Editor\VisualScripting.Core\Dependencies\DotNetZip\Unity.VisualScripting.IonicZip.dll
Symbol file LoadedFromMemory doesn't match image C:\Users\usuario\Documents\GitHub\TallerCochesVR\Library\PackageCache\com.unity.visualscripting@1.7.8\Editor\VisualScripting.Core\Dependencies\YamlDotNet\Unity.VisualScripting.YamlDotNet.dll
Native extension for WindowsStandalone target not found
Native extension for Android target not found
Refreshing native plugins compatible for Editor in 93.51 ms, found 11 plugins.
Preloading 1 native plugins for Editor in 0.10 ms.
Package Manager log level set to [2]
System.Reflection.TargetInvocationException: Exception has been thrown by the target of an invocation. ---> System.NullReferenceException: Object reference not set to an instance of an object
  at Unity.XR.Oculus.OculusLoader.AssetPathToAbsolutePath (System.String assetPath) [0x0003d] in C:\Users\usuario\Documents\GitHub\TallerCochesVR\Library\PackageCache\com.unity.xr.oculus@3.0.2\Runtime\OculusLoader.cs:271 
  at Unity.XR.Oculus.OculusLoader.EditorLoadOVRPlugin () [0x0007b] in C:\Users\usuario\Documents\GitHub\TallerCochesVR\Library\PackageCache\com.unity.xr.oculus@3.0.2\Runtime\OculusLoader.cs:256 
  at (wrapper managed-to-native) System.Reflection.RuntimeMethodInfo.InternalInvoke(System.Reflection.RuntimeMethodInfo,object,object[],System.Exception&)
  at System.Reflection.RuntimeMethodInfo.Invoke (System.Object obj, System.Reflection.BindingFlags invokeAttr, System.Reflection.Binder binder, System.Object[] parameters, System.Globalization.CultureInfo culture) [0x0006a] in <9aad1b3a47484d63ba2b3985692d80e9>:0 
   --- End of inner exception stack trace ---
  at System.Reflection.RuntimeMethodInfo.Invoke (System.Object obj, System.Reflection.BindingFlags invokeAttr, System.Reflection.Binder binder, System.Object[] parameters, System.Globalization.CultureInfo culture) [0x00083] in <9aad1b3a47484d63ba2b3985692d80e9>:0 
  at System.Reflection.MethodBase.Invoke (System.Object obj, System.Object[] parameters) [0x00000] in <9aad1b3a47484d63ba2b3985692d80e9>:0 
  at UnityEditor.EditorAssemblies.ProcessInitializeOnLoadMethodAttributes () [0x000a5] in <0d6ce211ebbc47e1a35a84c3672ff58f>:0 
UnityEngine.StackTraceUtility:ExtractStackTrace ()
UnityEngine.DebugLogHandler:LogFormat (UnityEngine.LogType,UnityEngine.Object,string,object[])
UnityEngine.Logger:Log (UnityEngine.LogType,object)
UnityEngine.Debug:LogError (object)
UnityEditor.EditorAssemblies:ProcessInitializeOnLoadMethodAttributes ()

Mono: successfully reloaded assembly
- Completed reload, in  1.301 seconds
Domain Reload Profiling:
	ReloadAssembly (1301ms)
		BeginReloadAssembly (203ms)
			ExecutionOrderSort (0ms)
			DisableScriptedObjects (5ms)
			BackupInstance (0ms)
			ReleaseScriptingObjects (0ms)
			CreateAndSetChildDomain (126ms)
		EndReloadAssembly (989ms)
			LoadAssemblies (86ms)
			RebuildTransferFunctionScriptingTraits (0ms)
			SetupTypeCache (248ms)
			ReleaseScriptCaches (1ms)
			RebuildScriptCaches (61ms)
			SetupLoadedEditorAssemblies (555ms)
				LogAssemblyErrors (0ms)
				InitializePlatformSupportModulesInManaged (11ms)
				SetLoadedEditorAssemblies (0ms)
				RefreshPlugins (94ms)
				BeforeProcessingInitializeOnLoad (105ms)
				ProcessInitializeOnLoadAttributes (267ms)
				ProcessInitializeOnLoadMethodAttributes (70ms)
				AfterProcessingInitializeOnLoad (8ms)
				EditorAssembliesLoaded (0ms)
			ExecutionOrderSort2 (0ms)
			AwakeInstancesAfterBackupRestoration (4ms)
Platform modules already initialized, skipping
========================================================================
Worker process is ready to serve import requests
Launched and connected shader compiler UnityShaderCompiler.exe after 0.03 seconds
Refreshing native plugins compatible for Editor in 1.10 ms, found 11 plugins.
Preloading 1 native plugins for Editor in 0.09 ms.
Unloading 5924 Unused Serialized files (Serialized files now loaded: 0)
Unloading 67 unused Assets / (1.1 MB). Loaded Objects now: 6359.
Memory consumption went from 240.5 MB to 239.4 MB.
Total: 3.521900 ms (FindLiveObjects: 0.386900 ms CreateObjectMapping: 0.161500 ms MarkObjects: 2.589100 ms  DeleteObjects: 0.383700 ms)

AssetImportParameters requested are different than current active one (requested -> active):
  custom:video-decoder-ogg-theora: a1e56fd34408186e4bbccfd4996cb3dc -> 
  custom:container-muxer-webm: aa71ff27fc2769a1b78a27578f13a17b -> 
  custom:container-demuxer-webm: 4f35f7cbe854078d1ac9338744f61a02 -> 
  custom:video-encoder-webm-vp8: eb34c28f22e8b96e1ab97ce403110664 -> 
  custom:audio-encoder-webm-vorbis: bf7c407c2cedff20999df2af8eb42d56 -> 
  custom:framework-win-MediaFoundation: 216162199b28c13a410421893ffa2e32 -> 
  custom:container-demuxer-ogg: 62fdf1f143b41e24485cea50d1cbac27 -> 
  custom:video-decoder-webm-vp8: 9c59270c3fd7afecdb556c50c9e8de78 -> 
  custom:audio-decoder-ogg-vorbis: bf7c407c2cedff20999df2af8eb42d56 -> 
========================================================================
Received Import Request.
  Time since last request: 49955.538170 seconds.
  path: Assets/@MyAssets/Prefabs/Piezas/Chasis/Body_Car2Original.prefab
  artifactKey: Guid(92c55f0a29f853843963593148d0e703) Importer(815301076,1909f56bfc062723c751e8b465ee728b)
Start importing Assets/@MyAssets/Prefabs/Piezas/Chasis/Body_Car2Original.prefab using Guid(92c55f0a29f853843963593148d0e703) Importer(815301076,1909f56bfc062723c751e8b465ee728b)  -> (artifact id: 'e470282c5b7d106cc9c69c36d921d011') in 0.350564 seconds 
========================================================================
Received Import Request.
  Time since last request: 6.843126 seconds.
  path: Assets/@MyAssets/Prefabs/Piezas/Chasis/Body_Car2Original.prefab
  artifactKey: Guid(92c55f0a29f853843963593148d0e703) Importer(815301076,1909f56bfc062723c751e8b465ee728b)
Start importing Assets/@MyAssets/Prefabs/Piezas/Chasis/Body_Car2Original.prefab using Guid(92c55f0a29f853843963593148d0e703) Importer(815301076,1909f56bfc062723c751e8b465ee728b)  -> (artifact id: '00fc2a67d51fe3b42d2105eefdf2e49f') in 0.075292 seconds 
========================================================================
Received Import Request.
  Time since last request: 17.610490 seconds.
  path: Assets/@MyAssets/Prefabs/Piezas/Chasis/Body_Car1Original.prefab
  artifactKey: Guid(02b66ebf88c918b419a731d4b000fc54) Importer(815301076,1909f56bfc062723c751e8b465ee728b)
Start importing Assets/@MyAssets/Prefabs/Piezas/Chasis/Body_Car1Original.prefab using Guid(02b66ebf88c918b419a731d4b000fc54) Importer(815301076,1909f56bfc062723c751e8b465ee728b)  -> (artifact id: 'c2cfdba834313ee004986adaa2476935') in 0.079568 seconds 
========================================================================
Received Import Request.
  Time since last request: 1.957636 seconds.
  path: Assets/@MyAssets/Prefabs/Piezas/Puertas/DoorL_Car2Original.prefab
  artifactKey: Guid(ce31bfa6e500c694d93d75b259d6f53a) Importer(815301076,1909f56bfc062723c751e8b465ee728b)
Start importing Assets/@MyAssets/Prefabs/Piezas/Puertas/DoorL_Car2Original.prefab using Guid(ce31bfa6e500c694d93d75b259d6f53a) Importer(815301076,1909f56bfc062723c751e8b465ee728b)  -> (artifact id: 'ddf2c7154084d73908c5943404431062') in 0.096990 seconds 
========================================================================
Received Import Request.
  Time since last request: 0.000022 seconds.
  path: Assets/@MyAssets/Prefabs/Piezas/Puertas/DoorR_Car1Original.prefab
  artifactKey: Guid(79d302d34ec103c43a68879b7bf90758) Importer(815301076,1909f56bfc062723c751e8b465ee728b)
Start importing Assets/@MyAssets/Prefabs/Piezas/Puertas/DoorR_Car1Original.prefab using Guid(79d302d34ec103c43a68879b7bf90758) Importer(815301076,1909f56bfc062723c751e8b465ee728b)  -> (artifact id: '40e3d2315994b8344110a86b1eca2089') in 0.080213 seconds 
========================================================================
Received Import Request.
  Time since last request: 6.881800 seconds.
  path: Assets/@MyAssets/Prefabs/Piezas/Puertas/DoorL_Car2Original.prefab
  artifactKey: Guid(ce31bfa6e500c694d93d75b259d6f53a) Importer(815301076,1909f56bfc062723c751e8b465ee728b)
Start importing Assets/@MyAssets/Prefabs/Piezas/Puertas/DoorL_Car2Original.prefab using Guid(ce31bfa6e500c694d93d75b259d6f53a) Importer(815301076,1909f56bfc062723c751e8b465ee728b)  -> (artifact id: '9a76d2b5d3903ca58ddb02965b1d7ebe') in 0.074446 seconds 
========================================================================
Received Import Request.
  Time since last request: 0.000026 seconds.
  path: Assets/@MyAssets/Prefabs/Piezas/Puertas/DoorR_Car1Original.prefab
  artifactKey: Guid(79d302d34ec103c43a68879b7bf90758) Importer(815301076,1909f56bfc062723c751e8b465ee728b)
Start importing Assets/@MyAssets/Prefabs/Piezas/Puertas/DoorR_Car1Original.prefab using Guid(79d302d34ec103c43a68879b7bf90758) Importer(815301076,1909f56bfc062723c751e8b465ee728b)  -> (artifact id: 'ee8d257586876ee927f3d9cfb6ccbdd9') in 0.078440 seconds 
========================================================================
Received Import Request.
  Time since last request: 11.604106 seconds.
  path: Assets/@MyAssets/Prefabs/Piezas/Puertas/DoorL_Car1Original.prefab
  artifactKey: Guid(cce41fbb41482184085f71b24207f649) Importer(815301076,1909f56bfc062723c751e8b465ee728b)
Start importing Assets/@MyAssets/Prefabs/Piezas/Puertas/DoorL_Car1Original.prefab using Guid(cce41fbb41482184085f71b24207f649) Importer(815301076,1909f56bfc062723c751e8b465ee728b)  -> (artifact id: '977c17261bad73e776463cb4d5cf27ef') in 0.074039 seconds 
========================================================================
Received Import Request.
  Time since last request: 0.000033 seconds.
  path: Assets/@MyAssets/Prefabs/Piezas/Puertas/DoorR_Car1Original.prefab
  artifactKey: Guid(79d302d34ec103c43a68879b7bf90758) Importer(815301076,1909f56bfc062723c751e8b465ee728b)
Start importing Assets/@MyAssets/Prefabs/Piezas/Puertas/DoorR_Car1Original.prefab using Guid(79d302d34ec103c43a68879b7bf90758) Importer(815301076,1909f56bfc062723c751e8b465ee728b)  -> (artifact id: '616dd46a315574e9ca5c378da4ae2400') in 0.073205 seconds 
========================================================================
Received Import Request.
  Time since last request: 7.649197 seconds.
  path: Assets/@MyAssets/Prefabs/Piezas/Puertas/DoorL_Car1Original.prefab
  artifactKey: Guid(cce41fbb41482184085f71b24207f649) Importer(815301076,1909f56bfc062723c751e8b465ee728b)
Start importing Assets/@MyAssets/Prefabs/Piezas/Puertas/DoorL_Car1Original.prefab using Guid(cce41fbb41482184085f71b24207f649) Importer(815301076,1909f56bfc062723c751e8b465ee728b)  -> (artifact id: '34d4eff07e4690a01ac42ae15d6a9e4b') in 0.076925 seconds 
========================================================================
Received Import Request.
  Time since last request: 0.000023 seconds.
  path: Assets/@MyAssets/Prefabs/Piezas/Puertas/DoorR_Car2Original.prefab
  artifactKey: Guid(3fd66c953c34aae45aaa5648ae69e419) Importer(815301076,1909f56bfc062723c751e8b465ee728b)
Start importing Assets/@MyAssets/Prefabs/Piezas/Puertas/DoorR_Car2Original.prefab using Guid(3fd66c953c34aae45aaa5648ae69e419) Importer(815301076,1909f56bfc062723c751e8b465ee728b)  -> (artifact id: '09fecf74f261b184ddad067ca15ce855') in 0.077896 seconds 
========================================================================
Received Import Request.
  Time since last request: 6.570906 seconds.
  path: Assets/@MyAssets/Prefabs/Piezas/Puertas/DoorL_Car1Original.prefab
  artifactKey: Guid(cce41fbb41482184085f71b24207f649) Importer(815301076,1909f56bfc062723c751e8b465ee728b)
Start importing Assets/@MyAssets/Prefabs/Piezas/Puertas/DoorL_Car1Original.prefab using Guid(cce41fbb41482184085f71b24207f649) Importer(815301076,1909f56bfc062723c751e8b465ee728b)  -> (artifact id: 'c7d81084d31d5396c9ba39044d4a564a') in 0.076388 seconds 
========================================================================
Received Import Request.
  Time since last request: 0.000024 seconds.
  path: Assets/@MyAssets/Prefabs/Piezas/Puertas/DoorR_Car1Original.prefab
  artifactKey: Guid(79d302d34ec103c43a68879b7bf90758) Importer(815301076,1909f56bfc062723c751e8b465ee728b)
Start importing Assets/@MyAssets/Prefabs/Piezas/Puertas/DoorR_Car1Original.prefab using Guid(79d302d34ec103c43a68879b7bf90758) Importer(815301076,1909f56bfc062723c751e8b465ee728b)  -> (artifact id: '3cd7e55c1020a4f03fdca2f20fa64549') in 0.081474 seconds 
========================================================================
Received Import Request.
  Time since last request: 37.707956 seconds.
  path: Assets/@MyAssets/Prefabs/Piezas/Ruedas/Wheel_Classic.prefab
  artifactKey: Guid(749e0718750e5f5469e0bfc5095503e9) Importer(815301076,1909f56bfc062723c751e8b465ee728b)
Start importing Assets/@MyAssets/Prefabs/Piezas/Ruedas/Wheel_Classic.prefab using Guid(749e0718750e5f5469e0bfc5095503e9) Importer(815301076,1909f56bfc062723c751e8b465ee728b)  -> (artifact id: 'ee1a5649d9ecbe3736913c31d34bd5cf') in 0.077512 seconds 
========================================================================
Received Import Request.
  Time since last request: 14.370984 seconds.
  path: Assets/@MyAssets/Prefabs/Piezas/Ruedas/Wheel_Classic.prefab
  artifactKey: Guid(749e0718750e5f5469e0bfc5095503e9) Importer(815301076,1909f56bfc062723c751e8b465ee728b)
Start importing Assets/@MyAssets/Prefabs/Piezas/Ruedas/Wheel_Classic.prefab using Guid(749e0718750e5f5469e0bfc5095503e9) Importer(815301076,1909f56bfc062723c751e8b465ee728b)  -> (artifact id: 'ba543f7634b22bd62760ccdd49ebd746') in 0.078382 seconds 
========================================================================
Received Import Request.
  Time since last request: 9.416681 seconds.
  path: Assets/@MyAssets/Prefabs/Piezas/Ruedas/Wheel_Classic.prefab
  artifactKey: Guid(749e0718750e5f5469e0bfc5095503e9) Importer(815301076,1909f56bfc062723c751e8b465ee728b)
Start importing Assets/@MyAssets/Prefabs/Piezas/Ruedas/Wheel_Classic.prefab using Guid(749e0718750e5f5469e0bfc5095503e9) Importer(815301076,1909f56bfc062723c751e8b465ee728b)  -> (artifact id: 'fe719fc4267f668b999c3eaff0124637') in 0.078447 seconds 
========================================================================
Received Import Request.
  Time since last request: 36.144973 seconds.
  path: Assets/@MyAssets/Prefabs/Piezas/Ruedas/Wheel_Classic.prefab
  artifactKey: Guid(749e0718750e5f5469e0bfc5095503e9) Importer(815301076,1909f56bfc062723c751e8b465ee728b)
Start importing Assets/@MyAssets/Prefabs/Piezas/Ruedas/Wheel_Classic.prefab using Guid(749e0718750e5f5469e0bfc5095503e9) Importer(815301076,1909f56bfc062723c751e8b465ee728b)  -> (artifact id: '31b5f5b060b107acf285d8d353cd0ae5') in 0.075537 seconds 
========================================================================
Received Import Request.
  Time since last request: 6.861150 seconds.
  path: Assets/@MyAssets/Prefabs/Piezas/Ruedas/Wheel_Classic.prefab
  artifactKey: Guid(749e0718750e5f5469e0bfc5095503e9) Importer(815301076,1909f56bfc062723c751e8b465ee728b)
Start importing Assets/@MyAssets/Prefabs/Piezas/Ruedas/Wheel_Classic.prefab using Guid(749e0718750e5f5469e0bfc5095503e9) Importer(815301076,1909f56bfc062723c751e8b465ee728b)  -> (artifact id: 'e92cf1782e64eb401c4a0aedcd6c32ae') in 0.081480 seconds 
========================================================================
Received Import Request.
  Time since last request: 52.222919 seconds.
  path: Assets/@MyAssets/Prefabs/Piezas/Ventanas/RearWindow_Car2Original.prefab
  artifactKey: Guid(3fe7086e67ff69243841da7a6463e697) Importer(815301076,1909f56bfc062723c751e8b465ee728b)
Start importing Assets/@MyAssets/Prefabs/Piezas/Ventanas/RearWindow_Car2Original.prefab using Guid(3fe7086e67ff69243841da7a6463e697) Importer(815301076,1909f56bfc062723c751e8b465ee728b)  -> (artifact id: '5b2d778924281a80be8c977baeed87e7') in 0.274400 seconds 
========================================================================
Received Import Request.
  Time since last request: 0.000035 seconds.
  path: Assets/@MyAssets/Prefabs/Piezas/Ventanas/Windshield_Car2Original.prefab
  artifactKey: Guid(f62698a456b477147b106916b4954a25) Importer(815301076,1909f56bfc062723c751e8b465ee728b)
Start importing Assets/@MyAssets/Prefabs/Piezas/Ventanas/Windshield_Car2Original.prefab using Guid(f62698a456b477147b106916b4954a25) Importer(815301076,1909f56bfc062723c751e8b465ee728b)  -> (artifact id: 'b2fe949079395fa52e708863499118ee') in 0.086320 seconds 
========================================================================
Received Import Request.
  Time since last request: 7.304939 seconds.
  path: Assets/@MyAssets/Prefabs/Piezas/Ventanas/SideWindow_Car1Original.prefab
  artifactKey: Guid(5c1250e45c4c7414e8267e02e73f230a) Importer(815301076,1909f56bfc062723c751e8b465ee728b)
Start importing Assets/@MyAssets/Prefabs/Piezas/Ventanas/SideWindow_Car1Original.prefab using Guid(5c1250e45c4c7414e8267e02e73f230a) Importer(815301076,1909f56bfc062723c751e8b465ee728b)  -> (artifact id: '0acf124429b890849f4305a8a7303c7e') in 0.082158 seconds 
========================================================================
Received Import Request.
  Time since last request: 0.000027 seconds.
  path: Assets/@MyAssets/Prefabs/Piezas/Ventanas/Windshield_Car1Original.prefab
  artifactKey: Guid(3ba2da46444dcc74a8fc2e1051a8caa9) Importer(815301076,1909f56bfc062723c751e8b465ee728b)
Start importing Assets/@MyAssets/Prefabs/Piezas/Ventanas/Windshield_Car1Original.prefab using Guid(3ba2da46444dcc74a8fc2e1051a8caa9) Importer(815301076,1909f56bfc062723c751e8b465ee728b)  -> (artifact id: '2d5e79f7df29e5bd04c0b8237c9e37d4') in 0.078291 seconds 
========================================================================
Received Import Request.
  Time since last request: 7.419263 seconds.
  path: Assets/@MyAssets/Prefabs/Piezas/Ventanas/SideWindow_Car1Original.prefab
  artifactKey: Guid(5c1250e45c4c7414e8267e02e73f230a) Importer(815301076,1909f56bfc062723c751e8b465ee728b)
Start importing Assets/@MyAssets/Prefabs/Piezas/Ventanas/SideWindow_Car1Original.prefab using Guid(5c1250e45c4c7414e8267e02e73f230a) Importer(815301076,1909f56bfc062723c751e8b465ee728b)  -> (artifact id: 'd9d63b30df0b1ebde2bd587dd94c4485') in 0.078897 seconds 
========================================================================
Received Import Request.
  Time since last request: 0.000024 seconds.
  path: Assets/@MyAssets/Prefabs/Piezas/Ventanas/Windshield_Car1Original.prefab
  artifactKey: Guid(3ba2da46444dcc74a8fc2e1051a8caa9) Importer(815301076,1909f56bfc062723c751e8b465ee728b)
Start importing Assets/@MyAssets/Prefabs/Piezas/Ventanas/Windshield_Car1Original.prefab using Guid(3ba2da46444dcc74a8fc2e1051a8caa9) Importer(815301076,1909f56bfc062723c751e8b465ee728b)  -> (artifact id: '668b563f15596704cb4a417a272dd0b7') in 0.077524 seconds 
========================================================================
Received Import Request.
  Time since last request: 4.276656 seconds.
  path: Assets/@MyAssets/Prefabs/Piezas/Ventanas/RearWindow_Car2Original.prefab
  artifactKey: Guid(3fe7086e67ff69243841da7a6463e697) Importer(815301076,1909f56bfc062723c751e8b465ee728b)
Start importing Assets/@MyAssets/Prefabs/Piezas/Ventanas/RearWindow_Car2Original.prefab using Guid(3fe7086e67ff69243841da7a6463e697) Importer(815301076,1909f56bfc062723c751e8b465ee728b)  -> (artifact id: 'aa9b0b7295563f84056240c82e0f04d4') in 0.080234 seconds 
========================================================================
Received Import Request.
  Time since last request: 0.000027 seconds.
  path: Assets/@MyAssets/Prefabs/Piezas/Ventanas/Windshield_Car1Original.prefab
  artifactKey: Guid(3ba2da46444dcc74a8fc2e1051a8caa9) Importer(815301076,1909f56bfc062723c751e8b465ee728b)
Start importing Assets/@MyAssets/Prefabs/Piezas/Ventanas/Windshield_Car1Original.prefab using Guid(3ba2da46444dcc74a8fc2e1051a8caa9) Importer(815301076,1909f56bfc062723c751e8b465ee728b)  -> (artifact id: '1ad3588d80f6b1efda80f3131f400908') in 0.075899 seconds 
========================================================================
Received Import Request.
  Time since last request: 8.418902 seconds.
  path: Assets/@MyAssets/Prefabs/Piezas/Ventanas/RearWindow_Car2Original.prefab
  artifactKey: Guid(3fe7086e67ff69243841da7a6463e697) Importer(815301076,1909f56bfc062723c751e8b465ee728b)
Start importing Assets/@MyAssets/Prefabs/Piezas/Ventanas/RearWindow_Car2Original.prefab using Guid(3fe7086e67ff69243841da7a6463e697) Importer(815301076,1909f56bfc062723c751e8b465ee728b)  -> (artifact id: 'e539cb25d1b4845ef84f84598c877afd') in 0.101777 seconds 
========================================================================
Received Import Request.
  Time since last request: 0.000028 seconds.
  path: Assets/@MyAssets/Prefabs/Piezas/Ventanas/SideWindow_Car1Original.prefab
  artifactKey: Guid(5c1250e45c4c7414e8267e02e73f230a) Importer(815301076,1909f56bfc062723c751e8b465ee728b)
Start importing Assets/@MyAssets/Prefabs/Piezas/Ventanas/SideWindow_Car1Original.prefab using Guid(5c1250e45c4c7414e8267e02e73f230a) Importer(815301076,1909f56bfc062723c751e8b465ee728b)  -> (artifact id: '4b7f1ddba66320b15947471e139ab94a') in 0.087759 seconds 
========================================================================
Received Import Request.
  Time since last request: 0.183157 seconds.
  path: Assets/@MyAssets/Prefabs/Piezas/Ventanas/RearWindow_Car2Original.prefab
  artifactKey: Guid(3fe7086e67ff69243841da7a6463e697) Importer(815301076,1909f56bfc062723c751e8b465ee728b)
Start importing Assets/@MyAssets/Prefabs/Piezas/Ventanas/RearWindow_Car2Original.prefab using Guid(3fe7086e67ff69243841da7a6463e697) Importer(815301076,1909f56bfc062723c751e8b465ee728b)  -> (artifact id: 'e0876ebeb8ce12a361900380e16cb21c') in 0.083795 seconds 
========================================================================
Received Import Request.
  Time since last request: 7.445989 seconds.
  path: Assets/@MyAssets/Prefabs/Piezas/Ventanas/RearWindow_Car2Original.prefab
  artifactKey: Guid(3fe7086e67ff69243841da7a6463e697) Importer(815301076,1909f56bfc062723c751e8b465ee728b)
Start importing Assets/@MyAssets/Prefabs/Piezas/Ventanas/RearWindow_Car2Original.prefab using Guid(3fe7086e67ff69243841da7a6463e697) Importer(815301076,1909f56bfc062723c751e8b465ee728b)  -> (artifact id: '32e94a4a2c6daa4232ce5c733b2018d5') in 0.083537 seconds 
Editor requested this worker to shutdown with reason: Scaling down because of idle timeout
AssetImportWorker is now disconnected from the server
Process exiting
Exiting without the bug reporter. Application will terminate with return code 0