Using pre-set license
Built from '2021.3/staging' branch; Version is '2021.3.9f1 (ad3870b89536) revision 11352176'; Using compiler version '192829333'; Build Type 'Release'
OS: 'Windows 10  (10.0.19045) 64bit Core' Language: 'es' Physical Memory: 16180 MB
BatchMode: 1, IsHumanControllingUs: 0, StartBugReporterOnCrash: 0, Is64bit: 1, IsPro: 1

COMMAND LINE ARGUMENTS:
C:\Program Files\Unity\Hub\Editor\2021.3.9f1\Editor\Unity.exe
-adb2
-batchMode
-noUpm
-name
AssetImportWorker3
-projectPath
C:/Users/usuario/Documents/GitHub/TallerCochesVR
-logFile
Logs/AssetImportWorker3.log
-srvPort
53986
Successfully changed project path to: C:/Users/usuario/Documents/GitHub/TallerCochesVR
C:/Users/usuario/Documents/GitHub/TallerCochesVR
[UnityMemory] Configuration Parameters - Can be set up in boot.config
    "memorysetup-bucket-allocator-granularity=16"
    "memorysetup-bucket-allocator-bucket-count=8"
    "memorysetup-bucket-allocator-block-size=33554432"
    "memorysetup-bucket-allocator-block-count=8"
    "memorysetup-main-allocator-block-size=16777216"
    "memorysetup-thread-allocator-block-size=16777216"
    "memorysetup-gfx-main-allocator-block-size=16777216"
    "memorysetup-gfx-thread-allocator-block-size=16777216"
    "memorysetup-cache-allocator-block-size=4194304"
    "memorysetup-typetree-allocator-block-size=2097152"
    "memorysetup-profiler-bucket-allocator-granularity=16"
    "memorysetup-profiler-bucket-allocator-bucket-count=8"
    "memorysetup-profiler-bucket-allocator-block-size=33554432"
    "memorysetup-profiler-bucket-allocator-block-count=8"
    "memorysetup-profiler-allocator-block-size=16777216"
    "memorysetup-profiler-editor-allocator-block-size=1048576"
    "memorysetup-temp-allocator-size-main=16777216"
    "memorysetup-job-temp-allocator-block-size=2097152"
    "memorysetup-job-temp-allocator-block-size-background=1048576"
    "memorysetup-job-temp-allocator-reduction-small-platforms=262144"
    "memorysetup-temp-allocator-size-background-worker=32768"
    "memorysetup-temp-allocator-size-job-worker=262144"
    "memorysetup-temp-allocator-size-preload-manager=33554432"
    "memorysetup-temp-allocator-size-nav-mesh-worker=65536"
    "memorysetup-temp-allocator-size-audio-worker=65536"
    "memorysetup-temp-allocator-size-cloud-worker=32768"
    "memorysetup-temp-allocator-size-gi-baking-worker=262144"
    "memorysetup-temp-allocator-size-gfx=262144"
Refreshing native plugins compatible for Editor in 108.14 ms, found 3 plugins.
Preloading 0 native plugins for Editor in 0.00 ms.
Initialize engine version: 2021.3.9f1 (ad3870b89536)
[Subsystems] Discovering subsystems at path C:/Program Files/Unity/Hub/Editor/2021.3.9f1/Editor/Data/Resources/UnitySubsystems
[Subsystems] Discovering subsystems at path C:/Users/usuario/Documents/GitHub/TallerCochesVR/Assets
GfxDevice: creating device client; threaded=0; jobified=0
Direct3D:
    Version:  Direct3D 11.0 [level 11.1]
    Renderer: NVIDIA GeForce RTX 3060 (ID=0x2504)
    Vendor:   NVIDIA
    VRAM:     12129 MB
    Driver:   31.0.15.3623
Initialize mono
Mono path[0] = 'C:/Program Files/Unity/Hub/Editor/2021.3.9f1/Editor/Data/Managed'
Mono path[1] = 'C:/Program Files/Unity/Hub/Editor/2021.3.9f1/Editor/Data/MonoBleedingEdge/lib/mono/unityjit-win32'
Mono config path = 'C:/Program Files/Unity/Hub/Editor/2021.3.9f1/Editor/Data/MonoBleedingEdge/etc'
Using monoOptions --debugger-agent=transport=dt_socket,embedding=1,server=y,suspend=n,address=127.0.0.1:56348
Begin MonoManager ReloadAssembly
Registering precompiled unity dll's ...
Register platform support module: C:/Program Files/Unity/Hub/Editor/2021.3.9f1/Editor/Data/PlaybackEngines/AndroidPlayer/UnityEditor.Android.Extensions.dll
Register platform support module: C:/Program Files/Unity/Hub/Editor/2021.3.9f1/Editor/Data/PlaybackEngines/WindowsStandaloneSupport/UnityEditor.WindowsStandalone.Extensions.dll
Registered in 0.011072 seconds.
Native extension for WindowsStandalone target not found
Native extension for Android target not found
Refreshing native plugins compatible for Editor in 83.56 ms, found 3 plugins.
Preloading 0 native plugins for Editor in 0.00 ms.
Mono: successfully reloaded assembly
- Completed reload, in  0.613 seconds
Domain Reload Profiling:
	ReloadAssembly (613ms)
		BeginReloadAssembly (83ms)
			ExecutionOrderSort (0ms)
			DisableScriptedObjects (0ms)
			BackupInstance (0ms)
			ReleaseScriptingObjects (0ms)
			CreateAndSetChildDomain (1ms)
		EndReloadAssembly (402ms)
			LoadAssemblies (80ms)
			RebuildTransferFunctionScriptingTraits (0ms)
			SetupTypeCache (99ms)
			ReleaseScriptCaches (0ms)
			RebuildScriptCaches (19ms)
			SetupLoadedEditorAssemblies (240ms)
				LogAssemblyErrors (0ms)
				InitializePlatformSupportModulesInManaged (49ms)
				SetLoadedEditorAssemblies (0ms)
				RefreshPlugins (84ms)
				BeforeProcessingInitializeOnLoad (1ms)
				ProcessInitializeOnLoadAttributes (73ms)
				ProcessInitializeOnLoadMethodAttributes (33ms)
				AfterProcessingInitializeOnLoad (0ms)
				EditorAssembliesLoaded (0ms)
			ExecutionOrderSort2 (0ms)
			AwakeInstancesAfterBackupRestoration (0ms)
Platform modules already initialized, skipping
Registering precompiled user dll's ...
Registered in 0.007967 seconds.
Begin MonoManager ReloadAssembly
Symbol file LoadedFromMemory doesn't match image C:\Users\usuario\Documents\GitHub\TallerCochesVR\Library\PackageCache\com.unity.visualscripting@1.7.8\Editor\VisualScripting.Core\Dependencies\YamlDotNet\Unity.VisualScripting.YamlDotNet.dll
Symbol file LoadedFromMemory doesn't match image C:\Users\usuario\Documents\GitHub\TallerCochesVR\Library\PackageCache\com.unity.visualscripting@1.7.8\Editor\VisualScripting.Core\Dependencies\DotNetZip\Unity.VisualScripting.IonicZip.dll
Native extension for WindowsStandalone target not found
Native extension for Android target not found
Refreshing native plugins compatible for Editor in 79.74 ms, found 3 plugins.
Preloading 0 native plugins for Editor in 0.00 ms.
Mono: successfully reloaded assembly
- Completed reload, in  1.114 seconds
Domain Reload Profiling:
	ReloadAssembly (1114ms)
		BeginReloadAssembly (195ms)
			ExecutionOrderSort (0ms)
			DisableScriptedObjects (5ms)
			BackupInstance (0ms)
			ReleaseScriptingObjects (0ms)
			CreateAndSetChildDomain (119ms)
		EndReloadAssembly (821ms)
			LoadAssemblies (85ms)
			RebuildTransferFunctionScriptingTraits (0ms)
			SetupTypeCache (207ms)
			ReleaseScriptCaches (1ms)
			RebuildScriptCaches (43ms)
			SetupLoadedEditorAssemblies (454ms)
				LogAssemblyErrors (0ms)
				InitializePlatformSupportModulesInManaged (12ms)
				SetLoadedEditorAssemblies (0ms)
				RefreshPlugins (80ms)
				BeforeProcessingInitializeOnLoad (92ms)
				ProcessInitializeOnLoadAttributes (198ms)
				ProcessInitializeOnLoadMethodAttributes (64ms)
				AfterProcessingInitializeOnLoad (8ms)
				EditorAssembliesLoaded (0ms)
			ExecutionOrderSort2 (0ms)
			AwakeInstancesAfterBackupRestoration (5ms)
Platform modules already initialized, skipping
========================================================================
Worker process is ready to serve import requests
Launched and connected shader compiler UnityShaderCompiler.exe after 0.03 seconds
Refreshing native plugins compatible for Editor in 1.70 ms, found 3 plugins.
Preloading 0 native plugins for Editor in 0.00 ms.
Unloading 5045 Unused Serialized files (Serialized files now loaded: 0)
Unloading 44 unused Assets / (1.1 MB). Loaded Objects now: 5489.
Memory consumption went from 198.6 MB to 197.5 MB.
Total: 6.839700 ms (FindLiveObjects: 1.042900 ms CreateObjectMapping: 0.329400 ms MarkObjects: 4.864900 ms  DeleteObjects: 0.600600 ms)

AssetImportParameters requested are different than current active one (requested -> active):
  custom:video-decoder-ogg-theora: a1e56fd34408186e4bbccfd4996cb3dc -> 
  custom:container-muxer-webm: aa71ff27fc2769a1b78a27578f13a17b -> 
  custom:container-demuxer-webm: 4f35f7cbe854078d1ac9338744f61a02 -> 
  custom:video-encoder-webm-vp8: eb34c28f22e8b96e1ab97ce403110664 -> 
  custom:audio-encoder-webm-vorbis: bf7c407c2cedff20999df2af8eb42d56 -> 
  custom:framework-win-MediaFoundation: 216162199b28c13a410421893ffa2e32 -> 
  custom:container-demuxer-ogg: 62fdf1f143b41e24485cea50d1cbac27 -> 
  custom:video-decoder-webm-vp8: 9c59270c3fd7afecdb556c50c9e8de78 -> 
  custom:audio-decoder-ogg-vorbis: bf7c407c2cedff20999df2af8eb42d56 -> 
========================================================================
Received Import Request.
  Time since last request: 215087.717184 seconds.
  path: Assets/@MyAssets/Avatares/H19.png
  artifactKey: Guid(6ca4102c92ff80b48ad9c04814171653) Importer(815301076,1909f56bfc062723c751e8b465ee728b)
Start importing Assets/@MyAssets/Avatares/H19.png using Guid(6ca4102c92ff80b48ad9c04814171653) Importer(815301076,1909f56bfc062723c751e8b465ee728b)  -> (artifact id: '12f098dd7f8a57bb1b949f2c38e7830e') in 0.102072 seconds 
========================================================================
Received Import Request.
  Time since last request: 0.000025 seconds.
  path: Assets/@MyAssets/Avatares/M18.png
  artifactKey: Guid(c0341f90b35cc0a488c3e5c041ab6df9) Importer(815301076,1909f56bfc062723c751e8b465ee728b)
Start importing Assets/@MyAssets/Avatares/M18.png using Guid(c0341f90b35cc0a488c3e5c041ab6df9) Importer(815301076,1909f56bfc062723c751e8b465ee728b)  -> (artifact id: 'd76a4190ea6c610c466f4a7ea829d73e') in 0.042001 seconds 
========================================================================
Received Import Request.
  Time since last request: 0.000027 seconds.
  path: Assets/@MyAssets/Avatares/M11.png
  artifactKey: Guid(b57e8e007013aa843b64ee1bc70dd6ce) Importer(815301076,1909f56bfc062723c751e8b465ee728b)
Start importing Assets/@MyAssets/Avatares/M11.png using Guid(b57e8e007013aa843b64ee1bc70dd6ce) Importer(815301076,1909f56bfc062723c751e8b465ee728b)  -> (artifact id: '70637461143e943ab36ac8f21433e927') in 0.012854 seconds 
========================================================================
Received Import Request.
  Time since last request: 0.000034 seconds.
  path: Assets/@MyAssets/Avatares/M10.png
  artifactKey: Guid(73fe3af8db2e2494d87946a8767eb520) Importer(815301076,1909f56bfc062723c751e8b465ee728b)
Start importing Assets/@MyAssets/Avatares/M10.png using Guid(73fe3af8db2e2494d87946a8767eb520) Importer(815301076,1909f56bfc062723c751e8b465ee728b)  -> (artifact id: '011ea8041a893ac6ccb3b8bbf9301b6c') in 0.014125 seconds 
========================================================================
Received Import Request.
  Time since last request: 0.000029 seconds.
  path: Assets/@MyAssets/Avatares/M25.png
  artifactKey: Guid(1762b70f83b816e45aaa28b99d4b0419) Importer(815301076,1909f56bfc062723c751e8b465ee728b)
Start importing Assets/@MyAssets/Avatares/M25.png using Guid(1762b70f83b816e45aaa28b99d4b0419) Importer(815301076,1909f56bfc062723c751e8b465ee728b)  -> (artifact id: 'b569b70cfb5efb8f17c66351b99a37e4') in 0.013237 seconds 
========================================================================
Received Import Request.
  Time since last request: 0.000027 seconds.
  path: Assets/@MyAssets/Avatares/H27.png
  artifactKey: Guid(5d33bdcbfe540944f8e38f84d66161e4) Importer(815301076,1909f56bfc062723c751e8b465ee728b)
Start importing Assets/@MyAssets/Avatares/H27.png using Guid(5d33bdcbfe540944f8e38f84d66161e4) Importer(815301076,1909f56bfc062723c751e8b465ee728b)  -> (artifact id: 'd6325d4261c7796b1937b959fb2a6b91') in 0.013601 seconds 
========================================================================
Received Import Request.
  Time since last request: 0.000021 seconds.
  path: Assets/@MyAssets/Avatares/M28.png
  artifactKey: Guid(3c9571a81446a974d86911a333efd81f) Importer(815301076,1909f56bfc062723c751e8b465ee728b)
Start importing Assets/@MyAssets/Avatares/M28.png using Guid(3c9571a81446a974d86911a333efd81f) Importer(815301076,1909f56bfc062723c751e8b465ee728b)  -> (artifact id: '48fbf10c6288e8c1d818a86dcaaadb05') in 0.011651 seconds 
========================================================================
Received Import Request.
  Time since last request: 0.000031 seconds.
  path: Assets/@MyAssets/Avatares/M16.png
  artifactKey: Guid(591c20687db54ce47afc6d0ae86d227f) Importer(815301076,1909f56bfc062723c751e8b465ee728b)
Start importing Assets/@MyAssets/Avatares/M16.png using Guid(591c20687db54ce47afc6d0ae86d227f) Importer(815301076,1909f56bfc062723c751e8b465ee728b)  -> (artifact id: '0e66742139b709f7c645e05bea1fd0a3') in 0.012061 seconds 
========================================================================
Received Import Request.
  Time since last request: 0.000029 seconds.
  path: Assets/@MyAssets/Avatares/M23.png
  artifactKey: Guid(a766f5fd91c51074bb6b0e6d70ed3d31) Importer(815301076,1909f56bfc062723c751e8b465ee728b)
Start importing Assets/@MyAssets/Avatares/M23.png using Guid(a766f5fd91c51074bb6b0e6d70ed3d31) Importer(815301076,1909f56bfc062723c751e8b465ee728b)  -> (artifact id: 'ebec6111baeb3bc342f9dd1a1c7bc0a0') in 0.016384 seconds 
========================================================================
Received Import Request.
  Time since last request: 0.000022 seconds.
  path: Assets/@MyAssets/Avatares/H28.png
  artifactKey: Guid(df36d00ffaaa857409ec5a8808156d25) Importer(815301076,1909f56bfc062723c751e8b465ee728b)
Start importing Assets/@MyAssets/Avatares/H28.png using Guid(df36d00ffaaa857409ec5a8808156d25) Importer(815301076,1909f56bfc062723c751e8b465ee728b)  -> (artifact id: '287b4477e64863fc17200c4d86963e00') in 0.010225 seconds 
========================================================================
Received Import Request.
  Time since last request: 1.324149 seconds.
  path: Assets/@MyAssets/Avatares/H4.png
  artifactKey: Guid(2c63debe9964d014e968453d8b6beeab) Importer(815301076,1909f56bfc062723c751e8b465ee728b)
Start importing Assets/@MyAssets/Avatares/H4.png using Guid(2c63debe9964d014e968453d8b6beeab) Importer(815301076,1909f56bfc062723c751e8b465ee728b)  -> (artifact id: '26205e7190e936f2468ba70804d92f96') in 0.013064 seconds 
========================================================================
Received Import Request.
  Time since last request: 0.000024 seconds.
  path: Assets/@MyAssets/Avatares/H8.png
  artifactKey: Guid(083069dec25c7714788e56905e1238da) Importer(815301076,1909f56bfc062723c751e8b465ee728b)
Start importing Assets/@MyAssets/Avatares/H8.png using Guid(083069dec25c7714788e56905e1238da) Importer(815301076,1909f56bfc062723c751e8b465ee728b)  -> (artifact id: 'c6cf6fd00c15858544d9c5bb175ccc05') in 0.015497 seconds 
========================================================================
Received Import Request.
  Time since last request: 0.000021 seconds.
  path: Assets/@MyAssets/Avatares/H10.png
  artifactKey: Guid(569ee906e544b084fae9c4bf1b325cb3) Importer(815301076,1909f56bfc062723c751e8b465ee728b)
Start importing Assets/@MyAssets/Avatares/H10.png using Guid(569ee906e544b084fae9c4bf1b325cb3) Importer(815301076,1909f56bfc062723c751e8b465ee728b)  -> (artifact id: '18ff31d42f383820d0154fa61fb5866e') in 0.014882 seconds 
========================================================================
Received Import Request.
  Time since last request: 0.000027 seconds.
  path: Assets/@MyAssets/Avatares/H15.png
  artifactKey: Guid(f5036d41198250d4084373ddca96063a) Importer(815301076,1909f56bfc062723c751e8b465ee728b)
Start importing Assets/@MyAssets/Avatares/H15.png using Guid(f5036d41198250d4084373ddca96063a) Importer(815301076,1909f56bfc062723c751e8b465ee728b)  -> (artifact id: '67c790e3794959310cc6accac5fb157e') in 0.012173 seconds 
